{"/Users/ross/Developer/workspace/stylus-lint/test/test.js":{"path":"/Users/ross/Developer/workspace/stylus-lint/test/test.js","s":{"1":1,"2":1,"3":1,"4":1,"5":1,"6":1,"7":1,"8":1,"9":1,"10":1,"11":1,"12":1,"13":1,"14":1,"15":1,"16":1,"17":1,"18":1,"19":1,"20":1,"21":1,"22":1,"23":1,"24":1,"25":1,"26":1,"27":1,"28":1,"29":1,"30":1,"31":1,"32":1,"33":1,"34":1,"35":1,"36":1,"37":1,"38":1,"39":1,"40":1,"41":1,"42":1,"43":1,"44":1,"45":1,"46":1,"47":1,"48":1,"49":1,"50":1,"51":1,"52":1,"53":1,"54":1,"55":1,"56":1,"57":1,"58":1,"59":1,"60":1,"61":1,"62":1,"63":1,"64":1,"65":1,"66":1,"67":1,"68":1,"69":1,"70":1,"71":1,"72":1,"73":1,"74":1,"75":1,"76":1,"77":1,"78":1,"79":1,"80":1,"81":1,"82":1,"83":1,"84":1,"85":1,"86":1,"87":1,"88":1,"89":1,"90":1,"91":1,"92":1,"93":1,"94":1,"95":1,"96":1,"97":1,"98":1,"99":1,"100":1,"101":1,"102":1,"103":1,"104":1,"105":1,"106":1,"107":1,"108":1,"109":1,"110":1,"111":1,"112":1,"113":1,"114":1,"115":1,"116":1,"117":1,"118":1,"119":1,"120":1,"121":1,"122":1,"123":1,"124":1,"125":1,"126":1,"127":1,"128":1,"129":1,"130":1,"131":1},"b":{},"f":{"1":1,"2":1,"3":1,"4":1,"5":1,"6":1,"7":1,"8":1,"9":1,"10":1,"11":1,"12":1,"13":1,"14":1,"15":1,"16":1,"17":1,"18":1,"19":1,"20":1,"21":1,"22":1,"23":1,"24":1,"25":1,"26":1,"27":1,"28":1,"29":1,"30":1,"31":1,"32":1,"33":1,"34":1,"35":1,"36":1,"37":1,"38":1,"39":1,"40":1,"41":1,"42":1,"43":1,"44":1},"fnMap":{"1":{"name":"(anonymous_1)","line":25,"loc":{"start":{"line":25,"column":34},"end":{"line":25,"column":45}}},"2":{"name":"(anonymous_2)","line":27,"loc":{"start":{"line":27,"column":34},"end":{"line":27,"column":45}}},"3":{"name":"(anonymous_3)","line":28,"loc":{"start":{"line":28,"column":37},"end":{"line":28,"column":48}}},"4":{"name":"(anonymous_4)","line":39,"loc":{"start":{"line":39,"column":34},"end":{"line":39,"column":45}}},"5":{"name":"(anonymous_5)","line":41,"loc":{"start":{"line":41,"column":28},"end":{"line":41,"column":39}}},"6":{"name":"(anonymous_6)","line":42,"loc":{"start":{"line":42,"column":79},"end":{"line":42,"column":90}}},"7":{"name":"(anonymous_7)","line":51,"loc":{"start":{"line":51,"column":28},"end":{"line":51,"column":39}}},"8":{"name":"(anonymous_8)","line":52,"loc":{"start":{"line":52,"column":79},"end":{"line":52,"column":90}}},"9":{"name":"(anonymous_9)","line":59,"loc":{"start":{"line":59,"column":28},"end":{"line":59,"column":39}}},"10":{"name":"(anonymous_10)","line":60,"loc":{"start":{"line":60,"column":72},"end":{"line":60,"column":83}}},"11":{"name":"(anonymous_11)","line":69,"loc":{"start":{"line":69,"column":36},"end":{"line":69,"column":47}}},"12":{"name":"(anonymous_12)","line":70,"loc":{"start":{"line":70,"column":75},"end":{"line":70,"column":86}}},"13":{"name":"(anonymous_13)","line":78,"loc":{"start":{"line":78,"column":30},"end":{"line":78,"column":41}}},"14":{"name":"(anonymous_14)","line":79,"loc":{"start":{"line":79,"column":83},"end":{"line":79,"column":94}}},"15":{"name":"(anonymous_15)","line":88,"loc":{"start":{"line":88,"column":28},"end":{"line":88,"column":39}}},"16":{"name":"(anonymous_16)","line":89,"loc":{"start":{"line":89,"column":70},"end":{"line":89,"column":81}}},"17":{"name":"(anonymous_17)","line":95,"loc":{"start":{"line":95,"column":28},"end":{"line":95,"column":39}}},"18":{"name":"(anonymous_18)","line":96,"loc":{"start":{"line":96,"column":63},"end":{"line":96,"column":74}}},"19":{"name":"(anonymous_19)","line":102,"loc":{"start":{"line":102,"column":28},"end":{"line":102,"column":39}}},"20":{"name":"(anonymous_20)","line":103,"loc":{"start":{"line":103,"column":64},"end":{"line":103,"column":75}}},"21":{"name":"(anonymous_21)","line":110,"loc":{"start":{"line":110,"column":26},"end":{"line":110,"column":37}}},"22":{"name":"(anonymous_22)","line":111,"loc":{"start":{"line":111,"column":70},"end":{"line":111,"column":81}}},"23":{"name":"(anonymous_23)","line":119,"loc":{"start":{"line":119,"column":30},"end":{"line":119,"column":41}}},"24":{"name":"(anonymous_24)","line":120,"loc":{"start":{"line":120,"column":67},"end":{"line":120,"column":78}}},"25":{"name":"(anonymous_25)","line":129,"loc":{"start":{"line":129,"column":27},"end":{"line":129,"column":38}}},"26":{"name":"(anonymous_26)","line":130,"loc":{"start":{"line":130,"column":72},"end":{"line":130,"column":83}}},"27":{"name":"(anonymous_27)","line":139,"loc":{"start":{"line":139,"column":25},"end":{"line":139,"column":36}}},"28":{"name":"(anonymous_28)","line":140,"loc":{"start":{"line":140,"column":77},"end":{"line":140,"column":88}}},"29":{"name":"(anonymous_29)","line":151,"loc":{"start":{"line":151,"column":29},"end":{"line":151,"column":40}}},"30":{"name":"(anonymous_30)","line":152,"loc":{"start":{"line":152,"column":103},"end":{"line":152,"column":114}}},"31":{"name":"(anonymous_31)","line":161,"loc":{"start":{"line":161,"column":28},"end":{"line":161,"column":39}}},"32":{"name":"(anonymous_32)","line":162,"loc":{"start":{"line":162,"column":74},"end":{"line":162,"column":85}}},"33":{"name":"(anonymous_33)","line":169,"loc":{"start":{"line":169,"column":24},"end":{"line":169,"column":35}}},"34":{"name":"(anonymous_34)","line":170,"loc":{"start":{"line":170,"column":65},"end":{"line":170,"column":76}}},"35":{"name":"(anonymous_35)","line":181,"loc":{"start":{"line":181,"column":30},"end":{"line":181,"column":41}}},"36":{"name":"(anonymous_36)","line":182,"loc":{"start":{"line":182,"column":51},"end":{"line":182,"column":62}}},"37":{"name":"(anonymous_37)","line":188,"loc":{"start":{"line":188,"column":34},"end":{"line":188,"column":45}}},"38":{"name":"(anonymous_38)","line":189,"loc":{"start":{"line":189,"column":75},"end":{"line":189,"column":86}}},"39":{"name":"(anonymous_39)","line":196,"loc":{"start":{"line":196,"column":26},"end":{"line":196,"column":37}}},"40":{"name":"(anonymous_40)","line":197,"loc":{"start":{"line":197,"column":56},"end":{"line":197,"column":67}}},"41":{"name":"(anonymous_41)","line":203,"loc":{"start":{"line":203,"column":35},"end":{"line":203,"column":46}}},"42":{"name":"(anonymous_42)","line":204,"loc":{"start":{"line":204,"column":48},"end":{"line":204,"column":59}}},"43":{"name":"(anonymous_43)","line":216,"loc":{"start":{"line":216,"column":80},"end":{"line":216,"column":91}}},"44":{"name":"(anonymous_44)","line":217,"loc":{"start":{"line":217,"column":62},"end":{"line":217,"column":73}}}},"statementMap":{"1":{"start":{"line":1,"column":0},"end":{"line":23,"column":69}},"2":{"start":{"line":25,"column":0},"end":{"line":37,"column":3}},"3":{"start":{"line":27,"column":4},"end":{"line":36,"column":7}},"4":{"start":{"line":28,"column":8},"end":{"line":35,"column":11}},"5":{"start":{"line":29,"column":12},"end":{"line":29,"column":32}},"6":{"start":{"line":39,"column":0},"end":{"line":230,"column":3}},"7":{"start":{"line":41,"column":4},"end":{"line":49,"column":7}},"8":{"start":{"line":42,"column":8},"end":{"line":48,"column":11}},"9":{"start":{"line":43,"column":12},"end":{"line":43,"column":67}},"10":{"start":{"line":44,"column":12},"end":{"line":44,"column":66}},"11":{"start":{"line":45,"column":12},"end":{"line":45,"column":72}},"12":{"start":{"line":46,"column":12},"end":{"line":46,"column":73}},"13":{"start":{"line":47,"column":12},"end":{"line":47,"column":69}},"14":{"start":{"line":51,"column":4},"end":{"line":57,"column":7}},"15":{"start":{"line":52,"column":8},"end":{"line":56,"column":11}},"16":{"start":{"line":53,"column":12},"end":{"line":53,"column":63}},"17":{"start":{"line":54,"column":12},"end":{"line":54,"column":65}},"18":{"start":{"line":55,"column":12},"end":{"line":55,"column":67}},"19":{"start":{"line":59,"column":4},"end":{"line":67,"column":7}},"20":{"start":{"line":60,"column":8},"end":{"line":66,"column":11}},"21":{"start":{"line":61,"column":12},"end":{"line":61,"column":71}},"22":{"start":{"line":62,"column":12},"end":{"line":62,"column":55}},"23":{"start":{"line":63,"column":12},"end":{"line":63,"column":69}},"24":{"start":{"line":64,"column":12},"end":{"line":64,"column":70}},"25":{"start":{"line":65,"column":12},"end":{"line":65,"column":56}},"26":{"start":{"line":69,"column":4},"end":{"line":76,"column":7}},"27":{"start":{"line":70,"column":8},"end":{"line":75,"column":11}},"28":{"start":{"line":71,"column":12},"end":{"line":71,"column":77}},"29":{"start":{"line":72,"column":12},"end":{"line":72,"column":62}},"30":{"start":{"line":73,"column":12},"end":{"line":73,"column":64}},"31":{"start":{"line":74,"column":12},"end":{"line":74,"column":82}},"32":{"start":{"line":78,"column":4},"end":{"line":86,"column":7}},"33":{"start":{"line":79,"column":8},"end":{"line":85,"column":11}},"34":{"start":{"line":80,"column":12},"end":{"line":80,"column":65}},"35":{"start":{"line":81,"column":12},"end":{"line":81,"column":79}},"36":{"start":{"line":82,"column":12},"end":{"line":82,"column":79}},"37":{"start":{"line":83,"column":12},"end":{"line":83,"column":65}},"38":{"start":{"line":84,"column":12},"end":{"line":84,"column":83}},"39":{"start":{"line":88,"column":4},"end":{"line":93,"column":7}},"40":{"start":{"line":89,"column":8},"end":{"line":92,"column":11}},"41":{"start":{"line":90,"column":12},"end":{"line":90,"column":68}},"42":{"start":{"line":91,"column":12},"end":{"line":91,"column":68}},"43":{"start":{"line":95,"column":4},"end":{"line":100,"column":7}},"44":{"start":{"line":96,"column":8},"end":{"line":99,"column":11}},"45":{"start":{"line":97,"column":12},"end":{"line":97,"column":65}},"46":{"start":{"line":98,"column":12},"end":{"line":98,"column":65}},"47":{"start":{"line":102,"column":4},"end":{"line":108,"column":7}},"48":{"start":{"line":103,"column":8},"end":{"line":107,"column":11}},"49":{"start":{"line":104,"column":12},"end":{"line":104,"column":67}},"50":{"start":{"line":105,"column":12},"end":{"line":105,"column":74}},"51":{"start":{"line":106,"column":12},"end":{"line":106,"column":55}},"52":{"start":{"line":110,"column":4},"end":{"line":117,"column":7}},"53":{"start":{"line":111,"column":8},"end":{"line":116,"column":11}},"54":{"start":{"line":112,"column":12},"end":{"line":112,"column":63}},"55":{"start":{"line":113,"column":12},"end":{"line":113,"column":61}},"56":{"start":{"line":114,"column":12},"end":{"line":114,"column":59}},"57":{"start":{"line":115,"column":12},"end":{"line":115,"column":61}},"58":{"start":{"line":119,"column":4},"end":{"line":127,"column":7}},"59":{"start":{"line":120,"column":8},"end":{"line":126,"column":11}},"60":{"start":{"line":121,"column":12},"end":{"line":121,"column":93}},"61":{"start":{"line":122,"column":12},"end":{"line":122,"column":93}},"62":{"start":{"line":123,"column":12},"end":{"line":123,"column":91}},"63":{"start":{"line":124,"column":12},"end":{"line":124,"column":93}},"64":{"start":{"line":125,"column":12},"end":{"line":125,"column":70}},"65":{"start":{"line":129,"column":4},"end":{"line":137,"column":7}},"66":{"start":{"line":130,"column":8},"end":{"line":136,"column":11}},"67":{"start":{"line":131,"column":12},"end":{"line":131,"column":60}},"68":{"start":{"line":132,"column":12},"end":{"line":132,"column":66}},"69":{"start":{"line":133,"column":12},"end":{"line":133,"column":75}},"70":{"start":{"line":134,"column":12},"end":{"line":134,"column":60}},"71":{"start":{"line":135,"column":12},"end":{"line":135,"column":61}},"72":{"start":{"line":139,"column":4},"end":{"line":149,"column":7}},"73":{"start":{"line":140,"column":8},"end":{"line":148,"column":11}},"74":{"start":{"line":141,"column":12},"end":{"line":141,"column":64}},"75":{"start":{"line":142,"column":12},"end":{"line":142,"column":66}},"76":{"start":{"line":143,"column":12},"end":{"line":143,"column":65}},"77":{"start":{"line":144,"column":12},"end":{"line":144,"column":67}},"78":{"start":{"line":145,"column":12},"end":{"line":145,"column":58}},"79":{"start":{"line":146,"column":12},"end":{"line":146,"column":56}},"80":{"start":{"line":147,"column":12},"end":{"line":147,"column":60}},"81":{"start":{"line":151,"column":4},"end":{"line":159,"column":7}},"82":{"start":{"line":152,"column":8},"end":{"line":158,"column":11}},"83":{"start":{"line":153,"column":12},"end":{"line":153,"column":71}},"84":{"start":{"line":154,"column":12},"end":{"line":154,"column":68}},"85":{"start":{"line":155,"column":12},"end":{"line":155,"column":71}},"86":{"start":{"line":156,"column":12},"end":{"line":156,"column":68}},"87":{"start":{"line":157,"column":12},"end":{"line":157,"column":66}},"88":{"start":{"line":161,"column":4},"end":{"line":167,"column":7}},"89":{"start":{"line":162,"column":8},"end":{"line":166,"column":11}},"90":{"start":{"line":163,"column":12},"end":{"line":163,"column":80}},"91":{"start":{"line":164,"column":12},"end":{"line":164,"column":81}},"92":{"start":{"line":165,"column":12},"end":{"line":165,"column":72}},"93":{"start":{"line":169,"column":4},"end":{"line":179,"column":7}},"94":{"start":{"line":170,"column":8},"end":{"line":178,"column":11}},"95":{"start":{"line":171,"column":12},"end":{"line":171,"column":65}},"96":{"start":{"line":172,"column":12},"end":{"line":172,"column":68}},"97":{"start":{"line":173,"column":12},"end":{"line":173,"column":74}},"98":{"start":{"line":174,"column":12},"end":{"line":174,"column":71}},"99":{"start":{"line":175,"column":12},"end":{"line":175,"column":85}},"100":{"start":{"line":176,"column":12},"end":{"line":176,"column":75}},"101":{"start":{"line":177,"column":12},"end":{"line":177,"column":72}},"102":{"start":{"line":181,"column":4},"end":{"line":186,"column":7}},"103":{"start":{"line":182,"column":8},"end":{"line":185,"column":11}},"104":{"start":{"line":183,"column":12},"end":{"line":183,"column":64}},"105":{"start":{"line":184,"column":12},"end":{"line":184,"column":61}},"106":{"start":{"line":188,"column":4},"end":{"line":194,"column":7}},"107":{"start":{"line":189,"column":8},"end":{"line":193,"column":11}},"108":{"start":{"line":190,"column":12},"end":{"line":190,"column":90}},"109":{"start":{"line":191,"column":12},"end":{"line":191,"column":86}},"110":{"start":{"line":192,"column":12},"end":{"line":192,"column":75}},"111":{"start":{"line":196,"column":4},"end":{"line":201,"column":7}},"112":{"start":{"line":197,"column":8},"end":{"line":200,"column":11}},"113":{"start":{"line":198,"column":12},"end":{"line":198,"column":62}},"114":{"start":{"line":199,"column":12},"end":{"line":199,"column":62}},"115":{"start":{"line":203,"column":4},"end":{"line":209,"column":7}},"116":{"start":{"line":204,"column":8},"end":{"line":208,"column":11}},"117":{"start":{"line":205,"column":12},"end":{"line":205,"column":60}},"118":{"start":{"line":206,"column":12},"end":{"line":206,"column":57}},"119":{"start":{"line":207,"column":12},"end":{"line":207,"column":64}},"120":{"start":{"line":216,"column":4},"end":{"line":229,"column":7}},"121":{"start":{"line":217,"column":8},"end":{"line":228,"column":11}},"122":{"start":{"line":218,"column":12},"end":{"line":218,"column":64}},"123":{"start":{"line":219,"column":12},"end":{"line":219,"column":64}},"124":{"start":{"line":220,"column":12},"end":{"line":220,"column":104}},"125":{"start":{"line":221,"column":12},"end":{"line":221,"column":86}},"126":{"start":{"line":222,"column":12},"end":{"line":222,"column":79}},"127":{"start":{"line":223,"column":12},"end":{"line":223,"column":67}},"128":{"start":{"line":224,"column":12},"end":{"line":224,"column":78}},"129":{"start":{"line":225,"column":12},"end":{"line":225,"column":85}},"130":{"start":{"line":226,"column":12},"end":{"line":226,"column":84}},"131":{"start":{"line":227,"column":12},"end":{"line":227,"column":75}}},"branchMap":{}}}