{"/Users/ross/Developer/workspace/stylus-lint/test/test.js":{"path":"/Users/ross/Developer/workspace/stylus-lint/test/test.js","s":{"1":1,"2":1,"3":1,"4":1,"5":1,"6":1,"7":1,"8":1,"9":1,"10":1,"11":1,"12":1,"13":1,"14":1,"15":1,"16":1,"17":1,"18":1,"19":1,"20":1,"21":1,"22":0,"23":0,"24":1,"25":1,"26":1,"27":1,"28":1,"29":1,"30":1,"31":1,"32":1,"33":1,"34":1,"35":1,"36":1,"37":1,"38":1,"39":1,"40":1,"41":1,"42":1,"43":1,"44":1,"45":1,"46":1,"47":1,"48":1,"49":1,"50":1,"51":1,"52":1,"53":1,"54":1,"55":1,"56":1,"57":1,"58":1,"59":1,"60":1,"61":1,"62":1,"63":1,"64":1,"65":1,"66":1,"67":1,"68":1,"69":1,"70":1,"71":1,"72":1,"73":1,"74":1,"75":1,"76":1,"77":1,"78":1,"79":1,"80":1,"81":1,"82":1,"83":1,"84":1,"85":1,"86":1,"87":1,"88":1,"89":1,"90":1,"91":1,"92":1,"93":1,"94":1,"95":1,"96":1,"97":1,"98":1,"99":1,"100":1,"101":1,"102":1,"103":1,"104":1,"105":1,"106":1,"107":1,"108":1,"109":1,"110":1,"111":1,"112":1,"113":1,"114":1,"115":1,"116":1,"117":1,"118":1,"119":1,"120":1,"121":1,"122":1,"123":1,"124":1,"125":1,"126":1,"127":1,"128":1,"129":1,"130":1,"131":1,"132":1,"133":1,"134":1,"135":1,"136":1,"137":1,"138":1,"139":1,"140":1,"141":1,"142":1,"143":1,"144":1,"145":1,"146":1,"147":1,"148":1,"149":1,"150":1,"151":1,"152":1,"153":1,"154":1,"155":1,"156":1,"157":1,"158":1,"159":1,"160":1,"161":1,"162":1,"163":1,"164":1,"165":1,"166":1,"167":1,"168":1,"169":1,"170":1,"171":1,"172":1,"173":1,"174":1,"175":1,"176":1,"177":1,"178":1,"179":1,"180":1,"181":1,"182":1,"183":1,"184":1,"185":1,"186":1,"187":1,"188":1,"189":1,"190":1,"191":1,"192":1,"193":1,"194":1},"b":{},"f":{"1":1,"2":1,"3":1,"4":1,"5":1,"6":1,"7":1,"8":1,"9":1,"10":1,"11":1,"12":1,"13":1,"14":1,"15":1,"16":1,"17":1,"18":1,"19":1,"20":1,"21":1,"22":1,"23":1,"24":1,"25":1,"26":1,"27":1,"28":1,"29":1,"30":1,"31":1,"32":1,"33":1,"34":1,"35":1,"36":1,"37":1,"38":1,"39":1,"40":1,"41":1,"42":1,"43":1,"44":1,"45":1,"46":1,"47":1,"48":1,"49":1},"fnMap":{"1":{"name":"(anonymous_1)","line":29,"loc":{"start":{"line":29,"column":34},"end":{"line":29,"column":45}}},"2":{"name":"(anonymous_2)","line":31,"loc":{"start":{"line":31,"column":28},"end":{"line":31,"column":39}}},"3":{"name":"(anonymous_3)","line":32,"loc":{"start":{"line":32,"column":79},"end":{"line":32,"column":90}}},"4":{"name":"(anonymous_4)","line":41,"loc":{"start":{"line":41,"column":28},"end":{"line":41,"column":39}}},"5":{"name":"(anonymous_5)","line":42,"loc":{"start":{"line":42,"column":79},"end":{"line":42,"column":90}}},"6":{"name":"(anonymous_6)","line":50,"loc":{"start":{"line":50,"column":25},"end":{"line":50,"column":36}}},"7":{"name":"(anonymous_7)","line":51,"loc":{"start":{"line":51,"column":59},"end":{"line":51,"column":70}}},"8":{"name":"(anonymous_8)","line":62,"loc":{"start":{"line":62,"column":28},"end":{"line":62,"column":39}}},"9":{"name":"(anonymous_9)","line":63,"loc":{"start":{"line":63,"column":72},"end":{"line":63,"column":83}}},"10":{"name":"(anonymous_10)","line":72,"loc":{"start":{"line":72,"column":36},"end":{"line":72,"column":47}}},"11":{"name":"(anonymous_11)","line":73,"loc":{"start":{"line":73,"column":75},"end":{"line":73,"column":86}}},"12":{"name":"(anonymous_12)","line":81,"loc":{"start":{"line":81,"column":30},"end":{"line":81,"column":41}}},"13":{"name":"(anonymous_13)","line":82,"loc":{"start":{"line":82,"column":83},"end":{"line":82,"column":94}}},"14":{"name":"(anonymous_14)","line":91,"loc":{"start":{"line":91,"column":28},"end":{"line":91,"column":39}}},"15":{"name":"(anonymous_15)","line":92,"loc":{"start":{"line":92,"column":70},"end":{"line":92,"column":81}}},"16":{"name":"(anonymous_16)","line":98,"loc":{"start":{"line":98,"column":28},"end":{"line":98,"column":39}}},"17":{"name":"(anonymous_17)","line":99,"loc":{"start":{"line":99,"column":63},"end":{"line":99,"column":74}}},"18":{"name":"(anonymous_18)","line":105,"loc":{"start":{"line":105,"column":28},"end":{"line":105,"column":39}}},"19":{"name":"(anonymous_19)","line":106,"loc":{"start":{"line":106,"column":64},"end":{"line":106,"column":75}}},"20":{"name":"(anonymous_20)","line":113,"loc":{"start":{"line":113,"column":26},"end":{"line":113,"column":37}}},"21":{"name":"(anonymous_21)","line":114,"loc":{"start":{"line":114,"column":70},"end":{"line":114,"column":81}}},"22":{"name":"(anonymous_22)","line":122,"loc":{"start":{"line":122,"column":30},"end":{"line":122,"column":41}}},"23":{"name":"(anonymous_23)","line":123,"loc":{"start":{"line":123,"column":67},"end":{"line":123,"column":78}}},"24":{"name":"(anonymous_24)","line":132,"loc":{"start":{"line":132,"column":27},"end":{"line":132,"column":38}}},"25":{"name":"(anonymous_25)","line":133,"loc":{"start":{"line":133,"column":72},"end":{"line":133,"column":83}}},"26":{"name":"(anonymous_26)","line":142,"loc":{"start":{"line":142,"column":25},"end":{"line":142,"column":36}}},"27":{"name":"(anonymous_27)","line":143,"loc":{"start":{"line":143,"column":77},"end":{"line":143,"column":88}}},"28":{"name":"(anonymous_28)","line":153,"loc":{"start":{"line":153,"column":29},"end":{"line":153,"column":40}}},"29":{"name":"(anonymous_29)","line":154,"loc":{"start":{"line":154,"column":103},"end":{"line":154,"column":114}}},"30":{"name":"(anonymous_30)","line":163,"loc":{"start":{"line":163,"column":38},"end":{"line":163,"column":49}}},"31":{"name":"(anonymous_31)","line":164,"loc":{"start":{"line":164,"column":77},"end":{"line":164,"column":88}}},"32":{"name":"(anonymous_32)","line":172,"loc":{"start":{"line":172,"column":34},"end":{"line":172,"column":45}}},"33":{"name":"(anonymous_33)","line":173,"loc":{"start":{"line":173,"column":110},"end":{"line":173,"column":121}}},"34":{"name":"(anonymous_34)","line":214,"loc":{"start":{"line":214,"column":21},"end":{"line":214,"column":32}}},"35":{"name":"(anonymous_35)","line":215,"loc":{"start":{"line":215,"column":62},"end":{"line":215,"column":73}}},"36":{"name":"(anonymous_36)","line":226,"loc":{"start":{"line":226,"column":28},"end":{"line":226,"column":39}}},"37":{"name":"(anonymous_37)","line":227,"loc":{"start":{"line":227,"column":74},"end":{"line":227,"column":85}}},"38":{"name":"(anonymous_38)","line":234,"loc":{"start":{"line":234,"column":34},"end":{"line":234,"column":45}}},"39":{"name":"(anonymous_39)","line":235,"loc":{"start":{"line":235,"column":75},"end":{"line":235,"column":86}}},"40":{"name":"(anonymous_40)","line":242,"loc":{"start":{"line":242,"column":26},"end":{"line":242,"column":37}}},"41":{"name":"(anonymous_41)","line":243,"loc":{"start":{"line":243,"column":56},"end":{"line":243,"column":67}}},"42":{"name":"(anonymous_42)","line":249,"loc":{"start":{"line":249,"column":36},"end":{"line":249,"column":47}}},"43":{"name":"(anonymous_43)","line":250,"loc":{"start":{"line":250,"column":54},"end":{"line":250,"column":65}}},"44":{"name":"(anonymous_44)","line":257,"loc":{"start":{"line":257,"column":35},"end":{"line":257,"column":46}}},"45":{"name":"(anonymous_45)","line":258,"loc":{"start":{"line":258,"column":48},"end":{"line":258,"column":59}}},"46":{"name":"(anonymous_46)","line":265,"loc":{"start":{"line":265,"column":27},"end":{"line":265,"column":38}}},"47":{"name":"(anonymous_47)","line":266,"loc":{"start":{"line":266,"column":81},"end":{"line":266,"column":92}}},"48":{"name":"(anonymous_48)","line":292,"loc":{"start":{"line":292,"column":80},"end":{"line":292,"column":91}}},"49":{"name":"(anonymous_49)","line":293,"loc":{"start":{"line":293,"column":62},"end":{"line":293,"column":73}}}},"statementMap":{"1":{"start":{"line":1,"column":0},"end":{"line":26,"column":62}},"2":{"start":{"line":29,"column":0},"end":{"line":306,"column":3}},"3":{"start":{"line":31,"column":4},"end":{"line":39,"column":7}},"4":{"start":{"line":32,"column":8},"end":{"line":38,"column":11}},"5":{"start":{"line":33,"column":12},"end":{"line":33,"column":67}},"6":{"start":{"line":34,"column":12},"end":{"line":34,"column":66}},"7":{"start":{"line":35,"column":12},"end":{"line":35,"column":72}},"8":{"start":{"line":36,"column":12},"end":{"line":36,"column":73}},"9":{"start":{"line":37,"column":12},"end":{"line":37,"column":69}},"10":{"start":{"line":41,"column":4},"end":{"line":47,"column":7}},"11":{"start":{"line":42,"column":8},"end":{"line":46,"column":11}},"12":{"start":{"line":43,"column":12},"end":{"line":43,"column":63}},"13":{"start":{"line":44,"column":12},"end":{"line":44,"column":65}},"14":{"start":{"line":45,"column":12},"end":{"line":45,"column":67}},"15":{"start":{"line":50,"column":4},"end":{"line":60,"column":7}},"16":{"start":{"line":51,"column":8},"end":{"line":59,"column":11}},"17":{"start":{"line":52,"column":12},"end":{"line":52,"column":66}},"18":{"start":{"line":53,"column":12},"end":{"line":53,"column":65}},"19":{"start":{"line":54,"column":12},"end":{"line":54,"column":55}},"20":{"start":{"line":55,"column":12},"end":{"line":55,"column":69}},"21":{"start":{"line":56,"column":12},"end":{"line":56,"column":70}},"22":{"start":{"line":57,"column":12},"end":{"line":57,"column":66}},"23":{"start":{"line":58,"column":12},"end":{"line":58,"column":55}},"24":{"start":{"line":62,"column":4},"end":{"line":70,"column":7}},"25":{"start":{"line":63,"column":8},"end":{"line":69,"column":11}},"26":{"start":{"line":64,"column":12},"end":{"line":64,"column":71}},"27":{"start":{"line":65,"column":12},"end":{"line":65,"column":55}},"28":{"start":{"line":66,"column":12},"end":{"line":66,"column":69}},"29":{"start":{"line":67,"column":12},"end":{"line":67,"column":70}},"30":{"start":{"line":68,"column":12},"end":{"line":68,"column":56}},"31":{"start":{"line":72,"column":4},"end":{"line":79,"column":7}},"32":{"start":{"line":73,"column":8},"end":{"line":78,"column":11}},"33":{"start":{"line":74,"column":12},"end":{"line":74,"column":77}},"34":{"start":{"line":75,"column":12},"end":{"line":75,"column":62}},"35":{"start":{"line":76,"column":12},"end":{"line":76,"column":64}},"36":{"start":{"line":77,"column":12},"end":{"line":77,"column":82}},"37":{"start":{"line":81,"column":4},"end":{"line":89,"column":7}},"38":{"start":{"line":82,"column":8},"end":{"line":88,"column":11}},"39":{"start":{"line":83,"column":12},"end":{"line":83,"column":65}},"40":{"start":{"line":84,"column":12},"end":{"line":84,"column":79}},"41":{"start":{"line":85,"column":12},"end":{"line":85,"column":79}},"42":{"start":{"line":86,"column":12},"end":{"line":86,"column":65}},"43":{"start":{"line":87,"column":12},"end":{"line":87,"column":83}},"44":{"start":{"line":91,"column":4},"end":{"line":96,"column":7}},"45":{"start":{"line":92,"column":8},"end":{"line":95,"column":11}},"46":{"start":{"line":93,"column":12},"end":{"line":93,"column":68}},"47":{"start":{"line":94,"column":12},"end":{"line":94,"column":68}},"48":{"start":{"line":98,"column":4},"end":{"line":103,"column":7}},"49":{"start":{"line":99,"column":8},"end":{"line":102,"column":11}},"50":{"start":{"line":100,"column":12},"end":{"line":100,"column":65}},"51":{"start":{"line":101,"column":12},"end":{"line":101,"column":65}},"52":{"start":{"line":105,"column":4},"end":{"line":111,"column":7}},"53":{"start":{"line":106,"column":8},"end":{"line":110,"column":11}},"54":{"start":{"line":107,"column":12},"end":{"line":107,"column":67}},"55":{"start":{"line":108,"column":12},"end":{"line":108,"column":74}},"56":{"start":{"line":109,"column":12},"end":{"line":109,"column":55}},"57":{"start":{"line":113,"column":4},"end":{"line":120,"column":7}},"58":{"start":{"line":114,"column":8},"end":{"line":119,"column":11}},"59":{"start":{"line":115,"column":12},"end":{"line":115,"column":63}},"60":{"start":{"line":116,"column":12},"end":{"line":116,"column":61}},"61":{"start":{"line":117,"column":12},"end":{"line":117,"column":59}},"62":{"start":{"line":118,"column":12},"end":{"line":118,"column":61}},"63":{"start":{"line":122,"column":4},"end":{"line":130,"column":7}},"64":{"start":{"line":123,"column":8},"end":{"line":129,"column":11}},"65":{"start":{"line":124,"column":12},"end":{"line":124,"column":93}},"66":{"start":{"line":125,"column":12},"end":{"line":125,"column":93}},"67":{"start":{"line":126,"column":12},"end":{"line":126,"column":91}},"68":{"start":{"line":127,"column":12},"end":{"line":127,"column":93}},"69":{"start":{"line":128,"column":12},"end":{"line":128,"column":70}},"70":{"start":{"line":132,"column":4},"end":{"line":140,"column":7}},"71":{"start":{"line":133,"column":8},"end":{"line":139,"column":11}},"72":{"start":{"line":134,"column":12},"end":{"line":134,"column":60}},"73":{"start":{"line":135,"column":12},"end":{"line":135,"column":66}},"74":{"start":{"line":136,"column":12},"end":{"line":136,"column":75}},"75":{"start":{"line":137,"column":12},"end":{"line":137,"column":60}},"76":{"start":{"line":138,"column":12},"end":{"line":138,"column":61}},"77":{"start":{"line":142,"column":4},"end":{"line":151,"column":7}},"78":{"start":{"line":143,"column":8},"end":{"line":150,"column":11}},"79":{"start":{"line":144,"column":12},"end":{"line":144,"column":64}},"80":{"start":{"line":145,"column":12},"end":{"line":145,"column":66}},"81":{"start":{"line":146,"column":12},"end":{"line":146,"column":65}},"82":{"start":{"line":147,"column":12},"end":{"line":147,"column":67}},"83":{"start":{"line":148,"column":12},"end":{"line":148,"column":58}},"84":{"start":{"line":149,"column":12},"end":{"line":149,"column":56}},"85":{"start":{"line":153,"column":4},"end":{"line":161,"column":7}},"86":{"start":{"line":154,"column":8},"end":{"line":160,"column":11}},"87":{"start":{"line":155,"column":12},"end":{"line":155,"column":71}},"88":{"start":{"line":156,"column":12},"end":{"line":156,"column":68}},"89":{"start":{"line":157,"column":12},"end":{"line":157,"column":71}},"90":{"start":{"line":158,"column":12},"end":{"line":158,"column":68}},"91":{"start":{"line":159,"column":12},"end":{"line":159,"column":66}},"92":{"start":{"line":163,"column":4},"end":{"line":170,"column":7}},"93":{"start":{"line":164,"column":8},"end":{"line":169,"column":11}},"94":{"start":{"line":165,"column":12},"end":{"line":165,"column":72}},"95":{"start":{"line":166,"column":12},"end":{"line":166,"column":73}},"96":{"start":{"line":167,"column":12},"end":{"line":167,"column":69}},"97":{"start":{"line":168,"column":12},"end":{"line":168,"column":75}},"98":{"start":{"line":172,"column":4},"end":{"line":212,"column":7}},"99":{"start":{"line":173,"column":8},"end":{"line":211,"column":11}},"100":{"start":{"line":174,"column":12},"end":{"line":174,"column":94}},"101":{"start":{"line":175,"column":12},"end":{"line":175,"column":94}},"102":{"start":{"line":176,"column":12},"end":{"line":176,"column":91}},"103":{"start":{"line":178,"column":12},"end":{"line":178,"column":100}},"104":{"start":{"line":179,"column":12},"end":{"line":179,"column":100}},"105":{"start":{"line":180,"column":12},"end":{"line":180,"column":97}},"106":{"start":{"line":182,"column":12},"end":{"line":182,"column":86}},"107":{"start":{"line":183,"column":12},"end":{"line":183,"column":86}},"108":{"start":{"line":184,"column":12},"end":{"line":184,"column":83}},"109":{"start":{"line":186,"column":12},"end":{"line":186,"column":95}},"110":{"start":{"line":187,"column":12},"end":{"line":187,"column":95}},"111":{"start":{"line":188,"column":12},"end":{"line":188,"column":92}},"112":{"start":{"line":190,"column":12},"end":{"line":190,"column":101}},"113":{"start":{"line":191,"column":12},"end":{"line":191,"column":101}},"114":{"start":{"line":192,"column":12},"end":{"line":192,"column":98}},"115":{"start":{"line":194,"column":12},"end":{"line":194,"column":90}},"116":{"start":{"line":195,"column":12},"end":{"line":195,"column":90}},"117":{"start":{"line":196,"column":12},"end":{"line":196,"column":87}},"118":{"start":{"line":198,"column":12},"end":{"line":198,"column":88}},"119":{"start":{"line":199,"column":12},"end":{"line":199,"column":88}},"120":{"start":{"line":200,"column":12},"end":{"line":200,"column":85}},"121":{"start":{"line":201,"column":12},"end":{"line":201,"column":88}},"122":{"start":{"line":202,"column":12},"end":{"line":202,"column":88}},"123":{"start":{"line":203,"column":12},"end":{"line":203,"column":85}},"124":{"start":{"line":204,"column":12},"end":{"line":204,"column":88}},"125":{"start":{"line":205,"column":12},"end":{"line":205,"column":88}},"126":{"start":{"line":206,"column":12},"end":{"line":206,"column":85}},"127":{"start":{"line":207,"column":12},"end":{"line":207,"column":75}},"128":{"start":{"line":208,"column":12},"end":{"line":208,"column":86}},"129":{"start":{"line":209,"column":12},"end":{"line":209,"column":88}},"130":{"start":{"line":210,"column":12},"end":{"line":210,"column":89}},"131":{"start":{"line":214,"column":1},"end":{"line":224,"column":4}},"132":{"start":{"line":215,"column":5},"end":{"line":223,"column":8}},"133":{"start":{"line":216,"column":9},"end":{"line":216,"column":62}},"134":{"start":{"line":217,"column":9},"end":{"line":217,"column":65}},"135":{"start":{"line":218,"column":9},"end":{"line":218,"column":71}},"136":{"start":{"line":219,"column":9},"end":{"line":219,"column":68}},"137":{"start":{"line":220,"column":9},"end":{"line":220,"column":82}},"138":{"start":{"line":221,"column":9},"end":{"line":221,"column":72}},"139":{"start":{"line":222,"column":9},"end":{"line":222,"column":69}},"140":{"start":{"line":226,"column":4},"end":{"line":232,"column":7}},"141":{"start":{"line":227,"column":8},"end":{"line":231,"column":11}},"142":{"start":{"line":228,"column":12},"end":{"line":228,"column":80}},"143":{"start":{"line":229,"column":12},"end":{"line":229,"column":81}},"144":{"start":{"line":230,"column":12},"end":{"line":230,"column":72}},"145":{"start":{"line":234,"column":4},"end":{"line":240,"column":7}},"146":{"start":{"line":235,"column":8},"end":{"line":239,"column":11}},"147":{"start":{"line":236,"column":12},"end":{"line":236,"column":90}},"148":{"start":{"line":237,"column":12},"end":{"line":237,"column":86}},"149":{"start":{"line":238,"column":12},"end":{"line":238,"column":75}},"150":{"start":{"line":242,"column":4},"end":{"line":247,"column":7}},"151":{"start":{"line":243,"column":8},"end":{"line":246,"column":11}},"152":{"start":{"line":244,"column":12},"end":{"line":244,"column":62}},"153":{"start":{"line":245,"column":12},"end":{"line":245,"column":62}},"154":{"start":{"line":249,"column":4},"end":{"line":255,"column":7}},"155":{"start":{"line":250,"column":8},"end":{"line":254,"column":11}},"156":{"start":{"line":251,"column":12},"end":{"line":251,"column":63}},"157":{"start":{"line":252,"column":12},"end":{"line":252,"column":63}},"158":{"start":{"line":253,"column":12},"end":{"line":253,"column":63}},"159":{"start":{"line":257,"column":4},"end":{"line":263,"column":7}},"160":{"start":{"line":258,"column":8},"end":{"line":262,"column":11}},"161":{"start":{"line":259,"column":12},"end":{"line":259,"column":60}},"162":{"start":{"line":260,"column":12},"end":{"line":260,"column":57}},"163":{"start":{"line":261,"column":12},"end":{"line":261,"column":64}},"164":{"start":{"line":265,"column":4},"end":{"line":285,"column":7}},"165":{"start":{"line":266,"column":8},"end":{"line":284,"column":11}},"166":{"start":{"line":267,"column":12},"end":{"line":267,"column":58}},"167":{"start":{"line":268,"column":12},"end":{"line":268,"column":58}},"168":{"start":{"line":269,"column":12},"end":{"line":269,"column":57}},"169":{"start":{"line":270,"column":12},"end":{"line":270,"column":59}},"170":{"start":{"line":271,"column":12},"end":{"line":271,"column":58}},"171":{"start":{"line":272,"column":12},"end":{"line":272,"column":58}},"172":{"start":{"line":273,"column":12},"end":{"line":273,"column":58}},"173":{"start":{"line":274,"column":12},"end":{"line":274,"column":58}},"174":{"start":{"line":275,"column":12},"end":{"line":275,"column":60}},"175":{"start":{"line":276,"column":12},"end":{"line":276,"column":60}},"176":{"start":{"line":277,"column":12},"end":{"line":277,"column":58}},"177":{"start":{"line":278,"column":12},"end":{"line":278,"column":58}},"178":{"start":{"line":279,"column":12},"end":{"line":279,"column":58}},"179":{"start":{"line":280,"column":12},"end":{"line":280,"column":61}},"180":{"start":{"line":281,"column":12},"end":{"line":281,"column":58}},"181":{"start":{"line":282,"column":12},"end":{"line":282,"column":58}},"182":{"start":{"line":283,"column":12},"end":{"line":283,"column":57}},"183":{"start":{"line":292,"column":4},"end":{"line":305,"column":7}},"184":{"start":{"line":293,"column":8},"end":{"line":304,"column":11}},"185":{"start":{"line":294,"column":12},"end":{"line":294,"column":64}},"186":{"start":{"line":295,"column":12},"end":{"line":295,"column":64}},"187":{"start":{"line":296,"column":12},"end":{"line":296,"column":104}},"188":{"start":{"line":297,"column":12},"end":{"line":297,"column":86}},"189":{"start":{"line":298,"column":12},"end":{"line":298,"column":79}},"190":{"start":{"line":299,"column":12},"end":{"line":299,"column":67}},"191":{"start":{"line":300,"column":12},"end":{"line":300,"column":78}},"192":{"start":{"line":301,"column":12},"end":{"line":301,"column":85}},"193":{"start":{"line":302,"column":12},"end":{"line":302,"column":84}},"194":{"start":{"line":303,"column":12},"end":{"line":303,"column":75}}},"branchMap":{}}}