TN:
SF:/Users/ross/Developer/workspace/stylus-lint/test/test.js
FN:27,(anonymous_1)
FN:29,(anonymous_2)
FN:30,(anonymous_3)
FN:41,(anonymous_4)
FN:43,(anonymous_5)
FN:44,(anonymous_6)
FN:53,(anonymous_7)
FN:54,(anonymous_8)
FN:61,(anonymous_9)
FN:62,(anonymous_10)
FN:71,(anonymous_11)
FN:72,(anonymous_12)
FN:80,(anonymous_13)
FN:81,(anonymous_14)
FN:90,(anonymous_15)
FN:91,(anonymous_16)
FN:97,(anonymous_17)
FN:98,(anonymous_18)
FN:104,(anonymous_19)
FN:105,(anonymous_20)
FN:112,(anonymous_21)
FN:113,(anonymous_22)
FN:121,(anonymous_23)
FN:122,(anonymous_24)
FN:131,(anonymous_25)
FN:132,(anonymous_26)
FN:141,(anonymous_27)
FN:142,(anonymous_28)
FN:153,(anonymous_29)
FN:154,(anonymous_30)
FN:163,(anonymous_31)
FN:164,(anonymous_32)
FN:172,(anonymous_33)
FN:173,(anonymous_34)
FN:180,(anonymous_35)
FN:181,(anonymous_36)
FN:192,(anonymous_37)
FN:193,(anonymous_38)
FN:200,(anonymous_39)
FN:201,(anonymous_40)
FN:207,(anonymous_41)
FN:208,(anonymous_42)
FN:215,(anonymous_43)
FN:216,(anonymous_44)
FN:223,(anonymous_45)
FN:224,(anonymous_46)
FN:250,(anonymous_47)
FN:251,(anonymous_48)
FNF:48
FNH:48
FNDA:1,(anonymous_1)
FNDA:1,(anonymous_2)
FNDA:1,(anonymous_3)
FNDA:1,(anonymous_4)
FNDA:1,(anonymous_5)
FNDA:1,(anonymous_6)
FNDA:1,(anonymous_7)
FNDA:1,(anonymous_8)
FNDA:1,(anonymous_9)
FNDA:1,(anonymous_10)
FNDA:1,(anonymous_11)
FNDA:1,(anonymous_12)
FNDA:1,(anonymous_13)
FNDA:1,(anonymous_14)
FNDA:1,(anonymous_15)
FNDA:1,(anonymous_16)
FNDA:1,(anonymous_17)
FNDA:1,(anonymous_18)
FNDA:1,(anonymous_19)
FNDA:1,(anonymous_20)
FNDA:1,(anonymous_21)
FNDA:1,(anonymous_22)
FNDA:1,(anonymous_23)
FNDA:1,(anonymous_24)
FNDA:1,(anonymous_25)
FNDA:1,(anonymous_26)
FNDA:1,(anonymous_27)
FNDA:1,(anonymous_28)
FNDA:1,(anonymous_29)
FNDA:1,(anonymous_30)
FNDA:1,(anonymous_31)
FNDA:1,(anonymous_32)
FNDA:1,(anonymous_33)
FNDA:1,(anonymous_34)
FNDA:1,(anonymous_35)
FNDA:1,(anonymous_36)
FNDA:1,(anonymous_37)
FNDA:1,(anonymous_38)
FNDA:1,(anonymous_39)
FNDA:1,(anonymous_40)
FNDA:1,(anonymous_41)
FNDA:1,(anonymous_42)
FNDA:1,(anonymous_43)
FNDA:1,(anonymous_44)
FNDA:1,(anonymous_45)
FNDA:1,(anonymous_46)
FNDA:1,(anonymous_47)
FNDA:1,(anonymous_48)
DA:1,1
DA:27,1
DA:29,1
DA:30,1
DA:31,1
DA:41,1
DA:43,1
DA:44,1
DA:45,1
DA:46,1
DA:47,1
DA:48,1
DA:49,1
DA:53,1
DA:54,1
DA:55,1
DA:56,1
DA:57,1
DA:61,1
DA:62,1
DA:63,1
DA:64,1
DA:65,1
DA:66,1
DA:67,1
DA:71,1
DA:72,1
DA:73,1
DA:74,1
DA:75,1
DA:76,1
DA:80,1
DA:81,1
DA:82,1
DA:83,1
DA:84,1
DA:85,1
DA:86,1
DA:90,1
DA:91,1
DA:92,1
DA:93,1
DA:97,1
DA:98,1
DA:99,1
DA:100,1
DA:104,1
DA:105,1
DA:106,1
DA:107,1
DA:108,1
DA:112,1
DA:113,1
DA:114,1
DA:115,1
DA:116,1
DA:117,1
DA:121,1
DA:122,1
DA:123,1
DA:124,1
DA:125,1
DA:126,1
DA:127,1
DA:131,1
DA:132,1
DA:133,1
DA:134,1
DA:135,1
DA:136,1
DA:137,1
DA:141,1
DA:142,1
DA:143,1
DA:144,1
DA:145,1
DA:146,1
DA:147,1
DA:148,1
DA:149,1
DA:153,1
DA:154,1
DA:155,1
DA:156,1
DA:157,1
DA:158,1
DA:159,1
DA:163,1
DA:164,1
DA:165,1
DA:166,1
DA:167,1
DA:168,1
DA:172,1
DA:173,1
DA:174,1
DA:175,1
DA:176,1
DA:180,1
DA:181,1
DA:182,1
DA:183,1
DA:184,1
DA:185,1
DA:186,1
DA:187,1
DA:188,1
DA:192,1
DA:193,1
DA:194,1
DA:195,1
DA:196,1
DA:200,1
DA:201,1
DA:202,1
DA:203,1
DA:207,1
DA:208,1
DA:209,1
DA:210,1
DA:211,1
DA:215,1
DA:216,1
DA:217,1
DA:218,1
DA:219,1
DA:223,1
DA:224,1
DA:225,1
DA:226,1
DA:227,1
DA:228,1
DA:229,1
DA:230,1
DA:231,1
DA:232,1
DA:233,1
DA:234,1
DA:235,1
DA:236,1
DA:237,1
DA:238,1
DA:239,1
DA:240,1
DA:241,1
DA:250,1
DA:251,1
DA:252,1
DA:253,1
DA:254,1
DA:255,1
DA:256,1
DA:257,1
DA:258,1
DA:259,1
DA:260,1
DA:261,1
LF:157
LH:157
BRF:0
BRH:0
end_of_record
