{"/Users/ross/Developer/workspace/stylus-lint/index.js":{"path":"/Users/ross/Developer/workspace/stylus-lint/index.js","s":{"1":1,"2":1,"3":1,"4":1,"5":1,"6":5,"7":5,"8":4,"9":0,"10":4,"11":4,"12":72,"13":2,"14":1,"15":1,"16":1,"17":1,"18":1,"19":0,"20":1,"21":0,"22":1,"23":0,"24":1,"25":0,"26":1,"27":0,"28":0,"29":0,"30":0,"31":1,"32":0,"33":1,"34":1,"35":1},"b":{"1":[0,4],"2":[1,0],"3":[1,1],"4":[0,1],"5":[1,1],"6":[0,1],"7":[1,1],"8":[0,1],"9":[1,1],"10":[0,1],"11":[1,1],"12":[0,0],"13":[0,1],"14":[1,1]},"f":{"1":5,"2":4,"3":72,"4":2,"5":1},"fnMap":{"1":{"name":"(anonymous_1)","line":139,"loc":{"start":{"line":139,"column":14},"end":{"line":139,"column":31}}},"2":{"name":"(anonymous_2)","line":142,"loc":{"start":{"line":142,"column":23},"end":{"line":142,"column":46}}},"3":{"name":"(anonymous_3)","line":146,"loc":{"start":{"line":146,"column":26},"end":{"line":146,"column":46}}},"4":{"name":"(anonymous_4)","line":151,"loc":{"start":{"line":151,"column":15},"end":{"line":151,"column":32}}},"5":{"name":"(anonymous_5)","line":201,"loc":{"start":{"line":201,"column":29},"end":{"line":201,"column":41}}}},"statementMap":{"1":{"start":{"line":15,"column":0},"end":{"line":54,"column":72}},"2":{"start":{"line":60,"column":0},"end":{"line":91,"column":3}},"3":{"start":{"line":95,"column":0},"end":{"line":109,"column":3}},"4":{"start":{"line":117,"column":0},"end":{"line":131,"column":3}},"5":{"start":{"line":138,"column":0},"end":{"line":161,"column":3}},"6":{"start":{"line":140,"column":8},"end":{"line":140,"column":23}},"7":{"start":{"line":142,"column":8},"end":{"line":149,"column":11}},"8":{"start":{"line":143,"column":12},"end":{"line":143,"column":37}},"9":{"start":{"line":143,"column":25},"end":{"line":143,"column":35}},"10":{"start":{"line":144,"column":12},"end":{"line":144,"column":39}},"11":{"start":{"line":146,"column":12},"end":{"line":148,"column":15}},"12":{"start":{"line":147,"column":16},"end":{"line":147,"column":58}},"13":{"start":{"line":152,"column":8},"end":{"line":152,"column":75}},"14":{"start":{"line":164,"column":0},"end":{"line":194,"column":3}},"15":{"start":{"line":201,"column":0},"end":{"line":246,"column":3}},"16":{"start":{"line":202,"column":4},"end":{"line":202,"column":20}},"17":{"start":{"line":205,"column":4},"end":{"line":210,"column":5}},"18":{"start":{"line":206,"column":8},"end":{"line":206,"column":41}},"19":{"start":{"line":209,"column":8},"end":{"line":209,"column":39}},"20":{"start":{"line":213,"column":1},"end":{"line":215,"column":2}},"21":{"start":{"line":214,"column":2},"end":{"line":214,"column":27}},"22":{"start":{"line":218,"column":1},"end":{"line":220,"column":2}},"23":{"start":{"line":219,"column":2},"end":{"line":219,"column":26}},"24":{"start":{"line":223,"column":1},"end":{"line":225,"column":2}},"25":{"start":{"line":224,"column":5},"end":{"line":224,"column":34}},"26":{"start":{"line":228,"column":1},"end":{"line":237,"column":2}},"27":{"start":{"line":229,"column":8},"end":{"line":234,"column":9}},"28":{"start":{"line":230,"column":12},"end":{"line":230,"column":53}},"29":{"start":{"line":233,"column":12},"end":{"line":233,"column":59}},"30":{"start":{"line":236,"column":8},"end":{"line":236,"column":71}},"31":{"start":{"line":240,"column":4},"end":{"line":245,"column":5}},"32":{"start":{"line":241,"column":8},"end":{"line":241,"column":50}},"33":{"start":{"line":244,"column":8},"end":{"line":244,"column":49}},"34":{"start":{"line":250,"column":0},"end":{"line":257,"column":11}},"35":{"start":{"line":261,"column":0},"end":{"line":261,"column":22}}},"branchMap":{"1":{"line":143,"type":"if","locations":[{"start":{"line":143,"column":12},"end":{"line":143,"column":12}},{"start":{"line":143,"column":12},"end":{"line":143,"column":12}}]},"2":{"line":205,"type":"if","locations":[{"start":{"line":205,"column":4},"end":{"line":205,"column":4}},{"start":{"line":205,"column":4},"end":{"line":205,"column":4}}]},"3":{"line":205,"type":"binary-expr","locations":[{"start":{"line":205,"column":9},"end":{"line":205,"column":24}},{"start":{"line":205,"column":28},"end":{"line":205,"column":72}}]},"4":{"line":213,"type":"if","locations":[{"start":{"line":213,"column":1},"end":{"line":213,"column":1}},{"start":{"line":213,"column":1},"end":{"line":213,"column":1}}]},"5":{"line":213,"type":"binary-expr","locations":[{"start":{"line":213,"column":6},"end":{"line":213,"column":39}},{"start":{"line":213,"column":43},"end":{"line":213,"column":80}}]},"6":{"line":218,"type":"if","locations":[{"start":{"line":218,"column":1},"end":{"line":218,"column":1}},{"start":{"line":218,"column":1},"end":{"line":218,"column":1}}]},"7":{"line":218,"type":"binary-expr","locations":[{"start":{"line":218,"column":6},"end":{"line":218,"column":39}},{"start":{"line":218,"column":43},"end":{"line":218,"column":83}}]},"8":{"line":223,"type":"if","locations":[{"start":{"line":223,"column":1},"end":{"line":223,"column":1}},{"start":{"line":223,"column":1},"end":{"line":223,"column":1}}]},"9":{"line":223,"type":"binary-expr","locations":[{"start":{"line":223,"column":6},"end":{"line":223,"column":39}},{"start":{"line":223,"column":43},"end":{"line":223,"column":82}}]},"10":{"line":228,"type":"if","locations":[{"start":{"line":228,"column":1},"end":{"line":228,"column":1}},{"start":{"line":228,"column":1},"end":{"line":228,"column":1}}]},"11":{"line":228,"type":"binary-expr","locations":[{"start":{"line":228,"column":6},"end":{"line":228,"column":39}},{"start":{"line":228,"column":43},"end":{"line":228,"column":82}}]},"12":{"line":229,"type":"if","locations":[{"start":{"line":229,"column":8},"end":{"line":229,"column":8}},{"start":{"line":229,"column":8},"end":{"line":229,"column":8}}]},"13":{"line":240,"type":"if","locations":[{"start":{"line":240,"column":4},"end":{"line":240,"column":4}},{"start":{"line":240,"column":4},"end":{"line":240,"column":4}}]},"14":{"line":240,"type":"binary-expr","locations":[{"start":{"line":240,"column":9},"end":{"line":240,"column":42}},{"start":{"line":240,"column":46},"end":{"line":240,"column":84}}]}}},"/Users/ross/Developer/workspace/stylus-lint/src/done.js":{"path":"/Users/ross/Developer/workspace/stylus-lint/src/done.js","s":{"1":1,"2":1,"3":4,"4":4,"5":228,"6":4,"7":4,"8":0,"9":0,"10":0,"11":4},"b":{"1":[4,0],"2":[4,4],"3":[0,0]},"f":{"1":4},"fnMap":{"1":{"name":"done","line":9,"loc":{"start":{"line":9,"column":17},"end":{"line":9,"column":38}}}},"statementMap":{"1":{"start":{"line":3,"column":0},"end":{"line":3,"column":29}},"2":{"start":{"line":9,"column":0},"end":{"line":32,"column":0}},"3":{"start":{"line":10,"column":4},"end":{"line":11,"column":34}},"4":{"start":{"line":14,"column":4},"end":{"line":16,"column":5}},"5":{"start":{"line":15,"column":8},"end":{"line":15,"column":72}},"6":{"start":{"line":19,"column":4},"end":{"line":27,"column":5}},"7":{"start":{"line":20,"column":8},"end":{"line":20,"column":137}},"8":{"start":{"line":22,"column":9},"end":{"line":27,"column":5}},"9":{"start":{"line":23,"column":8},"end":{"line":23,"column":84}},"10":{"start":{"line":26,"column":8},"end":{"line":26,"column":76}},"11":{"start":{"line":30,"column":4},"end":{"line":30,"column":22}}},"branchMap":{"1":{"line":19,"type":"if","locations":[{"start":{"line":19,"column":4},"end":{"line":19,"column":4}},{"start":{"line":19,"column":4},"end":{"line":19,"column":4}}]},"2":{"line":19,"type":"binary-expr","locations":[{"start":{"line":19,"column":9},"end":{"line":19,"column":31}},{"start":{"line":19,"column":35},"end":{"line":19,"column":63}}]},"3":{"line":22,"type":"if","locations":[{"start":{"line":22,"column":9},"end":{"line":22,"column":9}},{"start":{"line":22,"column":9},"end":{"line":22,"column":9}}]}}},"/Users/ross/Developer/workspace/stylus-lint/src/help.js":{"path":"/Users/ross/Developer/workspace/stylus-lint/src/help.js","s":{"1":1,"2":1,"3":1,"4":1,"5":1,"6":1,"7":1,"8":1,"9":1},"b":{},"f":{"1":1},"fnMap":{"1":{"name":"help","line":3,"loc":{"start":{"line":3,"column":17},"end":{"line":3,"column":38}}}},"statementMap":{"1":{"start":{"line":3,"column":0},"end":{"line":13,"column":0}},"2":{"start":{"line":4,"column":4},"end":{"line":4,"column":31}},"3":{"start":{"line":5,"column":4},"end":{"line":5,"column":61}},"4":{"start":{"line":6,"column":4},"end":{"line":6,"column":29}},"5":{"start":{"line":7,"column":4},"end":{"line":7,"column":64}},"6":{"start":{"line":8,"column":4},"end":{"line":8,"column":86}},"7":{"start":{"line":9,"column":4},"end":{"line":9,"column":82}},"8":{"start":{"line":10,"column":4},"end":{"line":10,"column":79}},"9":{"start":{"line":11,"column":4},"end":{"line":11,"column":65}}},"branchMap":{}},"/Users/ross/Developer/workspace/stylus-lint/src/read.js":{"path":"/Users/ross/Developer/workspace/stylus-lint/src/read.js","s":{"1":1,"2":1,"3":5,"4":1,"5":4,"6":4,"7":2,"8":2,"9":1,"10":1,"11":1},"b":{"1":[1,4],"2":[2,2],"3":[1,1],"4":[1,0]},"f":{"1":5,"2":4},"fnMap":{"1":{"name":"read","line":11,"loc":{"start":{"line":11,"column":17},"end":{"line":11,"column":44}}},"2":{"name":"(anonymous_2)","line":23,"loc":{"start":{"line":23,"column":22},"end":{"line":23,"column":45}}}},"statementMap":{"1":{"start":{"line":3,"column":0},"end":{"line":3,"column":23}},"2":{"start":{"line":11,"column":0},"end":{"line":35,"column":0}},"3":{"start":{"line":14,"column":4},"end":{"line":33,"column":5}},"4":{"start":{"line":15,"column":8},"end":{"line":15,"column":44}},"5":{"start":{"line":23,"column":8},"end":{"line":32,"column":11}},"6":{"start":{"line":24,"column":12},"end":{"line":24,"column":37}},"7":{"start":{"line":24,"column":25},"end":{"line":24,"column":35}},"8":{"start":{"line":26,"column":12},"end":{"line":31,"column":13}},"9":{"start":{"line":27,"column":16},"end":{"line":27,"column":56}},"10":{"start":{"line":29,"column":17},"end":{"line":31,"column":13}},"11":{"start":{"line":30,"column":16},"end":{"line":30,"column":52}}},"branchMap":{"1":{"line":14,"type":"if","locations":[{"start":{"line":14,"column":4},"end":{"line":14,"column":4}},{"start":{"line":14,"column":4},"end":{"line":14,"column":4}}]},"2":{"line":24,"type":"if","locations":[{"start":{"line":24,"column":12},"end":{"line":24,"column":12}},{"start":{"line":24,"column":12},"end":{"line":24,"column":12}}]},"3":{"line":26,"type":"if","locations":[{"start":{"line":26,"column":12},"end":{"line":26,"column":12}},{"start":{"line":26,"column":12},"end":{"line":26,"column":12}}]},"4":{"line":29,"type":"if","locations":[{"start":{"line":29,"column":17},"end":{"line":29,"column":17}},{"start":{"line":29,"column":17},"end":{"line":29,"column":17}}]}}},"/Users/ross/Developer/workspace/stylus-lint/src/parse.js":{"path":"/Users/ross/Developer/workspace/stylus-lint/src/parse.js","s":{"1":1,"2":1,"3":76,"4":76,"5":76,"6":2,"7":74,"8":74,"9":300,"10":300,"11":0,"12":300,"13":1018,"14":300,"15":74,"16":74,"17":12786,"18":12786,"19":12786,"20":74,"21":4},"b":{"1":[2,74],"2":[0,300],"3":[4,70]},"f":{"1":76,"2":76,"3":300,"4":12786},"fnMap":{"1":{"name":"parse","line":16,"loc":{"start":{"line":16,"column":17},"end":{"line":16,"column":59}}},"2":{"name":"(anonymous_2)","line":19,"loc":{"start":{"line":19,"column":51},"end":{"line":19,"column":73}}},"3":{"name":"(anonymous_3)","line":24,"loc":{"start":{"line":24,"column":44},"end":{"line":24,"column":62}}},"4":{"name":"(anonymous_4)","line":49,"loc":{"start":{"line":49,"column":22},"end":{"line":49,"column":42}}}},"statementMap":{"1":{"start":{"line":3,"column":0},"end":{"line":6,"column":29}},"2":{"start":{"line":16,"column":0},"end":{"line":62,"column":0}},"3":{"start":{"line":17,"column":4},"end":{"line":17,"column":75}},"4":{"start":{"line":19,"column":4},"end":{"line":60,"column":7}},"5":{"start":{"line":20,"column":8},"end":{"line":20,"column":33}},"6":{"start":{"line":20,"column":21},"end":{"line":20,"column":31}},"7":{"start":{"line":21,"column":8},"end":{"line":21,"column":18}},"8":{"start":{"line":24,"column":8},"end":{"line":40,"column":11}},"9":{"start":{"line":25,"column":12},"end":{"line":27,"column":29}},"10":{"start":{"line":29,"column":12},"end":{"line":39,"column":13}},"11":{"start":{"line":30,"column":16},"end":{"line":30,"column":27}},"12":{"start":{"line":34,"column":16},"end":{"line":36,"column":17}},"13":{"start":{"line":35,"column":20},"end":{"line":35,"column":35}},"14":{"start":{"line":38,"column":16},"end":{"line":38,"column":30}},"15":{"start":{"line":42,"column":8},"end":{"line":42,"column":34}},"16":{"start":{"line":49,"column":8},"end":{"line":54,"column":11}},"17":{"start":{"line":50,"column":12},"end":{"line":50,"column":37}},"18":{"start":{"line":52,"column":12},"end":{"line":52,"column":16}},"19":{"start":{"line":53,"column":12},"end":{"line":53,"column":54}},"20":{"start":{"line":57,"column":8},"end":{"line":59,"column":9}},"21":{"start":{"line":58,"column":12},"end":{"line":58,"column":31}}},"branchMap":{"1":{"line":20,"type":"if","locations":[{"start":{"line":20,"column":8},"end":{"line":20,"column":8}},{"start":{"line":20,"column":8},"end":{"line":20,"column":8}}]},"2":{"line":29,"type":"if","locations":[{"start":{"line":29,"column":12},"end":{"line":29,"column":12}},{"start":{"line":29,"column":12},"end":{"line":29,"column":12}}]},"3":{"line":57,"type":"if","locations":[{"start":{"line":57,"column":8},"end":{"line":57,"column":8}},{"start":{"line":57,"column":8},"end":{"line":57,"column":8}}]}}},"/Users/ross/Developer/workspace/stylus-lint/src/test.js":{"path":"/Users/ross/Developer/workspace/stylus-lint/src/test.js","s":{"1":1,"2":1,"3":12787,"4":12787,"5":1898,"6":16,"7":16,"8":16,"9":1882,"10":16,"11":16,"12":12771,"13":4,"14":4,"15":12767,"16":16,"17":16,"18":4,"19":4,"20":4,"21":12763,"22":12561,"23":1858,"24":0,"25":0,"26":12561,"27":11083,"28":380,"29":11083,"30":18,"31":18,"32":11065,"33":18,"34":18,"35":11047,"36":11047,"37":56,"38":11047,"39":0,"40":0,"41":0,"42":11047,"43":11047,"44":4,"45":11047,"46":11047,"47":8,"48":11047,"49":11047,"50":49,"51":11047,"52":0,"53":0,"54":11047,"55":11047,"56":4,"57":11047,"58":11047,"59":8,"60":11047,"61":0,"62":0,"63":11047,"64":0,"65":0,"66":0,"67":0,"68":11047,"69":0,"70":0,"71":0,"72":0,"73":11047,"74":11047,"75":2,"76":11047,"77":0,"78":0,"79":11047,"80":11047,"81":8,"82":11047,"83":0,"84":0,"85":11047,"86":0,"87":0,"88":11047,"89":11047,"90":4,"91":11047,"92":0,"93":0,"94":11047,"95":11047,"96":1,"97":11047,"98":0,"99":0,"100":0,"101":0,"102":11047,"103":11047,"104":34,"105":11047,"106":11047,"107":2,"108":11047,"109":11047,"110":20,"111":11047,"112":11047,"113":28},"b":{"1":[1898,10889],"2":[16,1882],"3":[16,1866],"4":[1882,40],"5":[4,12767],"6":[12771,12771],"7":[16,12751],"8":[4,12],"9":[12561,202],"10":[1858,10703],"11":[0,1858],"12":[1858,1858],"13":[0,0],"14":[11083,1478],"15":[380,10703],"16":[18,11065],"17":[18,11047],"18":[11047,0],"19":[11047,0],"20":[56,10991],"21":[0,11047],"22":[11047,11047],"23":[0,0],"24":[11047,0],"25":[11047,0],"26":[4,11043],"27":[11047,4],"28":[11047,0],"29":[11047,0],"30":[8,11039],"31":[11047,0],"32":[11047,0],"33":[49,10998],"34":[0,11047],"35":[11047,11047,11047],"36":[0,0],"37":[11047,0],"38":[11047,0],"39":[4,11043],"40":[11047,0],"41":[11047,0],"42":[8,11039],"43":[0,11047],"44":[11047,11047],"45":[0,0],"46":[0,11047],"47":[11047,11047],"48":[0,0],"49":[0,0],"50":[0,0],"51":[0,11047],"52":[11047,11047],"53":[0,0],"54":[0,0],"55":[0,0],"56":[11047,0],"57":[11047,0],"58":[2,11045],"59":[0,11047],"60":[11047,11047],"61":[0,0],"62":[11047,0],"63":[11047,0],"64":[8,11039],"65":[0,11047],"66":[11047,11047],"67":[0,0],"68":[0,11047],"69":[11047,11047],"70":[0,0],"71":[11047,0],"72":[11047,0],"73":[4,11043],"74":[0,11047],"75":[11047,11047],"76":[0,0],"77":[11047,0],"78":[11047,0],"79":[1,11046],"80":[0,11047],"81":[11047,11047],"82":[0,0],"83":[0,0],"84":[0,0],"85":[11047,0],"86":[11047,0],"87":[34,11013],"88":[11047,0],"89":[11047,0,0],"90":[2,11045],"91":[11047,0],"92":[11047,0],"93":[20,11027],"94":[11047,0],"95":[11047,0],"96":[28,11019]},"f":{"1":12787},"fnMap":{"1":{"name":"test","line":15,"loc":{"start":{"line":15,"column":17},"end":{"line":15,"column":63}}}},"statementMap":{"1":{"start":{"line":3,"column":0},"end":{"line":5,"column":41}},"2":{"start":{"line":15,"column":0},"end":{"line":274,"column":0}},"3":{"start":{"line":17,"column":4},"end":{"line":17,"column":30}},"4":{"start":{"line":20,"column":4},"end":{"line":35,"column":5}},"5":{"start":{"line":25,"column":8},"end":{"line":29,"column":9}},"6":{"start":{"line":26,"column":12},"end":{"line":26,"column":41}},"7":{"start":{"line":27,"column":12},"end":{"line":27,"column":43}},"8":{"start":{"line":28,"column":12},"end":{"line":28,"column":19}},"9":{"start":{"line":31,"column":8},"end":{"line":34,"column":9}},"10":{"start":{"line":32,"column":12},"end":{"line":32,"column":42}},"11":{"start":{"line":33,"column":12},"end":{"line":33,"column":42}},"12":{"start":{"line":38,"column":4},"end":{"line":41,"column":5}},"13":{"start":{"line":39,"column":8},"end":{"line":39,"column":34}},"14":{"start":{"line":40,"column":8},"end":{"line":40,"column":15}},"15":{"start":{"line":44,"column":4},"end":{"line":53,"column":5}},"16":{"start":{"line":45,"column":8},"end":{"line":45,"column":39}},"17":{"start":{"line":48,"column":8},"end":{"line":52,"column":9}},"18":{"start":{"line":49,"column":12},"end":{"line":49,"column":39}},"19":{"start":{"line":50,"column":12},"end":{"line":50,"column":42}},"20":{"start":{"line":51,"column":12},"end":{"line":51,"column":19}},"21":{"start":{"line":56,"column":4},"end":{"line":272,"column":5}},"22":{"start":{"line":58,"column":8},"end":{"line":64,"column":9}},"23":{"start":{"line":59,"column":12},"end":{"line":63,"column":13}},"24":{"start":{"line":60,"column":16},"end":{"line":62,"column":17}},"25":{"start":{"line":61,"column":20},"end":{"line":61,"column":151}},"26":{"start":{"line":67,"column":8},"end":{"line":271,"column":9}},"27":{"start":{"line":70,"column":12},"end":{"line":72,"column":13}},"28":{"start":{"line":71,"column":16},"end":{"line":71,"column":63}},"29":{"start":{"line":75,"column":12},"end":{"line":78,"column":13}},"30":{"start":{"line":76,"column":16},"end":{"line":76,"column":38}},"31":{"start":{"line":77,"column":16},"end":{"line":77,"column":23}},"32":{"start":{"line":81,"column":12},"end":{"line":84,"column":13}},"33":{"start":{"line":82,"column":16},"end":{"line":82,"column":39}},"34":{"start":{"line":83,"column":16},"end":{"line":83,"column":23}},"35":{"start":{"line":87,"column":12},"end":{"line":91,"column":13}},"36":{"start":{"line":88,"column":16},"end":{"line":90,"column":17}},"37":{"start":{"line":89,"column":20},"end":{"line":89,"column":152}},"38":{"start":{"line":94,"column":12},"end":{"line":99,"column":13}},"39":{"start":{"line":95,"column":16},"end":{"line":98,"column":17}},"40":{"start":{"line":96,"column":20},"end":{"line":96,"column":144}},"41":{"start":{"line":97,"column":20},"end":{"line":97,"column":27}},"42":{"start":{"line":102,"column":12},"end":{"line":106,"column":13}},"43":{"start":{"line":103,"column":16},"end":{"line":105,"column":17}},"44":{"start":{"line":104,"column":20},"end":{"line":104,"column":131}},"45":{"start":{"line":109,"column":12},"end":{"line":113,"column":13}},"46":{"start":{"line":110,"column":16},"end":{"line":112,"column":17}},"47":{"start":{"line":111,"column":20},"end":{"line":111,"column":163}},"48":{"start":{"line":116,"column":12},"end":{"line":120,"column":13}},"49":{"start":{"line":117,"column":16},"end":{"line":119,"column":17}},"50":{"start":{"line":118,"column":20},"end":{"line":118,"column":161}},"51":{"start":{"line":123,"column":12},"end":{"line":127,"column":13}},"52":{"start":{"line":124,"column":16},"end":{"line":126,"column":17}},"53":{"start":{"line":125,"column":20},"end":{"line":125,"column":166}},"54":{"start":{"line":130,"column":12},"end":{"line":134,"column":13}},"55":{"start":{"line":131,"column":16},"end":{"line":133,"column":17}},"56":{"start":{"line":132,"column":20},"end":{"line":132,"column":151}},"57":{"start":{"line":137,"column":12},"end":{"line":141,"column":13}},"58":{"start":{"line":138,"column":16},"end":{"line":140,"column":17}},"59":{"start":{"line":139,"column":20},"end":{"line":139,"column":160}},"60":{"start":{"line":144,"column":12},"end":{"line":148,"column":13}},"61":{"start":{"line":145,"column":16},"end":{"line":147,"column":17}},"62":{"start":{"line":146,"column":20},"end":{"line":146,"column":148}},"63":{"start":{"line":151,"column":12},"end":{"line":159,"column":13}},"64":{"start":{"line":152,"column":16},"end":{"line":154,"column":17}},"65":{"start":{"line":153,"column":20},"end":{"line":153,"column":55}},"66":{"start":{"line":156,"column":16},"end":{"line":158,"column":17}},"67":{"start":{"line":157,"column":20},"end":{"line":157,"column":179}},"68":{"start":{"line":162,"column":12},"end":{"line":170,"column":13}},"69":{"start":{"line":163,"column":16},"end":{"line":165,"column":17}},"70":{"start":{"line":164,"column":20},"end":{"line":164,"column":67}},"71":{"start":{"line":167,"column":16},"end":{"line":169,"column":17}},"72":{"start":{"line":168,"column":20},"end":{"line":168,"column":174}},"73":{"start":{"line":173,"column":12},"end":{"line":177,"column":13}},"74":{"start":{"line":174,"column":16},"end":{"line":176,"column":17}},"75":{"start":{"line":175,"column":20},"end":{"line":175,"column":148}},"76":{"start":{"line":180,"column":12},"end":{"line":184,"column":13}},"77":{"start":{"line":181,"column":16},"end":{"line":183,"column":17}},"78":{"start":{"line":182,"column":20},"end":{"line":182,"column":156}},"79":{"start":{"line":187,"column":12},"end":{"line":191,"column":13}},"80":{"start":{"line":188,"column":16},"end":{"line":190,"column":17}},"81":{"start":{"line":189,"column":20},"end":{"line":189,"column":163}},"82":{"start":{"line":194,"column":12},"end":{"line":198,"column":13}},"83":{"start":{"line":195,"column":16},"end":{"line":197,"column":17}},"84":{"start":{"line":196,"column":20},"end":{"line":196,"column":136}},"85":{"start":{"line":201,"column":12},"end":{"line":205,"column":13}},"86":{"start":{"line":202,"column":16},"end":{"line":204,"column":17}},"87":{"start":{"line":203,"column":20},"end":{"line":203,"column":140}},"88":{"start":{"line":208,"column":12},"end":{"line":212,"column":13}},"89":{"start":{"line":209,"column":16},"end":{"line":211,"column":17}},"90":{"start":{"line":210,"column":20},"end":{"line":210,"column":159}},"91":{"start":{"line":215,"column":12},"end":{"line":221,"column":13}},"92":{"start":{"line":218,"column":16},"end":{"line":220,"column":17}},"93":{"start":{"line":219,"column":20},"end":{"line":219,"column":134}},"94":{"start":{"line":224,"column":12},"end":{"line":228,"column":13}},"95":{"start":{"line":225,"column":16},"end":{"line":227,"column":17}},"96":{"start":{"line":226,"column":20},"end":{"line":226,"column":132}},"97":{"start":{"line":231,"column":12},"end":{"line":239,"column":13}},"98":{"start":{"line":232,"column":16},"end":{"line":234,"column":17}},"99":{"start":{"line":233,"column":20},"end":{"line":233,"column":46}},"100":{"start":{"line":236,"column":16},"end":{"line":238,"column":17}},"101":{"start":{"line":237,"column":20},"end":{"line":237,"column":169}},"102":{"start":{"line":242,"column":12},"end":{"line":249,"column":13}},"103":{"start":{"line":243,"column":16},"end":{"line":245,"column":17}},"104":{"start":{"line":244,"column":20},"end":{"line":244,"column":134}},"105":{"start":{"line":252,"column":12},"end":{"line":256,"column":13}},"106":{"start":{"line":253,"column":16},"end":{"line":255,"column":17}},"107":{"start":{"line":254,"column":20},"end":{"line":254,"column":156}},"108":{"start":{"line":259,"column":12},"end":{"line":264,"column":13}},"109":{"start":{"line":261,"column":16},"end":{"line":263,"column":17}},"110":{"start":{"line":262,"column":20},"end":{"line":262,"column":165}},"111":{"start":{"line":266,"column":12},"end":{"line":270,"column":13}},"112":{"start":{"line":267,"column":16},"end":{"line":269,"column":17}},"113":{"start":{"line":268,"column":20},"end":{"line":268,"column":151}}},"branchMap":{"1":{"line":20,"type":"if","locations":[{"start":{"line":20,"column":4},"end":{"line":20,"column":4}},{"start":{"line":20,"column":4},"end":{"line":20,"column":4}}]},"2":{"line":25,"type":"if","locations":[{"start":{"line":25,"column":8},"end":{"line":25,"column":8}},{"start":{"line":25,"column":8},"end":{"line":25,"column":8}}]},"3":{"line":31,"type":"if","locations":[{"start":{"line":31,"column":8},"end":{"line":31,"column":8}},{"start":{"line":31,"column":8},"end":{"line":31,"column":8}}]},"4":{"line":31,"type":"binary-expr","locations":[{"start":{"line":31,"column":13},"end":{"line":31,"column":34}},{"start":{"line":31,"column":38},"end":{"line":31,"column":72}}]},"5":{"line":38,"type":"if","locations":[{"start":{"line":38,"column":4},"end":{"line":38,"column":4}},{"start":{"line":38,"column":4},"end":{"line":38,"column":4}}]},"6":{"line":38,"type":"binary-expr","locations":[{"start":{"line":38,"column":9},"end":{"line":38,"column":40}},{"start":{"line":38,"column":44},"end":{"line":38,"column":71}}]},"7":{"line":44,"type":"if","locations":[{"start":{"line":44,"column":4},"end":{"line":44,"column":4}},{"start":{"line":44,"column":4},"end":{"line":44,"column":4}}]},"8":{"line":48,"type":"if","locations":[{"start":{"line":48,"column":8},"end":{"line":48,"column":8}},{"start":{"line":48,"column":8},"end":{"line":48,"column":8}}]},"9":{"line":56,"type":"if","locations":[{"start":{"line":56,"column":4},"end":{"line":56,"column":4}},{"start":{"line":56,"column":4},"end":{"line":56,"column":4}}]},"10":{"line":58,"type":"if","locations":[{"start":{"line":58,"column":8},"end":{"line":58,"column":8}},{"start":{"line":58,"column":8},"end":{"line":58,"column":8}}]},"11":{"line":59,"type":"if","locations":[{"start":{"line":59,"column":12},"end":{"line":59,"column":12}},{"start":{"line":59,"column":12},"end":{"line":59,"column":12}}]},"12":{"line":59,"type":"binary-expr","locations":[{"start":{"line":59,"column":17},"end":{"line":59,"column":40}},{"start":{"line":59,"column":44},"end":{"line":59,"column":64}}]},"13":{"line":60,"type":"if","locations":[{"start":{"line":60,"column":16},"end":{"line":60,"column":16}},{"start":{"line":60,"column":16},"end":{"line":60,"column":16}}]},"14":{"line":67,"type":"if","locations":[{"start":{"line":67,"column":8},"end":{"line":67,"column":8}},{"start":{"line":67,"column":8},"end":{"line":67,"column":8}}]},"15":{"line":70,"type":"if","locations":[{"start":{"line":70,"column":12},"end":{"line":70,"column":12}},{"start":{"line":70,"column":12},"end":{"line":70,"column":12}}]},"16":{"line":75,"type":"if","locations":[{"start":{"line":75,"column":12},"end":{"line":75,"column":12}},{"start":{"line":75,"column":12},"end":{"line":75,"column":12}}]},"17":{"line":81,"type":"if","locations":[{"start":{"line":81,"column":12},"end":{"line":81,"column":12}},{"start":{"line":81,"column":12},"end":{"line":81,"column":12}}]},"18":{"line":87,"type":"if","locations":[{"start":{"line":87,"column":12},"end":{"line":87,"column":12}},{"start":{"line":87,"column":12},"end":{"line":87,"column":12}}]},"19":{"line":87,"type":"binary-expr","locations":[{"start":{"line":87,"column":17},"end":{"line":87,"column":40}},{"start":{"line":87,"column":44},"end":{"line":87,"column":64}}]},"20":{"line":88,"type":"if","locations":[{"start":{"line":88,"column":16},"end":{"line":88,"column":16}},{"start":{"line":88,"column":16},"end":{"line":88,"column":16}}]},"21":{"line":94,"type":"if","locations":[{"start":{"line":94,"column":12},"end":{"line":94,"column":12}},{"start":{"line":94,"column":12},"end":{"line":94,"column":12}}]},"22":{"line":94,"type":"binary-expr","locations":[{"start":{"line":94,"column":17},"end":{"line":94,"column":38}},{"start":{"line":94,"column":42},"end":{"line":94,"column":62}}]},"23":{"line":95,"type":"if","locations":[{"start":{"line":95,"column":16},"end":{"line":95,"column":16}},{"start":{"line":95,"column":16},"end":{"line":95,"column":16}}]},"24":{"line":102,"type":"if","locations":[{"start":{"line":102,"column":12},"end":{"line":102,"column":12}},{"start":{"line":102,"column":12},"end":{"line":102,"column":12}}]},"25":{"line":102,"type":"binary-expr","locations":[{"start":{"line":102,"column":17},"end":{"line":102,"column":36}},{"start":{"line":102,"column":40},"end":{"line":102,"column":60}}]},"26":{"line":103,"type":"if","locations":[{"start":{"line":103,"column":16},"end":{"line":103,"column":16}},{"start":{"line":103,"column":16},"end":{"line":103,"column":16}}]},"27":{"line":103,"type":"binary-expr","locations":[{"start":{"line":103,"column":21},"end":{"line":103,"column":57}},{"start":{"line":103,"column":61},"end":{"line":103,"column":80}}]},"28":{"line":109,"type":"if","locations":[{"start":{"line":109,"column":12},"end":{"line":109,"column":12}},{"start":{"line":109,"column":12},"end":{"line":109,"column":12}}]},"29":{"line":109,"type":"binary-expr","locations":[{"start":{"line":109,"column":17},"end":{"line":109,"column":38}},{"start":{"line":109,"column":42},"end":{"line":109,"column":62}}]},"30":{"line":110,"type":"if","locations":[{"start":{"line":110,"column":16},"end":{"line":110,"column":16}},{"start":{"line":110,"column":16},"end":{"line":110,"column":16}}]},"31":{"line":116,"type":"if","locations":[{"start":{"line":116,"column":12},"end":{"line":116,"column":12}},{"start":{"line":116,"column":12},"end":{"line":116,"column":12}}]},"32":{"line":116,"type":"binary-expr","locations":[{"start":{"line":116,"column":17},"end":{"line":116,"column":38}},{"start":{"line":116,"column":42},"end":{"line":116,"column":62}}]},"33":{"line":117,"type":"if","locations":[{"start":{"line":117,"column":16},"end":{"line":117,"column":16}},{"start":{"line":117,"column":16},"end":{"line":117,"column":16}}]},"34":{"line":123,"type":"if","locations":[{"start":{"line":123,"column":12},"end":{"line":123,"column":12}},{"start":{"line":123,"column":12},"end":{"line":123,"column":12}}]},"35":{"line":123,"type":"binary-expr","locations":[{"start":{"line":123,"column":17},"end":{"line":123,"column":38}},{"start":{"line":123,"column":42},"end":{"line":123,"column":63}},{"start":{"line":123,"column":67},"end":{"line":123,"column":87}}]},"36":{"line":124,"type":"if","locations":[{"start":{"line":124,"column":16},"end":{"line":124,"column":16}},{"start":{"line":124,"column":16},"end":{"line":124,"column":16}}]},"37":{"line":130,"type":"if","locations":[{"start":{"line":130,"column":12},"end":{"line":130,"column":12}},{"start":{"line":130,"column":12},"end":{"line":130,"column":12}}]},"38":{"line":130,"type":"binary-expr","locations":[{"start":{"line":130,"column":17},"end":{"line":130,"column":38}},{"start":{"line":130,"column":42},"end":{"line":130,"column":62}}]},"39":{"line":131,"type":"if","locations":[{"start":{"line":131,"column":16},"end":{"line":131,"column":16}},{"start":{"line":131,"column":16},"end":{"line":131,"column":16}}]},"40":{"line":137,"type":"if","locations":[{"start":{"line":137,"column":12},"end":{"line":137,"column":12}},{"start":{"line":137,"column":12},"end":{"line":137,"column":12}}]},"41":{"line":137,"type":"binary-expr","locations":[{"start":{"line":137,"column":17},"end":{"line":137,"column":39}},{"start":{"line":137,"column":43},"end":{"line":137,"column":63}}]},"42":{"line":138,"type":"if","locations":[{"start":{"line":138,"column":16},"end":{"line":138,"column":16}},{"start":{"line":138,"column":16},"end":{"line":138,"column":16}}]},"43":{"line":144,"type":"if","locations":[{"start":{"line":144,"column":12},"end":{"line":144,"column":12}},{"start":{"line":144,"column":12},"end":{"line":144,"column":12}}]},"44":{"line":144,"type":"binary-expr","locations":[{"start":{"line":144,"column":17},"end":{"line":144,"column":45}},{"start":{"line":144,"column":49},"end":{"line":144,"column":69}}]},"45":{"line":145,"type":"if","locations":[{"start":{"line":145,"column":16},"end":{"line":145,"column":16}},{"start":{"line":145,"column":16},"end":{"line":145,"column":16}}]},"46":{"line":151,"type":"if","locations":[{"start":{"line":151,"column":12},"end":{"line":151,"column":12}},{"start":{"line":151,"column":12},"end":{"line":151,"column":12}}]},"47":{"line":151,"type":"binary-expr","locations":[{"start":{"line":151,"column":17},"end":{"line":151,"column":38}},{"start":{"line":151,"column":42},"end":{"line":151,"column":62}}]},"48":{"line":152,"type":"if","locations":[{"start":{"line":152,"column":16},"end":{"line":152,"column":16}},{"start":{"line":152,"column":16},"end":{"line":152,"column":16}}]},"49":{"line":152,"type":"binary-expr","locations":[{"start":{"line":152,"column":21},"end":{"line":152,"column":41}},{"start":{"line":152,"column":45},"end":{"line":152,"column":76}}]},"50":{"line":156,"type":"if","locations":[{"start":{"line":156,"column":16},"end":{"line":156,"column":16}},{"start":{"line":156,"column":16},"end":{"line":156,"column":16}}]},"51":{"line":162,"type":"if","locations":[{"start":{"line":162,"column":12},"end":{"line":162,"column":12}},{"start":{"line":162,"column":12},"end":{"line":162,"column":12}}]},"52":{"line":162,"type":"binary-expr","locations":[{"start":{"line":162,"column":17},"end":{"line":162,"column":44}},{"start":{"line":162,"column":48},"end":{"line":162,"column":68}}]},"53":{"line":163,"type":"if","locations":[{"start":{"line":163,"column":16},"end":{"line":163,"column":16}},{"start":{"line":163,"column":16},"end":{"line":163,"column":16}}]},"54":{"line":163,"type":"binary-expr","locations":[{"start":{"line":163,"column":21},"end":{"line":163,"column":41}},{"start":{"line":163,"column":45},"end":{"line":163,"column":82}}]},"55":{"line":167,"type":"if","locations":[{"start":{"line":167,"column":16},"end":{"line":167,"column":16}},{"start":{"line":167,"column":16},"end":{"line":167,"column":16}}]},"56":{"line":173,"type":"if","locations":[{"start":{"line":173,"column":12},"end":{"line":173,"column":12}},{"start":{"line":173,"column":12},"end":{"line":173,"column":12}}]},"57":{"line":173,"type":"binary-expr","locations":[{"start":{"line":173,"column":17},"end":{"line":173,"column":40}},{"start":{"line":173,"column":44},"end":{"line":173,"column":64}}]},"58":{"line":174,"type":"if","locations":[{"start":{"line":174,"column":16},"end":{"line":174,"column":16}},{"start":{"line":174,"column":16},"end":{"line":174,"column":16}}]},"59":{"line":180,"type":"if","locations":[{"start":{"line":180,"column":12},"end":{"line":180,"column":12}},{"start":{"line":180,"column":12},"end":{"line":180,"column":12}}]},"60":{"line":180,"type":"binary-expr","locations":[{"start":{"line":180,"column":17},"end":{"line":180,"column":43}},{"start":{"line":180,"column":47},"end":{"line":180,"column":67}}]},"61":{"line":181,"type":"if","locations":[{"start":{"line":181,"column":16},"end":{"line":181,"column":16}},{"start":{"line":181,"column":16},"end":{"line":181,"column":16}}]},"62":{"line":187,"type":"if","locations":[{"start":{"line":187,"column":12},"end":{"line":187,"column":12}},{"start":{"line":187,"column":12},"end":{"line":187,"column":12}}]},"63":{"line":187,"type":"binary-expr","locations":[{"start":{"line":187,"column":17},"end":{"line":187,"column":37}},{"start":{"line":187,"column":41},"end":{"line":187,"column":61}}]},"64":{"line":188,"type":"if","locations":[{"start":{"line":188,"column":16},"end":{"line":188,"column":16}},{"start":{"line":188,"column":16},"end":{"line":188,"column":16}}]},"65":{"line":194,"type":"if","locations":[{"start":{"line":194,"column":12},"end":{"line":194,"column":12}},{"start":{"line":194,"column":12},"end":{"line":194,"column":12}}]},"66":{"line":194,"type":"binary-expr","locations":[{"start":{"line":194,"column":17},"end":{"line":194,"column":34}},{"start":{"line":194,"column":38},"end":{"line":194,"column":58}}]},"67":{"line":195,"type":"if","locations":[{"start":{"line":195,"column":16},"end":{"line":195,"column":16}},{"start":{"line":195,"column":16},"end":{"line":195,"column":16}}]},"68":{"line":201,"type":"if","locations":[{"start":{"line":201,"column":12},"end":{"line":201,"column":12}},{"start":{"line":201,"column":12},"end":{"line":201,"column":12}}]},"69":{"line":201,"type":"binary-expr","locations":[{"start":{"line":201,"column":17},"end":{"line":201,"column":38}},{"start":{"line":201,"column":42},"end":{"line":201,"column":62}}]},"70":{"line":202,"type":"if","locations":[{"start":{"line":202,"column":16},"end":{"line":202,"column":16}},{"start":{"line":202,"column":16},"end":{"line":202,"column":16}}]},"71":{"line":208,"type":"if","locations":[{"start":{"line":208,"column":12},"end":{"line":208,"column":12}},{"start":{"line":208,"column":12},"end":{"line":208,"column":12}}]},"72":{"line":208,"type":"binary-expr","locations":[{"start":{"line":208,"column":17},"end":{"line":208,"column":37}},{"start":{"line":208,"column":41},"end":{"line":208,"column":61}}]},"73":{"line":209,"type":"if","locations":[{"start":{"line":209,"column":16},"end":{"line":209,"column":16}},{"start":{"line":209,"column":16},"end":{"line":209,"column":16}}]},"74":{"line":215,"type":"if","locations":[{"start":{"line":215,"column":12},"end":{"line":215,"column":12}},{"start":{"line":215,"column":12},"end":{"line":215,"column":12}}]},"75":{"line":215,"type":"binary-expr","locations":[{"start":{"line":215,"column":17},"end":{"line":215,"column":33}},{"start":{"line":215,"column":37},"end":{"line":215,"column":57}}]},"76":{"line":218,"type":"if","locations":[{"start":{"line":218,"column":16},"end":{"line":218,"column":16}},{"start":{"line":218,"column":16},"end":{"line":218,"column":16}}]},"77":{"line":224,"type":"if","locations":[{"start":{"line":224,"column":12},"end":{"line":224,"column":12}},{"start":{"line":224,"column":12},"end":{"line":224,"column":12}}]},"78":{"line":224,"type":"binary-expr","locations":[{"start":{"line":224,"column":17},"end":{"line":224,"column":46}},{"start":{"line":224,"column":50},"end":{"line":224,"column":70}}]},"79":{"line":225,"type":"if","locations":[{"start":{"line":225,"column":16},"end":{"line":225,"column":16}},{"start":{"line":225,"column":16},"end":{"line":225,"column":16}}]},"80":{"line":231,"type":"if","locations":[{"start":{"line":231,"column":12},"end":{"line":231,"column":12}},{"start":{"line":231,"column":12},"end":{"line":231,"column":12}}]},"81":{"line":231,"type":"binary-expr","locations":[{"start":{"line":231,"column":17},"end":{"line":231,"column":38}},{"start":{"line":231,"column":42},"end":{"line":231,"column":62}}]},"82":{"line":232,"type":"if","locations":[{"start":{"line":232,"column":16},"end":{"line":232,"column":16}},{"start":{"line":232,"column":16},"end":{"line":232,"column":16}}]},"83":{"line":232,"type":"binary-expr","locations":[{"start":{"line":232,"column":21},"end":{"line":232,"column":41}},{"start":{"line":232,"column":45},"end":{"line":232,"column":76}}]},"84":{"line":236,"type":"if","locations":[{"start":{"line":236,"column":16},"end":{"line":236,"column":16}},{"start":{"line":236,"column":16},"end":{"line":236,"column":16}}]},"85":{"line":242,"type":"if","locations":[{"start":{"line":242,"column":12},"end":{"line":242,"column":12}},{"start":{"line":242,"column":12},"end":{"line":242,"column":12}}]},"86":{"line":242,"type":"binary-expr","locations":[{"start":{"line":242,"column":17},"end":{"line":242,"column":33}},{"start":{"line":242,"column":37},"end":{"line":242,"column":57}}]},"87":{"line":243,"type":"if","locations":[{"start":{"line":243,"column":16},"end":{"line":243,"column":16}},{"start":{"line":243,"column":16},"end":{"line":243,"column":16}}]},"88":{"line":252,"type":"if","locations":[{"start":{"line":252,"column":12},"end":{"line":252,"column":12}},{"start":{"line":252,"column":12},"end":{"line":252,"column":12}}]},"89":{"line":252,"type":"binary-expr","locations":[{"start":{"line":252,"column":17},"end":{"line":252,"column":37}},{"start":{"line":252,"column":41},"end":{"line":252,"column":64}},{"start":{"line":252,"column":68},"end":{"line":252,"column":88}}]},"90":{"line":253,"type":"if","locations":[{"start":{"line":253,"column":16},"end":{"line":253,"column":16}},{"start":{"line":253,"column":16},"end":{"line":253,"column":16}}]},"91":{"line":259,"type":"if","locations":[{"start":{"line":259,"column":12},"end":{"line":259,"column":12}},{"start":{"line":259,"column":12},"end":{"line":259,"column":12}}]},"92":{"line":259,"type":"binary-expr","locations":[{"start":{"line":259,"column":17},"end":{"line":259,"column":44}},{"start":{"line":259,"column":48},"end":{"line":259,"column":68}}]},"93":{"line":261,"type":"if","locations":[{"start":{"line":261,"column":16},"end":{"line":261,"column":16}},{"start":{"line":261,"column":16},"end":{"line":261,"column":16}}]},"94":{"line":266,"type":"if","locations":[{"start":{"line":266,"column":12},"end":{"line":266,"column":12}},{"start":{"line":266,"column":12},"end":{"line":266,"column":12}}]},"95":{"line":266,"type":"binary-expr","locations":[{"start":{"line":266,"column":17},"end":{"line":266,"column":43}},{"start":{"line":266,"column":47},"end":{"line":266,"column":67}}]},"96":{"line":267,"type":"if","locations":[{"start":{"line":267,"column":16},"end":{"line":267,"column":16}},{"start":{"line":267,"column":16},"end":{"line":267,"column":16}}]}}},"/Users/ross/Developer/workspace/stylus-lint/src/data/getValid.js":{"path":"/Users/ross/Developer/workspace/stylus-lint/src/data/getValid.js","s":{"1":1,"2":1,"3":2},"b":{},"f":{"1":2},"fnMap":{"1":{"name":"getValidJSON","line":3,"loc":{"start":{"line":3,"column":17},"end":{"line":3,"column":41}}}},"statementMap":{"1":{"start":{"line":1,"column":0},"end":{"line":1,"column":23}},"2":{"start":{"line":3,"column":0},"end":{"line":7,"column":0}},"3":{"start":{"line":5,"column":4},"end":{"line":5,"column":68}}},"branchMap":{}},"/Users/ross/Developer/workspace/stylus-lint/src/version.js":{"path":"/Users/ross/Developer/workspace/stylus-lint/src/version.js","s":{"1":1,"2":1,"3":1,"4":1,"5":0,"6":1},"b":{"1":[0,1]},"f":{"1":1,"2":1},"fnMap":{"1":{"name":"version","line":8,"loc":{"start":{"line":8,"column":17},"end":{"line":8,"column":41}}},"2":{"name":"(anonymous_2)","line":10,"loc":{"start":{"line":10,"column":8},"end":{"line":10,"column":30}}}},"statementMap":{"1":{"start":{"line":3,"column":0},"end":{"line":5,"column":29}},"2":{"start":{"line":8,"column":0},"end":{"line":16,"column":0}},"3":{"start":{"line":9,"column":4},"end":{"line":14,"column":6}},"4":{"start":{"line":11,"column":12},"end":{"line":11,"column":37}},"5":{"start":{"line":11,"column":25},"end":{"line":11,"column":35}},"6":{"start":{"line":12,"column":12},"end":{"line":12,"column":102}}},"branchMap":{"1":{"line":11,"type":"if","locations":[{"start":{"line":11,"column":12},"end":{"line":11,"column":12}},{"start":{"line":11,"column":12},"end":{"line":11,"column":12}}]}}},"/Users/ross/Developer/workspace/stylus-lint/src/watch.js":{"path":"/Users/ross/Developer/workspace/stylus-lint/src/watch.js","s":{"1":1,"2":1,"3":1,"4":0,"5":1,"6":1,"7":1,"8":1,"9":0,"10":0},"b":{"1":[0,1]},"f":{"1":1,"2":1,"3":0},"fnMap":{"1":{"name":"watch","line":13,"loc":{"start":{"line":13,"column":17},"end":{"line":13,"column":45}}},"2":{"name":"(anonymous_2)","line":18,"loc":{"start":{"line":18,"column":24},"end":{"line":18,"column":35}}},"3":{"name":"(anonymous_3)","line":23,"loc":{"start":{"line":23,"column":25},"end":{"line":23,"column":45}}}},"statementMap":{"1":{"start":{"line":3,"column":0},"end":{"line":5,"column":35}},"2":{"start":{"line":13,"column":0},"end":{"line":28,"column":0}},"3":{"start":{"line":14,"column":4},"end":{"line":14,"column":50}},"4":{"start":{"line":14,"column":41},"end":{"line":14,"column":48}},"5":{"start":{"line":15,"column":4},"end":{"line":15,"column":41}},"6":{"start":{"line":18,"column":4},"end":{"line":20,"column":7}},"7":{"start":{"line":19,"column":8},"end":{"line":19,"column":78}},"8":{"start":{"line":23,"column":4},"end":{"line":26,"column":7}},"9":{"start":{"line":24,"column":8},"end":{"line":24,"column":32}},"10":{"start":{"line":25,"column":8},"end":{"line":25,"column":40}}},"branchMap":{"1":{"line":14,"type":"if","locations":[{"start":{"line":14,"column":4},"end":{"line":14,"column":4}},{"start":{"line":14,"column":4},"end":{"line":14,"column":4}}]}}},"/Users/ross/Developer/workspace/stylus-lint/src/checks/alphabetCheck.js":{"path":"/Users/ross/Developer/workspace/stylus-lint/src/checks/alphabetCheck.js","s":{"1":1,"2":1,"3":11051,"4":3,"5":11048,"6":11048,"7":40577,"8":24973,"9":15604,"10":11048,"11":40577,"12":11048,"13":8223,"14":11048,"15":3277,"16":393240,"17":393240,"18":2219,"19":2219,"20":391021,"21":1563944,"22":76,"23":76,"24":390945,"25":7037010,"26":0,"27":0,"28":3277,"29":2295,"30":7771,"31":3277,"32":232,"33":3045,"34":762,"35":2283,"36":3723,"37":2283,"38":2283,"39":2283,"40":1691,"41":3131,"42":232,"43":232,"44":2899,"45":347880,"46":347880,"47":2693,"48":2693,"49":345187,"50":1380446,"51":206,"52":206,"53":344981,"54":6209658,"55":0,"56":0,"57":2899,"58":353678,"59":353678,"60":0,"61":0,"62":353678,"63":6366204,"64":0,"65":0,"66":592,"67":2283,"68":2283},"b":{"1":[3,11048],"2":[11051,11049],"3":[24973,15604],"4":[8223,2825],"5":[3277,7771],"6":[11048,6894,6894,5379],"7":[2219,391021],"8":[76,1563868],"9":[0,7037010],"10":[2295,982],"11":[232,3045],"12":[3277,232],"13":[762,2283],"14":[3045,3045],"15":[2283,0],"16":[1691,592],"17":[2283,2283],"18":[232,2899],"19":[2693,345187],"20":[206,1380240],"21":[0,6209658],"22":[0,353678],"23":[0,6366204]},"f":{"1":11051,"2":40577,"3":40577,"4":393240,"5":3723,"6":3131,"7":347880,"8":353678},"fnMap":{"1":{"name":"sortAlphabetically","line":9,"loc":{"start":{"line":9,"column":17},"end":{"line":9,"column":60}}},"2":{"name":"(anonymous_2)","line":22,"loc":{"start":{"line":22,"column":16},"end":{"line":22,"column":35}}},"3":{"name":"(anonymous_3)","line":32,"loc":{"start":{"line":32,"column":21},"end":{"line":32,"column":37}}},"4":{"name":"(anonymous_4)","line":43,"loc":{"start":{"line":43,"column":26},"end":{"line":43,"column":49}}},"5":{"name":"(anonymous_5)","line":101,"loc":{"start":{"line":101,"column":28},"end":{"line":101,"column":47}}},"6":{"name":"(anonymous_6)","line":114,"loc":{"start":{"line":114,"column":36},"end":{"line":114,"column":55}}},"7":{"name":"(anonymous_7)","line":122,"loc":{"start":{"line":122,"column":38},"end":{"line":122,"column":61}}},"8":{"name":"(anonymous_8)","line":145,"loc":{"start":{"line":145,"column":39},"end":{"line":145,"column":62}}}},"statementMap":{"1":{"start":{"line":3,"column":0},"end":{"line":6,"column":80}},"2":{"start":{"line":9,"column":0},"end":{"line":175,"column":0}},"3":{"start":{"line":10,"column":4},"end":{"line":10,"column":76}},"4":{"start":{"line":10,"column":67},"end":{"line":10,"column":74}},"5":{"start":{"line":12,"column":4},"end":{"line":19,"column":25}},"6":{"start":{"line":22,"column":4},"end":{"line":29,"column":20}},"7":{"start":{"line":23,"column":8},"end":{"line":28,"column":9}},"8":{"start":{"line":24,"column":12},"end":{"line":24,"column":26}},"9":{"start":{"line":27,"column":12},"end":{"line":27,"column":65}},"10":{"start":{"line":32,"column":4},"end":{"line":34,"column":7}},"11":{"start":{"line":33,"column":8},"end":{"line":33,"column":30}},"12":{"start":{"line":37,"column":4},"end":{"line":39,"column":5}},"13":{"start":{"line":38,"column":8},"end":{"line":38,"column":29}},"14":{"start":{"line":42,"column":4},"end":{"line":90,"column":5}},"15":{"start":{"line":43,"column":8},"end":{"line":64,"column":24}},"16":{"start":{"line":44,"column":12},"end":{"line":44,"column":29}},"17":{"start":{"line":46,"column":12},"end":{"line":49,"column":13}},"18":{"start":{"line":47,"column":16},"end":{"line":47,"column":32}},"19":{"start":{"line":48,"column":16},"end":{"line":48,"column":23}},"20":{"start":{"line":51,"column":12},"end":{"line":56,"column":13}},"21":{"start":{"line":52,"column":16},"end":{"line":55,"column":17}},"22":{"start":{"line":53,"column":20},"end":{"line":53,"column":36}},"23":{"start":{"line":54,"column":20},"end":{"line":54,"column":27}},"24":{"start":{"line":58,"column":12},"end":{"line":63,"column":13}},"25":{"start":{"line":59,"column":16},"end":{"line":62,"column":17}},"26":{"start":{"line":60,"column":20},"end":{"line":60,"column":36}},"27":{"start":{"line":61,"column":20},"end":{"line":61,"column":27}},"28":{"start":{"line":83,"column":8},"end":{"line":86,"column":9}},"29":{"start":{"line":84,"column":12},"end":{"line":84,"column":45}},"30":{"start":{"line":89,"column":8},"end":{"line":89,"column":20}},"31":{"start":{"line":92,"column":4},"end":{"line":94,"column":5}},"32":{"start":{"line":93,"column":8},"end":{"line":93,"column":20}},"33":{"start":{"line":96,"column":4},"end":{"line":98,"column":5}},"34":{"start":{"line":97,"column":8},"end":{"line":97,"column":20}},"35":{"start":{"line":101,"column":4},"end":{"line":103,"column":20}},"36":{"start":{"line":102,"column":8},"end":{"line":102,"column":45}},"37":{"start":{"line":106,"column":4},"end":{"line":106,"column":33}},"38":{"start":{"line":109,"column":4},"end":{"line":166,"column":5}},"39":{"start":{"line":111,"column":8},"end":{"line":165,"column":9}},"40":{"start":{"line":114,"column":12},"end":{"line":161,"column":28}},"41":{"start":{"line":116,"column":16},"end":{"line":160,"column":17}},"42":{"start":{"line":117,"column":20},"end":{"line":117,"column":39}},"43":{"start":{"line":118,"column":20},"end":{"line":118,"column":27}},"44":{"start":{"line":122,"column":20},"end":{"line":143,"column":36}},"45":{"start":{"line":123,"column":24},"end":{"line":123,"column":41}},"46":{"start":{"line":125,"column":24},"end":{"line":128,"column":25}},"47":{"start":{"line":126,"column":28},"end":{"line":126,"column":46}},"48":{"start":{"line":127,"column":28},"end":{"line":127,"column":35}},"49":{"start":{"line":130,"column":24},"end":{"line":135,"column":25}},"50":{"start":{"line":131,"column":28},"end":{"line":134,"column":29}},"51":{"start":{"line":132,"column":32},"end":{"line":132,"column":50}},"52":{"start":{"line":133,"column":32},"end":{"line":133,"column":39}},"53":{"start":{"line":137,"column":24},"end":{"line":142,"column":25}},"54":{"start":{"line":138,"column":28},"end":{"line":141,"column":29}},"55":{"start":{"line":139,"column":32},"end":{"line":139,"column":50}},"56":{"start":{"line":140,"column":32},"end":{"line":140,"column":39}},"57":{"start":{"line":145,"column":20},"end":{"line":159,"column":36}},"58":{"start":{"line":146,"column":24},"end":{"line":146,"column":41}},"59":{"start":{"line":148,"column":24},"end":{"line":151,"column":25}},"60":{"start":{"line":149,"column":28},"end":{"line":149,"column":46}},"61":{"start":{"line":150,"column":28},"end":{"line":150,"column":35}},"62":{"start":{"line":153,"column":24},"end":{"line":158,"column":25}},"63":{"start":{"line":154,"column":28},"end":{"line":157,"column":29}},"64":{"start":{"line":155,"column":32},"end":{"line":155,"column":50}},"65":{"start":{"line":156,"column":32},"end":{"line":156,"column":39}},"66":{"start":{"line":164,"column":12},"end":{"line":164,"column":30}},"67":{"start":{"line":169,"column":4},"end":{"line":169,"column":30}},"68":{"start":{"line":173,"column":4},"end":{"line":173,"column":22}}},"branchMap":{"1":{"line":10,"type":"if","locations":[{"start":{"line":10,"column":4},"end":{"line":10,"column":4}},{"start":{"line":10,"column":4},"end":{"line":10,"column":4}}]},"2":{"line":10,"type":"binary-expr","locations":[{"start":{"line":10,"column":9},"end":{"line":10,"column":33}},{"start":{"line":10,"column":37},"end":{"line":10,"column":62}}]},"3":{"line":23,"type":"if","locations":[{"start":{"line":23,"column":8},"end":{"line":23,"column":8}},{"start":{"line":23,"column":8},"end":{"line":23,"column":8}}]},"4":{"line":37,"type":"if","locations":[{"start":{"line":37,"column":4},"end":{"line":37,"column":4}},{"start":{"line":37,"column":4},"end":{"line":37,"column":4}}]},"5":{"line":42,"type":"if","locations":[{"start":{"line":42,"column":4},"end":{"line":42,"column":4}},{"start":{"line":42,"column":4},"end":{"line":42,"column":4}}]},"6":{"line":42,"type":"binary-expr","locations":[{"start":{"line":42,"column":9},"end":{"line":42,"column":38}},{"start":{"line":42,"column":42},"end":{"line":42,"column":59}},{"start":{"line":42,"column":63},"end":{"line":42,"column":78}},{"start":{"line":42,"column":82},"end":{"line":42,"column":104}}]},"7":{"line":46,"type":"if","locations":[{"start":{"line":46,"column":12},"end":{"line":46,"column":12}},{"start":{"line":46,"column":12},"end":{"line":46,"column":12}}]},"8":{"line":52,"type":"if","locations":[{"start":{"line":52,"column":16},"end":{"line":52,"column":16}},{"start":{"line":52,"column":16},"end":{"line":52,"column":16}}]},"9":{"line":59,"type":"if","locations":[{"start":{"line":59,"column":16},"end":{"line":59,"column":16}},{"start":{"line":59,"column":16},"end":{"line":59,"column":16}}]},"10":{"line":83,"type":"if","locations":[{"start":{"line":83,"column":8},"end":{"line":83,"column":8}},{"start":{"line":83,"column":8},"end":{"line":83,"column":8}}]},"11":{"line":92,"type":"if","locations":[{"start":{"line":92,"column":4},"end":{"line":92,"column":4}},{"start":{"line":92,"column":4},"end":{"line":92,"column":4}}]},"12":{"line":92,"type":"binary-expr","locations":[{"start":{"line":92,"column":9},"end":{"line":92,"column":33}},{"start":{"line":92,"column":37},"end":{"line":92,"column":61}}]},"13":{"line":96,"type":"if","locations":[{"start":{"line":96,"column":4},"end":{"line":96,"column":4}},{"start":{"line":96,"column":4},"end":{"line":96,"column":4}}]},"14":{"line":96,"type":"binary-expr","locations":[{"start":{"line":96,"column":9},"end":{"line":96,"column":30}},{"start":{"line":96,"column":34},"end":{"line":96,"column":60}}]},"15":{"line":109,"type":"if","locations":[{"start":{"line":109,"column":4},"end":{"line":109,"column":4}},{"start":{"line":109,"column":4},"end":{"line":109,"column":4}}]},"16":{"line":111,"type":"if","locations":[{"start":{"line":111,"column":8},"end":{"line":111,"column":8}},{"start":{"line":111,"column":8},"end":{"line":111,"column":8}}]},"17":{"line":111,"type":"binary-expr","locations":[{"start":{"line":111,"column":13},"end":{"line":111,"column":38}},{"start":{"line":111,"column":42},"end":{"line":111,"column":69}}]},"18":{"line":116,"type":"if","locations":[{"start":{"line":116,"column":16},"end":{"line":116,"column":16}},{"start":{"line":116,"column":16},"end":{"line":116,"column":16}}]},"19":{"line":125,"type":"if","locations":[{"start":{"line":125,"column":24},"end":{"line":125,"column":24}},{"start":{"line":125,"column":24},"end":{"line":125,"column":24}}]},"20":{"line":131,"type":"if","locations":[{"start":{"line":131,"column":28},"end":{"line":131,"column":28}},{"start":{"line":131,"column":28},"end":{"line":131,"column":28}}]},"21":{"line":138,"type":"if","locations":[{"start":{"line":138,"column":28},"end":{"line":138,"column":28}},{"start":{"line":138,"column":28},"end":{"line":138,"column":28}}]},"22":{"line":148,"type":"if","locations":[{"start":{"line":148,"column":24},"end":{"line":148,"column":24}},{"start":{"line":148,"column":24},"end":{"line":148,"column":24}}]},"23":{"line":154,"type":"if","locations":[{"start":{"line":154,"column":28},"end":{"line":154,"column":28}},{"start":{"line":154,"column":28},"end":{"line":154,"column":28}}]}}},"/Users/ross/Developer/workspace/stylus-lint/src/checks/checkBlockStyle.js":{"path":"/Users/ross/Developer/workspace/stylus-lint/src/checks/checkBlockStyle.js","s":{"1":1,"2":1,"3":7,"4":1,"5":6,"6":2,"7":2,"8":4,"9":2},"b":{"1":[1,6],"2":[2,4],"3":[6,5,3],"4":[2,0],"5":[2,2],"6":[4,3,2,2]},"f":{"1":7},"fnMap":{"1":{"name":"checkBlockStyle","line":9,"loc":{"start":{"line":9,"column":17},"end":{"line":9,"column":50}}}},"statementMap":{"1":{"start":{"line":3,"column":0},"end":{"line":6,"column":19}},"2":{"start":{"line":9,"column":0},"end":{"line":30,"column":0}},"3":{"start":{"line":10,"column":4},"end":{"line":10,"column":47}},"4":{"start":{"line":10,"column":38},"end":{"line":10,"column":45}},"5":{"start":{"line":13,"column":4},"end":{"line":28,"column":5}},"6":{"start":{"line":18,"column":8},"end":{"line":20,"column":9}},"7":{"start":{"line":19,"column":12},"end":{"line":19,"column":25}},"8":{"start":{"line":22,"column":9},"end":{"line":28,"column":5}},"9":{"start":{"line":27,"column":8},"end":{"line":27,"column":20}}},"branchMap":{"1":{"line":10,"type":"if","locations":[{"start":{"line":10,"column":4},"end":{"line":10,"column":4}},{"start":{"line":10,"column":4},"end":{"line":10,"column":4}}]},"2":{"line":13,"type":"if","locations":[{"start":{"line":13,"column":4},"end":{"line":13,"column":4}},{"start":{"line":13,"column":4},"end":{"line":13,"column":4}}]},"3":{"line":13,"type":"binary-expr","locations":[{"start":{"line":13,"column":9},"end":{"line":13,"column":26}},{"start":{"line":14,"column":8},"end":{"line":14,"column":39}},{"start":{"line":15,"column":8},"end":{"line":15,"column":28}}]},"4":{"line":18,"type":"if","locations":[{"start":{"line":18,"column":8},"end":{"line":18,"column":8}},{"start":{"line":18,"column":8},"end":{"line":18,"column":8}}]},"5":{"line":22,"type":"if","locations":[{"start":{"line":22,"column":9},"end":{"line":22,"column":9}},{"start":{"line":22,"column":9},"end":{"line":22,"column":9}}]},"6":{"line":22,"type":"binary-expr","locations":[{"start":{"line":22,"column":14},"end":{"line":22,"column":31}},{"start":{"line":23,"column":8},"end":{"line":23,"column":39}},{"start":{"line":24,"column":8},"end":{"line":24,"column":28}},{"start":{"line":25,"column":8},"end":{"line":25,"column":29}}]}}},"/Users/ross/Developer/workspace/stylus-lint/src/checks/checkForBrackets.js":{"path":"/Users/ross/Developer/workspace/stylus-lint/src/checks/checkForBrackets.js","s":{"1":1,"2":1,"3":11061,"4":4,"5":11057,"6":142,"7":10915,"8":8,"9":4,"10":4,"11":1,"12":3,"13":3},"b":{"1":[4,11057],"2":[11061,11059],"3":[142,10915],"4":[8,10907],"5":[10915,10911],"6":[4,4],"7":[8,4],"8":[1,3],"9":[4,4],"10":[3,0],"11":[3,3]},"f":{"1":11061},"fnMap":{"1":{"name":"checkForBrackets","line":8,"loc":{"start":{"line":8,"column":17},"end":{"line":8,"column":65}}}},"statementMap":{"1":{"start":{"line":3,"column":0},"end":{"line":6,"column":47}},"2":{"start":{"line":8,"column":0},"end":{"line":32,"column":0}},"3":{"start":{"line":9,"column":4},"end":{"line":9,"column":86}},"4":{"start":{"line":9,"column":77},"end":{"line":9,"column":84}},"5":{"start":{"line":12,"column":4},"end":{"line":29,"column":5}},"6":{"start":{"line":13,"column":8},"end":{"line":13,"column":21}},"7":{"start":{"line":16,"column":9},"end":{"line":29,"column":5}},"8":{"start":{"line":18,"column":8},"end":{"line":28,"column":9}},"9":{"start":{"line":19,"column":12},"end":{"line":19,"column":24}},"10":{"start":{"line":22,"column":13},"end":{"line":28,"column":9}},"11":{"start":{"line":23,"column":12},"end":{"line":23,"column":25}},"12":{"start":{"line":26,"column":13},"end":{"line":28,"column":9}},"13":{"start":{"line":27,"column":12},"end":{"line":27,"column":24}}},"branchMap":{"1":{"line":9,"type":"if","locations":[{"start":{"line":9,"column":4},"end":{"line":9,"column":4}},{"start":{"line":9,"column":4},"end":{"line":9,"column":4}}]},"2":{"line":9,"type":"binary-expr","locations":[{"start":{"line":9,"column":9},"end":{"line":9,"column":44}},{"start":{"line":9,"column":48},"end":{"line":9,"column":72}}]},"3":{"line":12,"type":"if","locations":[{"start":{"line":12,"column":4},"end":{"line":12,"column":4}},{"start":{"line":12,"column":4},"end":{"line":12,"column":4}}]},"4":{"line":16,"type":"if","locations":[{"start":{"line":16,"column":9},"end":{"line":16,"column":9}},{"start":{"line":16,"column":9},"end":{"line":16,"column":9}}]},"5":{"line":16,"type":"binary-expr","locations":[{"start":{"line":16,"column":14},"end":{"line":16,"column":36}},{"start":{"line":16,"column":40},"end":{"line":16,"column":63}}]},"6":{"line":18,"type":"if","locations":[{"start":{"line":18,"column":8},"end":{"line":18,"column":8}},{"start":{"line":18,"column":8},"end":{"line":18,"column":8}}]},"7":{"line":18,"type":"binary-expr","locations":[{"start":{"line":18,"column":13},"end":{"line":18,"column":35}},{"start":{"line":18,"column":39},"end":{"line":18,"column":63}}]},"8":{"line":22,"type":"if","locations":[{"start":{"line":22,"column":13},"end":{"line":22,"column":13}},{"start":{"line":22,"column":13},"end":{"line":22,"column":13}}]},"9":{"line":22,"type":"binary-expr","locations":[{"start":{"line":22,"column":18},"end":{"line":22,"column":41}},{"start":{"line":22,"column":45},"end":{"line":22,"column":57}}]},"10":{"line":26,"type":"if","locations":[{"start":{"line":26,"column":13},"end":{"line":26,"column":13}},{"start":{"line":26,"column":13},"end":{"line":26,"column":13}}]},"11":{"line":26,"type":"binary-expr","locations":[{"start":{"line":26,"column":18},"end":{"line":26,"column":41}},{"start":{"line":26,"column":45},"end":{"line":26,"column":58}}]}}},"/Users/ross/Developer/workspace/stylus-lint/src/checks/checkBorderNone.js":{"path":"/Users/ross/Developer/workspace/stylus-lint/src/checks/checkBorderNone.js","s":{"1":1,"2":11051,"3":1,"4":11050,"5":5,"6":11045,"7":47},"b":{"1":[1,11050],"2":[5,11045],"3":[47,10998]},"f":{"1":11051},"fnMap":{"1":{"name":"checkBorderNone","line":4,"loc":{"start":{"line":4,"column":17},"end":{"line":4,"column":50}}}},"statementMap":{"1":{"start":{"line":4,"column":0},"end":{"line":14,"column":0}},"2":{"start":{"line":5,"column":4},"end":{"line":5,"column":47}},"3":{"start":{"line":5,"column":38},"end":{"line":5,"column":45}},"4":{"start":{"line":7,"column":4},"end":{"line":12,"column":5}},"5":{"start":{"line":8,"column":8},"end":{"line":8,"column":20}},"6":{"start":{"line":10,"column":9},"end":{"line":12,"column":5}},"7":{"start":{"line":11,"column":8},"end":{"line":11,"column":21}}},"branchMap":{"1":{"line":5,"type":"if","locations":[{"start":{"line":5,"column":4},"end":{"line":5,"column":4}},{"start":{"line":5,"column":4},"end":{"line":5,"column":4}}]},"2":{"line":7,"type":"if","locations":[{"start":{"line":7,"column":4},"end":{"line":7,"column":4}},{"start":{"line":7,"column":4},"end":{"line":7,"column":4}}]},"3":{"line":10,"type":"if","locations":[{"start":{"line":10,"column":9},"end":{"line":10,"column":9}},{"start":{"line":10,"column":9},"end":{"line":10,"column":9}}]}}},"/Users/ross/Developer/workspace/stylus-lint/src/checks/checkForColon.js":{"path":"/Users/ross/Developer/workspace/stylus-lint/src/checks/checkForColon.js","s":{"1":1,"2":7,"3":4,"4":3,"5":1,"6":2},"b":{"1":[4,3],"2":[7,5],"3":[1,2],"4":[3,2]},"f":{"1":7},"fnMap":{"1":{"name":"checkForColon","line":4,"loc":{"start":{"line":4,"column":17},"end":{"line":4,"column":62}}}},"statementMap":{"1":{"start":{"line":4,"column":0},"end":{"line":14,"column":0}},"2":{"start":{"line":5,"column":4},"end":{"line":5,"column":89}},"3":{"start":{"line":5,"column":80},"end":{"line":5,"column":87}},"4":{"start":{"line":7,"column":4},"end":{"line":12,"column":5}},"5":{"start":{"line":8,"column":8},"end":{"line":8,"column":20}},"6":{"start":{"line":11,"column":8},"end":{"line":11,"column":21}}},"branchMap":{"1":{"line":5,"type":"if","locations":[{"start":{"line":5,"column":4},"end":{"line":5,"column":4}},{"start":{"line":5,"column":4},"end":{"line":5,"column":4}}]},"2":{"line":5,"type":"binary-expr","locations":[{"start":{"line":5,"column":9},"end":{"line":5,"column":44}},{"start":{"line":5,"column":48},"end":{"line":5,"column":75}}]},"3":{"line":7,"type":"if","locations":[{"start":{"line":7,"column":4},"end":{"line":7,"column":4}},{"start":{"line":7,"column":4},"end":{"line":7,"column":4}}]},"4":{"line":7,"type":"binary-expr","locations":[{"start":{"line":7,"column":9},"end":{"line":7,"column":31}},{"start":{"line":7,"column":35},"end":{"line":7,"column":60}}]}}},"/Users/ross/Developer/workspace/stylus-lint/src/checks/checkCommaStyle.js":{"path":"/Users/ross/Developer/workspace/stylus-lint/src/checks/checkCommaStyle.js","s":{"1":1,"2":1,"3":11051,"4":1,"5":11050,"6":310,"7":9,"8":301},"b":{"1":[1,11050],"2":[310,10740],"3":[11050,988],"4":[9,301],"5":[310,310]},"f":{"1":11051},"fnMap":{"1":{"name":"checkCommaStyle","line":8,"loc":{"start":{"line":8,"column":17},"end":{"line":8,"column":50}}}},"statementMap":{"1":{"start":{"line":3,"column":0},"end":{"line":5,"column":37}},"2":{"start":{"line":8,"column":0},"end":{"line":22,"column":0}},"3":{"start":{"line":9,"column":4},"end":{"line":9,"column":47}},"4":{"start":{"line":9,"column":38},"end":{"line":9,"column":45}},"5":{"start":{"line":12,"column":4},"end":{"line":20,"column":5}},"6":{"start":{"line":14,"column":8},"end":{"line":19,"column":9}},"7":{"start":{"line":15,"column":12},"end":{"line":15,"column":25}},"8":{"start":{"line":18,"column":12},"end":{"line":18,"column":24}}},"branchMap":{"1":{"line":9,"type":"if","locations":[{"start":{"line":9,"column":4},"end":{"line":9,"column":4}},{"start":{"line":9,"column":4},"end":{"line":9,"column":4}}]},"2":{"line":12,"type":"if","locations":[{"start":{"line":12,"column":4},"end":{"line":12,"column":4}},{"start":{"line":12,"column":4},"end":{"line":12,"column":4}}]},"3":{"line":12,"type":"binary-expr","locations":[{"start":{"line":12,"column":9},"end":{"line":12,"column":33}},{"start":{"line":12,"column":37},"end":{"line":12,"column":74}}]},"4":{"line":14,"type":"if","locations":[{"start":{"line":14,"column":8},"end":{"line":14,"column":8}},{"start":{"line":14,"column":8},"end":{"line":14,"column":8}}]},"5":{"line":14,"type":"binary-expr","locations":[{"start":{"line":14,"column":13},"end":{"line":14,"column":34}},{"start":{"line":14,"column":38},"end":{"line":14,"column":62}}]}}},"/Users/ross/Developer/workspace/stylus-lint/src/checks/checkCommentStyle.js":{"path":"/Users/ross/Developer/workspace/stylus-lint/src/checks/checkCommentStyle.js","s":{"1":1,"2":1,"3":6,"4":1,"5":5,"6":4,"7":1,"8":3,"9":1,"10":2},"b":{"1":[1,5],"2":[4,1],"3":[1,3],"4":[4,2],"5":[1,2],"6":[3,3]},"f":{"1":6},"fnMap":{"1":{"name":"checkCommentStyle","line":6,"loc":{"start":{"line":6,"column":17},"end":{"line":6,"column":52}}}},"statementMap":{"1":{"start":{"line":4,"column":0},"end":{"line":4,"column":23}},"2":{"start":{"line":6,"column":0},"end":{"line":23,"column":0}},"3":{"start":{"line":7,"column":4},"end":{"line":7,"column":47}},"4":{"start":{"line":7,"column":38},"end":{"line":7,"column":45}},"5":{"start":{"line":9,"column":4},"end":{"line":21,"column":5}},"6":{"start":{"line":11,"column":8},"end":{"line":20,"column":9}},"7":{"start":{"line":12,"column":12},"end":{"line":12,"column":25}},"8":{"start":{"line":15,"column":13},"end":{"line":20,"column":9}},"9":{"start":{"line":16,"column":12},"end":{"line":16,"column":25}},"10":{"start":{"line":19,"column":12},"end":{"line":19,"column":24}}},"branchMap":{"1":{"line":7,"type":"if","locations":[{"start":{"line":7,"column":4},"end":{"line":7,"column":4}},{"start":{"line":7,"column":4},"end":{"line":7,"column":4}}]},"2":{"line":9,"type":"if","locations":[{"start":{"line":9,"column":4},"end":{"line":9,"column":4}},{"start":{"line":9,"column":4},"end":{"line":9,"column":4}}]},"3":{"line":11,"type":"if","locations":[{"start":{"line":11,"column":8},"end":{"line":11,"column":8}},{"start":{"line":11,"column":8},"end":{"line":11,"column":8}}]},"4":{"line":11,"type":"binary-expr","locations":[{"start":{"line":11,"column":13},"end":{"line":11,"column":37}},{"start":{"line":11,"column":41},"end":{"line":11,"column":60}}]},"5":{"line":15,"type":"if","locations":[{"start":{"line":15,"column":13},"end":{"line":15,"column":13}},{"start":{"line":15,"column":13},"end":{"line":15,"column":13}}]},"6":{"line":15,"type":"binary-expr","locations":[{"start":{"line":15,"column":18},"end":{"line":15,"column":48}},{"start":{"line":15,"column":52},"end":{"line":15,"column":71}}]}}},"/Users/ross/Developer/workspace/stylus-lint/src/checks/checkForCssLiteral.js":{"path":"/Users/ross/Developer/workspace/stylus-lint/src/checks/checkForCssLiteral.js","s":{"1":1,"2":4,"3":1,"4":3,"5":1,"6":2},"b":{"1":[1,3],"2":[1,2]},"f":{"1":4},"fnMap":{"1":{"name":"checkCssLiteral","line":4,"loc":{"start":{"line":4,"column":17},"end":{"line":4,"column":50}}}},"statementMap":{"1":{"start":{"line":4,"column":0},"end":{"line":14,"column":0}},"2":{"start":{"line":5,"column":4},"end":{"line":5,"column":47}},"3":{"start":{"line":5,"column":38},"end":{"line":5,"column":45}},"4":{"start":{"line":7,"column":4},"end":{"line":12,"column":5}},"5":{"start":{"line":8,"column":8},"end":{"line":8,"column":20}},"6":{"start":{"line":11,"column":8},"end":{"line":11,"column":21}}},"branchMap":{"1":{"line":5,"type":"if","locations":[{"start":{"line":5,"column":4},"end":{"line":5,"column":4}},{"start":{"line":5,"column":4},"end":{"line":5,"column":4}}]},"2":{"line":7,"type":"if","locations":[{"start":{"line":7,"column":4},"end":{"line":7,"column":4}},{"start":{"line":7,"column":4},"end":{"line":7,"column":4}}]}}},"/Users/ross/Developer/workspace/stylus-lint/src/checks/zIndexDeDupe.js":{"path":"/Users/ross/Developer/workspace/stylus-lint/src/checks/zIndexDeDupe.js","s":{"1":1,"2":11051,"3":1,"4":11050,"5":11050,"6":34,"7":166,"8":98,"9":68,"10":34,"11":561,"12":37,"13":34,"14":11050},"b":{"1":[1,11050],"2":[34,11016],"3":[98,68],"4":[37,524],"5":[561,65]},"f":{"1":11051,"2":166,"3":561},"fnMap":{"1":{"name":"deDupeZIndex","line":4,"loc":{"start":{"line":4,"column":17},"end":{"line":4,"column":47}}},"2":{"name":"(anonymous_2)","line":15,"loc":{"start":{"line":15,"column":20},"end":{"line":15,"column":39}}},"3":{"name":"(anonymous_3)","line":24,"loc":{"start":{"line":24,"column":28},"end":{"line":24,"column":47}}}},"statementMap":{"1":{"start":{"line":4,"column":0},"end":{"line":35,"column":0}},"2":{"start":{"line":5,"column":4},"end":{"line":5,"column":47}},"3":{"start":{"line":5,"column":38},"end":{"line":5,"column":45}},"4":{"start":{"line":7,"column":4},"end":{"line":10,"column":37}},"5":{"start":{"line":13,"column":4},"end":{"line":31,"column":5}},"6":{"start":{"line":15,"column":8},"end":{"line":22,"column":24}},"7":{"start":{"line":16,"column":12},"end":{"line":21,"column":13}},"8":{"start":{"line":17,"column":16},"end":{"line":17,"column":30}},"9":{"start":{"line":20,"column":16},"end":{"line":20,"column":65}},"10":{"start":{"line":24,"column":8},"end":{"line":28,"column":24}},"11":{"start":{"line":25,"column":12},"end":{"line":27,"column":13}},"12":{"start":{"line":26,"column":16},"end":{"line":26,"column":33}},"13":{"start":{"line":30,"column":8},"end":{"line":30,"column":63}},"14":{"start":{"line":33,"column":4},"end":{"line":33,"column":21}}},"branchMap":{"1":{"line":5,"type":"if","locations":[{"start":{"line":5,"column":4},"end":{"line":5,"column":4}},{"start":{"line":5,"column":4},"end":{"line":5,"column":4}}]},"2":{"line":13,"type":"if","locations":[{"start":{"line":13,"column":4},"end":{"line":13,"column":4}},{"start":{"line":13,"column":4},"end":{"line":13,"column":4}}]},"3":{"line":16,"type":"if","locations":[{"start":{"line":16,"column":12},"end":{"line":16,"column":12}},{"start":{"line":16,"column":12},"end":{"line":16,"column":12}}]},"4":{"line":25,"type":"if","locations":[{"start":{"line":25,"column":12},"end":{"line":25,"column":12}},{"start":{"line":25,"column":12},"end":{"line":25,"column":12}}]},"5":{"line":25,"type":"binary-expr","locations":[{"start":{"line":25,"column":17},"end":{"line":25,"column":60}},{"start":{"line":25,"column":64},"end":{"line":25,"column":93}}]}}},"/Users/ross/Developer/workspace/stylus-lint/src/checks/duplicateCheck.js":{"path":"/Users/ross/Developer/workspace/stylus-lint/src/checks/duplicateCheck.js","s":{"1":1,"2":1,"3":11053,"4":2,"5":11051,"6":11051,"7":0,"8":0,"9":0,"10":11051,"11":38670,"12":23397,"13":15273,"14":11051,"15":38670,"16":11051,"17":4816,"18":11051,"19":5830,"20":73,"21":2,"22":2,"23":0,"24":5757,"25":83,"26":83,"27":50,"28":5830,"29":14,"30":11051,"31":33,"32":1,"33":11051,"34":5395,"35":11051,"36":11051,"37":11051},"b":{"1":[2,11051],"2":[0,11051],"3":[23397,15273],"4":[4816,6235],"5":[5830,5221],"6":[73,5757],"7":[5830,5830],"8":[2,71],"9":[73,2],"10":[0,2],"11":[83,5674],"12":[5757,83],"13":[50,33],"14":[14,5816],"15":[5830,1676],"16":[33,11018],"17":[1,32],"18":[5395,5656],"19":[11051,6897]},"f":{"1":11053,"2":38670,"3":38670},"fnMap":{"1":{"name":"duplicateSelectors","line":10,"loc":{"start":{"line":10,"column":17},"end":{"line":10,"column":59}}},"2":{"name":"(anonymous_2)","line":32,"loc":{"start":{"line":32,"column":20},"end":{"line":32,"column":39}}},"3":{"name":"(anonymous_3)","line":43,"loc":{"start":{"line":43,"column":21},"end":{"line":43,"column":37}}}},"statementMap":{"1":{"start":{"line":3,"column":0},"end":{"line":7,"column":77}},"2":{"start":{"line":10,"column":0},"end":{"line":101,"column":0}},"3":{"start":{"line":11,"column":4},"end":{"line":11,"column":47}},"4":{"start":{"line":11,"column":38},"end":{"line":11,"column":45}},"5":{"start":{"line":13,"column":4},"end":{"line":20,"column":24}},"6":{"start":{"line":24,"column":4},"end":{"line":40,"column":5}},"7":{"start":{"line":25,"column":8},"end":{"line":25,"column":25}},"8":{"start":{"line":27,"column":8},"end":{"line":29,"column":9}},"9":{"start":{"line":28,"column":12},"end":{"line":28,"column":26}},"10":{"start":{"line":32,"column":8},"end":{"line":39,"column":24}},"11":{"start":{"line":33,"column":12},"end":{"line":38,"column":13}},"12":{"start":{"line":34,"column":16},"end":{"line":34,"column":30}},"13":{"start":{"line":37,"column":16},"end":{"line":37,"column":69}},"14":{"start":{"line":43,"column":4},"end":{"line":45,"column":7}},"15":{"start":{"line":44,"column":8},"end":{"line":44,"column":30}},"16":{"start":{"line":48,"column":4},"end":{"line":50,"column":5}},"17":{"start":{"line":49,"column":8},"end":{"line":49,"column":32}},"18":{"start":{"line":57,"column":4},"end":{"line":81,"column":5}},"19":{"start":{"line":59,"column":8},"end":{"line":76,"column":9}},"20":{"start":{"line":60,"column":12},"end":{"line":66,"column":13}},"21":{"start":{"line":61,"column":16},"end":{"line":61,"column":63}},"22":{"start":{"line":63,"column":16},"end":{"line":65,"column":17}},"23":{"start":{"line":64,"column":20},"end":{"line":64,"column":40}},"24":{"start":{"line":69,"column":12},"end":{"line":75,"column":13}},"25":{"start":{"line":70,"column":16},"end":{"line":70,"column":63}},"26":{"start":{"line":72,"column":16},"end":{"line":74,"column":17}},"27":{"start":{"line":73,"column":20},"end":{"line":73,"column":40}},"28":{"start":{"line":78,"column":8},"end":{"line":80,"column":9}},"29":{"start":{"line":79,"column":12},"end":{"line":79,"column":42}},"30":{"start":{"line":84,"column":4},"end":{"line":88,"column":5}},"31":{"start":{"line":85,"column":8},"end":{"line":87,"column":9}},"32":{"start":{"line":86,"column":12},"end":{"line":86,"column":32}},"33":{"start":{"line":91,"column":4},"end":{"line":93,"column":5}},"34":{"start":{"line":92,"column":8},"end":{"line":92,"column":42}},"35":{"start":{"line":96,"column":4},"end":{"line":96,"column":20}},"36":{"start":{"line":97,"column":4},"end":{"line":97,"column":30}},"37":{"start":{"line":99,"column":4},"end":{"line":99,"column":24}}},"branchMap":{"1":{"line":11,"type":"if","locations":[{"start":{"line":11,"column":4},"end":{"line":11,"column":4}},{"start":{"line":11,"column":4},"end":{"line":11,"column":4}}]},"2":{"line":24,"type":"if","locations":[{"start":{"line":24,"column":4},"end":{"line":24,"column":4}},{"start":{"line":24,"column":4},"end":{"line":24,"column":4}}]},"3":{"line":33,"type":"if","locations":[{"start":{"line":33,"column":12},"end":{"line":33,"column":12}},{"start":{"line":33,"column":12},"end":{"line":33,"column":12}}]},"4":{"line":48,"type":"if","locations":[{"start":{"line":48,"column":4},"end":{"line":48,"column":4}},{"start":{"line":48,"column":4},"end":{"line":48,"column":4}}]},"5":{"line":57,"type":"if","locations":[{"start":{"line":57,"column":4},"end":{"line":57,"column":4}},{"start":{"line":57,"column":4},"end":{"line":57,"column":4}}]},"6":{"line":59,"type":"if","locations":[{"start":{"line":59,"column":8},"end":{"line":59,"column":8}},{"start":{"line":59,"column":8},"end":{"line":59,"column":8}}]},"7":{"line":59,"type":"binary-expr","locations":[{"start":{"line":59,"column":13},"end":{"line":59,"column":36}},{"start":{"line":59,"column":40},"end":{"line":59,"column":57}}]},"8":{"line":60,"type":"if","locations":[{"start":{"line":60,"column":12},"end":{"line":60,"column":12}},{"start":{"line":60,"column":12},"end":{"line":60,"column":12}}]},"9":{"line":60,"type":"binary-expr","locations":[{"start":{"line":60,"column":17},"end":{"line":60,"column":56}},{"start":{"line":60,"column":60},"end":{"line":60,"column":79}}]},"10":{"line":63,"type":"if","locations":[{"start":{"line":63,"column":16},"end":{"line":63,"column":16}},{"start":{"line":63,"column":16},"end":{"line":63,"column":16}}]},"11":{"line":69,"type":"if","locations":[{"start":{"line":69,"column":12},"end":{"line":69,"column":12}},{"start":{"line":69,"column":12},"end":{"line":69,"column":12}}]},"12":{"line":69,"type":"binary-expr","locations":[{"start":{"line":69,"column":17},"end":{"line":69,"column":56}},{"start":{"line":69,"column":60},"end":{"line":69,"column":79}}]},"13":{"line":72,"type":"if","locations":[{"start":{"line":72,"column":16},"end":{"line":72,"column":16}},{"start":{"line":72,"column":16},"end":{"line":72,"column":16}}]},"14":{"line":78,"type":"if","locations":[{"start":{"line":78,"column":8},"end":{"line":78,"column":8}},{"start":{"line":78,"column":8},"end":{"line":78,"column":8}}]},"15":{"line":78,"type":"binary-expr","locations":[{"start":{"line":78,"column":13},"end":{"line":78,"column":42}},{"start":{"line":78,"column":46},"end":{"line":78,"column":111}}]},"16":{"line":84,"type":"if","locations":[{"start":{"line":84,"column":4},"end":{"line":84,"column":4}},{"start":{"line":84,"column":4},"end":{"line":84,"column":4}}]},"17":{"line":85,"type":"if","locations":[{"start":{"line":85,"column":8},"end":{"line":85,"column":8}},{"start":{"line":85,"column":8},"end":{"line":85,"column":8}}]},"18":{"line":91,"type":"if","locations":[{"start":{"line":91,"column":4},"end":{"line":91,"column":4}},{"start":{"line":91,"column":4},"end":{"line":91,"column":4}}]},"19":{"line":91,"type":"binary-expr","locations":[{"start":{"line":91,"column":9},"end":{"line":91,"column":38}},{"start":{"line":91,"column":42},"end":{"line":91,"column":66}}]}}},"/Users/ross/Developer/workspace/stylus-lint/src/checks/checkForEfficiency.js":{"path":"/Users/ross/Developer/workspace/stylus-lint/src/checks/checkForEfficiency.js","s":{"1":1,"2":11061,"3":1,"4":11060,"5":34675,"6":11060,"7":173,"8":95,"9":28,"10":1,"11":27,"12":67,"13":46,"14":3,"15":43,"16":21,"17":17,"18":7,"19":10,"20":0,"21":10,"22":78},"b":{"1":[1,11060],"2":[11061,11060],"3":[173,10887],"4":[11060,10969,10919,10907],"5":[95,78],"6":[28,67],"7":[1,27],"8":[46,21],"9":[3,43],"10":[17,4],"11":[7,10],"12":[17,13],"13":[0,10],"14":[10,4]},"f":{"1":11061,"2":34675},"fnMap":{"1":{"name":"checkForEfficiency","line":4,"loc":{"start":{"line":4,"column":17},"end":{"line":4,"column":58}}},"2":{"name":"(anonymous_2)","line":8,"loc":{"start":{"line":8,"column":21},"end":{"line":8,"column":37}}}},"statementMap":{"1":{"start":{"line":4,"column":0},"end":{"line":60,"column":0}},"2":{"start":{"line":5,"column":4},"end":{"line":5,"column":76}},"3":{"start":{"line":5,"column":67},"end":{"line":5,"column":74}},"4":{"start":{"line":8,"column":4},"end":{"line":10,"column":7}},"5":{"start":{"line":9,"column":8},"end":{"line":9,"column":30}},"6":{"start":{"line":13,"column":4},"end":{"line":58,"column":5}},"7":{"start":{"line":19,"column":8},"end":{"line":57,"column":9}},"8":{"start":{"line":21,"column":12},"end":{"line":53,"column":13}},"9":{"start":{"line":23,"column":16},"end":{"line":28,"column":17}},"10":{"start":{"line":24,"column":20},"end":{"line":24,"column":33}},"11":{"start":{"line":27,"column":20},"end":{"line":27,"column":32}},"12":{"start":{"line":31,"column":17},"end":{"line":53,"column":13}},"13":{"start":{"line":33,"column":16},"end":{"line":38,"column":17}},"14":{"start":{"line":34,"column":20},"end":{"line":34,"column":33}},"15":
[...]
end":{"line":13,"column":24}},"8":{"start":{"line":16,"column":9},"end":{"line":23,"column":5}},"9":{"start":{"line":17,"column":8},"end":{"line":22,"column":9}},"10":{"start":{"line":18,"column":12},"end":{"line":18,"column":25}},"11":{"start":{"line":21,"column":12},"end":{"line":21,"column":24}}},"branchMap":{"1":{"line":5,"type":"if","locations":[{"start":{"line":5,"column":4},"end":{"line":5,"column":4}},{"start":{"line":5,"column":4},"end":{"line":5,"column":4}}]},"2":{"line":8,"type":"if","locations":[{"start":{"line":8,"column":4},"end":{"line":8,"column":4}},{"start":{"line":8,"column":4},"end":{"line":8,"column":4}}]},"3":{"line":9,"type":"if","locations":[{"start":{"line":9,"column":8},"end":{"line":9,"column":8}},{"start":{"line":9,"column":8},"end":{"line":9,"column":8}}]},"4":{"line":16,"type":"if","locations":[{"start":{"line":16,"column":9},"end":{"line":16,"column":9}},{"start":{"line":16,"column":9},"end":{"line":16,"column":9}}]},"5":{"line":17,"type":"if","locations":[{"start":{"line":17,"column":8},"end":{"line":17,"column":8}},{"start":{"line":17,"column":8},"end":{"line":17,"column":8}}]}}},"/Users/ross/Developer/workspace/stylus-lint/src/checks/checkForSemicolon.js":{"path":"/Users/ross/Developer/workspace/stylus-lint/src/checks/checkForSemicolon.js","s":{"1":1,"2":3,"3":1,"4":2,"5":1,"6":1},"b":{"1":[1,2],"2":[1,1]},"f":{"1":3},"fnMap":{"1":{"name":"checkForSemicolons","line":4,"loc":{"start":{"line":4,"column":17},"end":{"line":4,"column":53}}}},"statementMap":{"1":{"start":{"line":4,"column":0},"end":{"line":14,"column":0}},"2":{"start":{"line":5,"column":4},"end":{"line":5,"column":47}},"3":{"start":{"line":5,"column":38},"end":{"line":5,"column":45}},"4":{"start":{"line":7,"column":4},"end":{"line":12,"column":5}},"5":{"start":{"line":8,"column":8},"end":{"line":8,"column":20}},"6":{"start":{"line":11,"column":8},"end":{"line":11,"column":21}}},"branchMap":{"1":{"line":5,"type":"if","locations":[{"start":{"line":5,"column":4},"end":{"line":5,"column":4}},{"start":{"line":5,"column":4},"end":{"line":5,"column":4}}]},"2":{"line":7,"type":"if","locations":[{"start":{"line":7,"column":4},"end":{"line":7,"column":4}},{"start":{"line":7,"column":4},"end":{"line":7,"column":4}}]}}},"/Users/ross/Developer/workspace/stylus-lint/src/checks/checkForCommentStart.js":{"path":"/Users/ross/Developer/workspace/stylus-lint/src/checks/checkForCommentStart.js","s":{"1":1,"2":1,"3":12566,"4":1,"5":12565,"6":1861,"7":1480,"8":381},"b":{"1":[1,12565],"2":[1861,10704],"3":[1480,381]},"f":{"1":12566},"fnMap":{"1":{"name":"checkForStart","line":8,"loc":{"start":{"line":8,"column":17},"end":{"line":8,"column":48}}}},"statementMap":{"1":{"start":{"line":3,"column":0},"end":{"line":5,"column":37}},"2":{"start":{"line":8,"column":0},"end":{"line":21,"column":0}},"3":{"start":{"line":9,"column":4},"end":{"line":9,"column":47}},"4":{"start":{"line":9,"column":38},"end":{"line":9,"column":45}},"5":{"start":{"line":11,"column":4},"end":{"line":19,"column":5}},"6":{"start":{"line":13,"column":8},"end":{"line":18,"column":9}},"7":{"start":{"line":14,"column":12},"end":{"line":14,"column":24}},"8":{"start":{"line":17,"column":12},"end":{"line":17,"column":25}}},"branchMap":{"1":{"line":9,"type":"if","locations":[{"start":{"line":9,"column":4},"end":{"line":9,"column":4}},{"start":{"line":9,"column":4},"end":{"line":9,"column":4}}]},"2":{"line":11,"type":"if","locations":[{"start":{"line":11,"column":4},"end":{"line":11,"column":4}},{"start":{"line":11,"column":4},"end":{"line":11,"column":4}}]},"3":{"line":13,"type":"if","locations":[{"start":{"line":13,"column":8},"end":{"line":13,"column":8}},{"start":{"line":13,"column":8},"end":{"line":13,"column":8}}]}}},"/Users/ross/Developer/workspace/stylus-lint/src/checks/checkNesting.js":{"path":"/Users/ross/Developer/workspace/stylus-lint/src/checks/checkNesting.js","s":{"1":1,"2":1,"3":13,"4":6,"5":7,"6":7,"7":51,"8":7,"9":5,"10":3,"11":2,"12":2,"13":7,"14":2,"15":0,"16":2,"17":2,"18":0,"19":0},"b":{"1":[6,7],"2":[13,11,11,8],"3":[5,2],"4":[3,2],"5":[0,2],"6":[2,0],"7":[0,0]},"f":{"1":13,"2":51},"fnMap":{"1":{"name":"checkNesting","line":13,"loc":{"start":{"line":13,"column":17},"end":{"line":13,"column":73}}},"2":{"name":"(anonymous_2)","line":25,"loc":{"start":{"line":25,"column":21},"end":{"line":25,"column":37}}}},"statementMap":{"1":{"start":{"line":3,"column":0},"end":{"line":3,"column":20}},"2":{"start":{"line":13,"column":0},"end":{"line":59,"column":0}},"3":{"start":{"line":14,"column":4},"end":{"line":19,"column":5}},"4":{"start":{"line":18,"column":8},"end":{"line":18,"column":15}},"5":{"start":{"line":21,"column":4},"end":{"line":22,"column":18}},"6":{"start":{"line":25,"column":4},"end":{"line":27,"column":7}},"7":{"start":{"line":26,"column":8},"end":{"line":26,"column":32}},"8":{"start":{"line":30,"column":4},"end":{"line":57,"column":5}},"9":{"start":{"line":31,"column":8},"end":{"line":36,"column":9}},"10":{"start":{"line":32,"column":12},"end":{"line":32,"column":24}},"11":{"start":{"line":35,"column":12},"end":{"line":35,"column":25}},"12":{"start":{"line":42,"column":8},"end":{"line":44,"column":9}},"13":{"start":{"line":43,"column":12},"end":{"line":43,"column":20}},"14":{"start":{"line":47,"column":8},"end":{"line":49,"column":9}},"15":{"start":{"line":48,"column":12},"end":{"line":48,"column":30}},"16":{"start":{"line":51,"column":8},"end":{"line":56,"column":9}},"17":{"start":{"line":52,"column":12},"end":{"line":52,"column":24}},"18":{"start":{"line":54,"column":13},"end":{"line":56,"column":9}},"19":{"start":{"line":55,"column":12},"end":{"line":55,"column":25}}},"branchMap":{"1":{"line":14,"type":"if","locations":[{"start":{"line":14,"column":4},"end":{"line":14,"column":4}},{"start":{"line":14,"column":4},"end":{"line":14,"column":4}}]},"2":{"line":14,"type":"binary-expr","locations":[{"start":{"line":14,"column":9},"end":{"line":14,"column":33}},{"start":{"line":15,"column":8},"end":{"line":15,"column":34}},{"start":{"line":16,"column":8},"end":{"line":16,"column":36}},{"start":{"line":17,"column":8},"end":{"line":17,"column":43}}]},"3":{"line":30,"type":"if","locations":[{"start":{"line":30,"column":4},"end":{"line":30,"column":4}},{"start":{"line":30,"column":4},"end":{"line":30,"column":4}}]},"4":{"line":31,"type":"if","locations":[{"start":{"line":31,"column":8},"end":{"line":31,"column":8}},{"start":{"line":31,"column":8},"end":{"line":31,"column":8}}]},"5":{"line":47,"type":"if","locations":[{"start":{"line":47,"column":8},"end":{"line":47,"column":8}},{"start":{"line":47,"column":8},"end":{"line":47,"column":8}}]},"6":{"line":51,"type":"if","locations":[{"start":{"line":51,"column":8},"end":{"line":51,"column":8}},{"start":{"line":51,"column":8},"end":{"line":51,"column":8}}]},"7":{"line":54,"type":"if","locations":[{"start":{"line":54,"column":13},"end":{"line":54,"column":13}},{"start":{"line":54,"column":13},"end":{"line":54,"column":13}}]}}},"/Users/ross/Developer/workspace/stylus-lint/src/checks/checkForUniversal.js":{"path":"/Users/ross/Developer/workspace/stylus-lint/src/checks/checkForUniversal.js","s":{"1":1,"2":1,"3":11051,"4":1,"5":11050,"6":54,"7":10,"8":44,"9":10996},"b":{"1":[1,0],"2":[1,11050],"3":[54,10996],"4":[10,44],"5":[54,12,12,10]},"f":{"1":11051},"fnMap":{"1":{"name":"checkForUniversal","line":14,"loc":{"start":{"line":14,"column":17},"end":{"line":14,"column":52}}}},"statementMap":{"1":{"start":{"line":3,"column":0},"end":{"line":7,"column":18}},"2":{"start":{"line":14,"column":0},"end":{"line":33,"column":0}},"3":{"start":{"line":15,"column":1},"end":{"line":15,"column":44}},"4":{"start":{"line":15,"column":35},"end":{"line":15,"column":42}},"5":{"start":{"line":17,"column":1},"end":{"line":31,"column":2}},"6":{"start":{"line":19,"column":2},"end":{"line":27,"column":3}},"7":{"start":{"line":23,"column":4},"end":{"line":23,"column":16}},"8":{"start":{"line":26,"column":3},"end":{"line":26,"column":16}},"9":{"start":{"line":30,"column":2},"end":{"line":30,"column":15}}},"branchMap":{"1":{"line":5,"type":"binary-expr","locations":[{"start":{"line":5,"column":9},"end":{"line":5,"column":19}},{"start":{"line":5,"column":23},"end":{"line":5,"column":31}}]},"2":{"line":15,"type":"if","locations":[{"start":{"line":15,"column":1},"end":{"line":15,"column":1}},{"start":{"line":15,"column":1},"end":{"line":15,"column":1}}]},"3":{"line":17,"type":"if","locations":[{"start":{"line":17,"column":1},"end":{"line":17,"column":1}},{"start":{"line":17,"column":1},"end":{"line":17,"column":1}}]},"4":{"line":19,"type":"if","locations":[{"start":{"line":19,"column":2},"end":{"line":19,"column":2}},{"start":{"line":19,"column":2},"end":{"line":19,"column":2}}]},"5":{"line":19,"type":"binary-expr","locations":[{"start":{"line":19,"column":7},"end":{"line":19,"column":26}},{"start":{"line":20,"column":3},"end":{"line":20,"column":22}},{"start":{"line":21,"column":3},"end":{"line":21,"column":22}},{"start":{"line":22,"column":3},"end":{"line":22,"column":22}}]}}},"/Users/ross/Developer/workspace/stylus-lint/src/checks/checkForValidProperties.js":{"path":"/Users/ross/Developer/workspace/stylus-lint/src/checks/checkForValidProperties.js","s":{"1":1,"2":1,"3":11059,"4":3,"5":11056,"6":11056,"7":40596,"8":11056,"9":3174,"10":380880,"11":380880,"12":2280,"13":2280,"14":378600,"15":1514260,"16":78,"17":78,"18":378522,"19":6813396,"20":0,"21":0,"22":3174,"23":387228,"24":387228,"25":780,"26":780,"27":386448,"28":6956064,"29":0,"30":0,"31":7882,"32":11056,"33":11020,"34":36},"b":{"1":[3,11056],"2":[11059,11057],"3":[3174,7882],"4":[11056,7346,7328],"5":[2280,378600],"6":[78,1514182],"7":[0,6813396],"8":[780,386448],"9":[0,6956064],"10":[11020,36]},"f":{"1":11059,"2":40596,"3":380880,"4":387228},"fnMap":{"1":{"name":"checkForValidProperties","line":12,"loc":{"start":{"line":12,"column":17},"end":{"line":12,"column":65}}},"2":{"name":"(anonymous_2)","line":24,"loc":{"start":{"line":24,"column":8},"end":{"line":24,"column":24}}},"3":{"name":"(anonymous_3)","line":34,"loc":{"start":{"line":34,"column":26},"end":{"line":34,"column":49}}},"4":{"name":"(anonymous_4)","line":58,"loc":{"start":{"line":58,"column":27},"end":{"line":58,"column":50}}}},"statementMap":{"1":{"start":{"line":4,"column":0},"end":{"line":4,"column":48}},"2":{"start":{"line":12,"column":0},"end":{"line":87,"column":0}},"3":{"start":{"line":13,"column":4},"end":{"line":16,"column":5}},"4":{"start":{"line":15,"column":8},"end":{"line":15,"column":15}},"5":{"start":{"line":19,"column":4},"end":{"line":20,"column":24}},"6":{"start":{"line":23,"column":4},"end":{"line":27,"column":6}},"7":{"start":{"line":25,"column":12},"end":{"line":25,"column":34}},"8":{"start":{"line":30,"column":4},"end":{"line":77,"column":5}},"9":{"start":{"line":34,"column":8},"end":{"line":56,"column":11}},"10":{"start":{"line":35,"column":12},"end":{"line":36,"column":22}},"11":{"start":{"line":38,"column":12},"end":{"line":41,"column":13}},"12":{"start":{"line":39,"column":16},"end":{"line":39,"column":31}},"13":{"start":{"line":40,"column":16},"end":{"line":40,"column":23}},"14":{"start":{"line":43,"column":12},"end":{"line":48,"column":13}},"15":{"start":{"line":44,"column":16},"end":{"line":47,"column":17}},"16":{"start":{"line":45,"column":20},"end":{"line":45,"column":35}},"17":{"start":{"line":46,"column":20},"end":{"line":46,"column":27}},"18":{"start":{"line":50,"column":12},"end":{"line":55,"column":13}},"19":{"start":{"line":51,"column":16},"end":{"line":54,"column":17}},"20":{"start":{"line":52,"column":20},"end":{"line":52,"column":35}},"21":{"start":{"line":53,"column":20},"end":{"line":53,"column":27}},"22":{"start":{"line":58,"column":8},"end":{"line":73,"column":11}},"23":{"start":{"line":59,"column":12},"end":{"line":60,"column":22}},"24":{"start":{"line":62,"column":12},"end":{"line":65,"column":13}},"25":{"start":{"line":63,"column":16},"end":{"line":63,"column":31}},"26":{"start":{"line":64,"column":16},"end":{"line":64,"column":23}},"27":{"start":{"line":67,"column":12},"end":{"line":72,"column":13}},"28":{"start":{"line":68,"column":16},"end":{"line":71,"column":17}},"29":{"start":{"line":69,"column":20},"end":{"line":69,"column":35}},"30":{"start":{"line":70,"column":20},"end":{"line":70,"column":27}},"31":{"start":{"line":76,"column":8},"end":{"line":76,"column":23}},"32":{"start":{"line":80,"column":4},"end":{"line":85,"column":5}},"33":{"start":{"line":81,"column":8},"end":{"line":81,"column":20}},"34":{"start":{"line":84,"column":8},"end":{"line":84,"column":21}}},"branchMap":{"1":{"line":13,"type":"if","locations":[{"start":{"line":13,"column":4},"end":{"line":13,"column":4}},{"start":{"line":13,"column":4},"end":{"line":13,"column":4}}]},"2":{"line":13,"type":"binary-expr","locations":[{"start":{"line":13,"column":9},"end":{"line":13,"column":33}},{"start":{"line":14,"column":8},"end":{"line":14,"column":36}}]},"3":{"line":30,"type":"if","locations":[{"start":{"line":30,"column":4},"end":{"line":30,"column":4}},{"start":{"line":30,"column":4},"end":{"line":30,"column":4}}]},"4":{"line":30,"type":"binary-expr","locations":[{"start":{"line":30,"column":9},"end":{"line":30,"column":31}},{"start":{"line":31,"column":8},"end":{"line":31,"column":33}},{"start":{"line":32,"column":8},"end":{"line":32,"column":37}}]},"5":{"line":38,"type":"if","locations":[{"start":{"line":38,"column":12},"end":{"line":38,"column":12}},{"start":{"line":38,"column":12},"end":{"line":38,"column":12}}]},"6":{"line":44,"type":"if","locations":[{"start":{"line":44,"column":16},"end":{"line":44,"column":16}},{"start":{"line":44,"column":16},"end":{"line":44,"column":16}}]},"7":{"line":51,"type":"if","locations":[{"start":{"line":51,"column":16},"end":{"line":51,"column":16}},{"start":{"line":51,"column":16},"end":{"line":51,"column":16}}]},"8":{"line":62,"type":"if","locations":[{"start":{"line":62,"column":12},"end":{"line":62,"column":12}},{"start":{"line":62,"column":12},"end":{"line":62,"column":12}}]},"9":{"line":68,"type":"if","locations":[{"start":{"line":68,"column":16},"end":{"line":68,"column":16}},{"start":{"line":68,"column":16},"end":{"line":68,"column":16}}]},"10":{"line":80,"type":"if","locations":[{"start":{"line":80,"column":4},"end":{"line":80,"column":4}},{"start":{"line":80,"column":4},"end":{"line":80,"column":4}}]}}},"/Users/ross/Developer/workspace/stylus-lint/src/checks/checkVarStyle.js":{"path":"/Users/ross/Developer/workspace/stylus-lint/src/checks/checkVarStyle.js","s":{"1":1,"2":1,"3":11,"4":1,"5":10,"6":3,"7":3,"8":2,"9":1},"b":{"1":[1,10],"2":[3,7],"3":[3,0],"4":[3,3,3],"5":[2,1]},"f":{"1":11},"fnMap":{"1":{"name":"checkVarStyle","line":9,"loc":{"start":{"line":9,"column":17},"end":{"line":9,"column":48}}}},"statementMap":{"1":{"start":{"line":3,"column":0},"end":{"line":6,"column":23}},"2":{"start":{"line":9,"column":0},"end":{"line":39,"column":0}},"3":{"start":{"line":10,"column":4},"end":{"line":10,"column":47}},"4":{"start":{"line":10,"column":38},"end":{"line":10,"column":45}},"5":{"start":{"line":13,"column":4},"end":{"line":28,"column":5}},"6":{"start":{"line":15,"column":8},"end":{"line":27,"column":9}},"7":{"start":{"line":21,"column":12},"end":{"line":26,"column":13}},"8":{"start":{"line":22,"column":16},"end":{"line":22,"column":28}},"9":{"start":{"line":25,"column":16},"end":{"line":25,"column":29}}},"branchMap":{"1":{"line":10,"type":"if","locations":[{"start":{"line":10,"column":4},"end":{"line":10,"column":4}},{"start":{"line":10,"column":4},"end":{"line":10,"column":4}}]},"2":{"line":13,"type":"if","locations":[{"start":{"line":13,"column":4},"end":{"line":13,"column":4}},{"start":{"line":13,"column":4},"end":{"line":13,"column":4}}]},"3":{"line":15,"type":"if","locations":[{"start":{"line":15,"column":8},"end":{"line":15,"column":8}},{"start":{"line":15,"column":8},"end":{"line":15,"column":8}}]},"4":{"line":15,"type":"binary-expr","locations":[{"start":{"line":15,"column":13},"end":{"line":15,"column":42}},{"start":{"line":16,"column":15},"end":{"line":16,"column":31}},{"start":{"line":17,"column":15},"end":{"line":17,"column":32}}]},"5":{"line":21,"type":"if","locations":[{"start":{"line":21,"column":12},"end":{"line":21,"column":12}},{"start":{"line":21,"column":12},"end":{"line":21,"column":12}}]}}},"/Users/ross/Developer/workspace/stylus-lint/src/checks/checkForTrailingWhitespace.js":{"path":"/Users/ross/Developer/workspace/stylus-lint/src/checks/checkForTrailingWhitespace.js","s":{"1":1,"2":1,"3":11051,"4":1,"5":11050,"6":3,"7":11047},"b":{"1":[1,11050],"2":[3,11047],"3":[11050,6896]},"f":{"1":11051},"fnMap":{"1":{"name":"checkWhitespace","line":12,"loc":{"start":{"line":12,"column":17},"end":{"line":12,"column":50}}}},"statementMap":{"1":{"start":{"line":3,"column":0},"end":{"line":5,"column":28}},"2":{"start":{"line":12,"column":0},"end":{"line":23,"column":0}},"3":{"start":{"line":13,"column":4},"end":{"line":13,"column":47}},"4":{"start":{"line":13,"column":38},"end":{"line":13,"column":45}},"5":{"start":{"line":16,"column":4},"end":{"line":21,"column":5}},"6":{"start":{"line":17,"column":8},"end":{"line":17,"column":20}},"7":{"start":{"line":20,"column":8},"end":{"line":20,"column":21}}},"branchMap":{"1":{"line":13,"type":"if","locations":[{"start":{"line":13,"column":4},"end":{"line":13,"column":4}},{"start":{"line":13,"column":4},"end":{"line":13,"column":4}}]},"2":{"line":16,"type":"if","locations":[{"start":{"line":16,"column":4},"end":{"line":16,"column":4}},{"start":{"line":16,"column":4},"end":{"line":16,"column":4}}]},"3":{"line":16,"type":"binary-expr","locations":[{"start":{"line":16,"column":9},"end":{"line":16,"column":32}},{"start":{"line":16,"column":36},"end":{"line":16,"column":57}}]}}},"/Users/ross/Developer/workspace/stylus-lint/src/checks/checkForZeroUnits.js":{"path":"/Users/ross/Developer/workspace/stylus-lint/src/checks/checkForZeroUnits.js","s":{"1":1,"2":11065,"3":1,"4":11064,"5":18,"6":11046},"b":{"1":[1,11064],"2":[18,11046],"3":[11064,11061,11060,11059,11058,11057,11056,11055,11054,11053,11052,11051,11050,11049,11048,11047]},"f":{"1":11065},"fnMap":{"1":{"name":"checkForZeroUnits","line":4,"loc":{"start":{"line":4,"column":17},"end":{"line":4,"column":52}}}},"statementMap":{"1":{"start":{"line":4,"column":0},"end":{"line":30,"column":0}},"2":{"start":{"line":5,"column":4},"end":{"line":5,"column":47}},"3":{"start":{"line":5,"column":38},"end":{"line":5,"column":45}},"4":{"start":{"line":8,"column":4},"end":{"line":28,"column":5}},"5":{"start":{"line":24,"column":8},"end":{"line":24,"column":20}},"6":{"start":{"line":27,"column":8},"end":{"line":27,"column":21}}},"branchMap":{"1":{"line":5,"type":"if","locations":[{"start":{"line":5,"column":4},"end":{"line":5,"column":4}},{"start":{"line":5,"column":4},"end":{"line":5,"column":4}}]},"2":{"line":8,"type":"if","locations":[{"start":{"line":8,"column":4},"end":{"line":8,"column":4}},{"start":{"line":8,"column":4},"end":{"line":8,"column":4}}]},"3":{"line":8,"type":"binary-expr","locations":[{"start":{"line":8,"column":9},"end":{"line":8,"column":36}},{"start":{"line":9,"column":8},"end":{"line":9,"column":34}},{"start":{"line":10,"column":8},"end":{"line":10,"column":35}},{"start":{"line":11,"column":8},"end":{"line":11,"column":36}},{"start":{"line":12,"column":8},"end":{"line":12,"column":35}},{"start":{"line":13,"column":8},"end":{"line":13,"column":35}},{"start":{"line":14,"column":8},"end":{"line":14,"column":37}},{"start":{"line":15,"column":8},"end":{"line":15,"column":37}},{"start":{"line":16,"column":8},"end":{"line":16,"column":35}},{"start":{"line":17,"column":8},"end":{"line":17,"column":35}},{"start":{"line":18,"column":8},"end":{"line":18,"column":35}},{"start":{"line":19,"column":8},"end":{"line":19,"column":35}},{"start":{"line":20,"column":8},"end":{"line":20,"column":35}},{"start":{"line":21,"column":8},"end":{"line":21,"column":35}},{"start":{"line":22,"column":8},"end":{"line":22,"column":35}},{"start":{"line":23,"column":8},"end":{"line":23,"column":38}}]}}}}