{"/Users/ross/Developer/workspace/stylus-lint/index.js":{"path":"/Users/ross/Developer/workspace/stylus-lint/index.js","s":{"1":1,"2":1,"3":1,"4":1,"5":1,"6":2,"7":2,"8":2,"9":0,"10":2,"11":2,"12":10,"13":0,"14":0,"15":1,"16":1,"17":1,"18":1,"19":1,"20":0,"21":1,"22":0,"23":1,"24":0,"25":1,"26":0,"27":0,"28":1,"29":0,"30":1,"31":1,"32":1},"b":{"1":[0,1],"2":[0,1],"3":[0,1],"4":[0,1],"5":[0,2],"6":[1,0],"7":[1,1],"8":[0,1],"9":[0,1],"10":[0,1],"11":[1,1],"12":[0,1],"13":[1,1],"14":[0,0],"15":[0,1]},"f":{"1":2,"2":2,"3":10,"4":0,"5":1},"fnMap":{"1":{"name":"(anonymous_1)","line":136,"loc":{"start":{"line":136,"column":17},"end":{"line":136,"column":34}}},"2":{"name":"(anonymous_2)","line":139,"loc":{"start":{"line":139,"column":23},"end":{"line":139,"column":46}}},"3":{"name":"(anonymous_3)","line":145,"loc":{"start":{"line":145,"column":26},"end":{"line":145,"column":46}}},"4":{"name":"(anonymous_4)","line":150,"loc":{"start":{"line":150,"column":15},"end":{"line":150,"column":32}}},"5":{"name":"(anonymous_5)","line":201,"loc":{"start":{"line":201,"column":29},"end":{"line":201,"column":41}}}},"statementMap":{"1":{"start":{"line":14,"column":0},"end":{"line":55,"column":64}},"2":{"start":{"line":61,"column":0},"end":{"line":88,"column":3}},"3":{"start":{"line":91,"column":0},"end":{"line":104,"column":3}},"4":{"start":{"line":111,"column":0},"end":{"line":128,"column":3}},"5":{"start":{"line":135,"column":0},"end":{"line":161,"column":3}},"6":{"start":{"line":137,"column":8},"end":{"line":137,"column":23}},"7":{"start":{"line":139,"column":8},"end":{"line":148,"column":11}},"8":{"start":{"line":140,"column":12},"end":{"line":140,"column":37}},"9":{"start":{"line":140,"column":25},"end":{"line":140,"column":35}},"10":{"start":{"line":141,"column":12},"end":{"line":141,"column":39}},"11":{"start":{"line":145,"column":12},"end":{"line":147,"column":15}},"12":{"start":{"line":146,"column":16},"end":{"line":146,"column":54}},"13":{"start":{"line":151,"column":8},"end":{"line":151,"column":75}},"14":{"start":{"line":152,"column":8},"end":{"line":152,"column":39}},"15":{"start":{"line":164,"column":0},"end":{"line":194,"column":3}},"16":{"start":{"line":201,"column":0},"end":{"line":235,"column":3}},"17":{"start":{"line":203,"column":4},"end":{"line":205,"column":5}},"18":{"start":{"line":204,"column":8},"end":{"line":204,"column":41}},"19":{"start":{"line":208,"column":1},"end":{"line":210,"column":2}},"20":{"start":{"line":209,"column":2},"end":{"line":209,"column":21}},"21":{"start":{"line":213,"column":1},"end":{"line":215,"column":2}},"22":{"start":{"line":214,"column":2},"end":{"line":214,"column":26}},"23":{"start":{"line":218,"column":1},"end":{"line":220,"column":2}},"24":{"start":{"line":219,"column":5},"end":{"line":219,"column":34}},"25":{"start":{"line":223,"column":1},"end":{"line":226,"column":2}},"26":{"start":{"line":224,"column":8},"end":{"line":224,"column":58}},"27":{"start":{"line":225,"column":8},"end":{"line":225,"column":58}},"28":{"start":{"line":229,"column":4},"end":{"line":234,"column":5}},"29":{"start":{"line":230,"column":8},"end":{"line":230,"column":50}},"30":{"start":{"line":233,"column":8},"end":{"line":233,"column":49}},"31":{"start":{"line":239,"column":0},"end":{"line":246,"column":11}},"32":{"start":{"line":250,"column":0},"end":{"line":250,"column":22}}},"branchMap":{"1":{"line":113,"type":"cond-expr","locations":[{"start":{"line":113,"column":22},"end":{"line":113,"column":28}},{"start":{"line":113,"column":31},"end":{"line":113,"column":42}}]},"2":{"line":117,"type":"cond-expr","locations":[{"start":{"line":117,"column":20},"end":{"line":117,"column":26}},{"start":{"line":117,"column":29},"end":{"line":117,"column":38}}]},"3":{"line":124,"type":"cond-expr","locations":[{"start":{"line":124,"column":21},"end":{"line":124,"column":27}},{"start":{"line":124,"column":30},"end":{"line":124,"column":40}}]},"4":{"line":125,"type":"cond-expr","locations":[{"start":{"line":125,"column":23},"end":{"line":125,"column":29}},{"start":{"line":125,"column":32},"end":{"line":125,"column":38}}]},"5":{"line":140,"type":"if","locations":[{"start":{"line":140,"column":12},"end":{"line":140,"column":12}},{"start":{"line":140,"column":12},"end":{"line":140,"column":12}}]},"6":{"line":203,"type":"if","locations":[{"start":{"line":203,"column":4},"end":{"line":203,"column":4}},{"start":{"line":203,"column":4},"end":{"line":203,"column":4}}]},"7":{"line":203,"type":"binary-expr","locations":[{"start":{"line":203,"column":9},"end":{"line":203,"column":24}},{"start":{"line":203,"column":28},"end":{"line":203,"column":72}}]},"8":{"line":208,"type":"if","locations":[{"start":{"line":208,"column":1},"end":{"line":208,"column":1}},{"start":{"line":208,"column":1},"end":{"line":208,"column":1}}]},"9":{"line":213,"type":"if","locations":[{"start":{"line":213,"column":1},"end":{"line":213,"column":1}},{"start":{"line":213,"column":1},"end":{"line":213,"column":1}}]},"10":{"line":218,"type":"if","locations":[{"start":{"line":218,"column":1},"end":{"line":218,"column":1}},{"start":{"line":218,"column":1},"end":{"line":218,"column":1}}]},"11":{"line":218,"type":"binary-expr","locations":[{"start":{"line":218,"column":6},"end":{"line":218,"column":12}},{"start":{"line":218,"column":16},"end":{"line":218,"column":27}}]},"12":{"line":223,"type":"if","locations":[{"start":{"line":223,"column":1},"end":{"line":223,"column":1}},{"start":{"line":223,"column":1},"end":{"line":223,"column":1}}]},"13":{"line":223,"type":"binary-expr","locations":[{"start":{"line":223,"column":6},"end":{"line":223,"column":12}},{"start":{"line":223,"column":16},"end":{"line":223,"column":27}}]},"14":{"line":224,"type":"cond-expr","locations":[{"start":{"line":224,"column":37},"end":{"line":224,"column":43}},{"start":{"line":224,"column":46},"end":{"line":224,"column":57}}]},"15":{"line":229,"type":"if","locations":[{"start":{"line":229,"column":4},"end":{"line":229,"column":4}},{"start":{"line":229,"column":4},"end":{"line":229,"column":4}}]}}},"/Users/ross/Developer/workspace/stylus-lint/src/done.js":{"path":"/Users/ross/Developer/workspace/stylus-lint/src/done.js","s":{"1":1,"2":1,"3":4,"4":4,"5":0,"6":0,"7":0,"8":0,"9":0,"10":0,"11":0,"12":4},"b":{"1":[0,4],"2":[0,0],"3":[0,0],"4":[0,0]},"f":{"1":4},"fnMap":{"1":{"name":"done","line":7,"loc":{"start":{"line":7,"column":17},"end":{"line":7,"column":38}}}},"statementMap":{"1":{"start":{"line":1,"column":0},"end":{"line":1,"column":31}},"2":{"start":{"line":7,"column":0},"end":{"line":33,"column":0}},"3":{"start":{"line":9,"column":4},"end":{"line":10,"column":34}},"4":{"start":{"line":12,"column":4},"end":{"line":28,"column":5}},"5":{"start":{"line":14,"column":8},"end":{"line":16,"column":9}},"6":{"start":{"line":15,"column":12},"end":{"line":15,"column":76}},"7":{"start":{"line":19,"column":8},"end":{"line":27,"column":9}},"8":{"start":{"line":20,"column":12},"end":{"line":20,"column":148}},"9":{"start":{"line":22,"column":13},"end":{"line":27,"column":9}},"10":{"start":{"line":23,"column":12},"end":{"line":23,"column":93}},"11":{"start":{"line":26,"column":12},"end":{"line":26,"column":80}},"12":{"start":{"line":31,"column":4},"end":{"line":31,"column":22}}},"branchMap":{"1":{"line":12,"type":"if","locations":[{"start":{"line":12,"column":4},"end":{"line":12,"column":4}},{"start":{"line":12,"column":4},"end":{"line":12,"column":4}}]},"2":{"line":19,"type":"if","locations":[{"start":{"line":19,"column":8},"end":{"line":19,"column":8}},{"start":{"line":19,"column":8},"end":{"line":19,"column":8}}]},"3":{"line":19,"type":"binary-expr","locations":[{"start":{"line":19,"column":13},"end":{"line":19,"column":35}},{"start":{"line":19,"column":39},"end":{"line":19,"column":67}}]},"4":{"line":22,"type":"if","locations":[{"start":{"line":22,"column":13},"end":{"line":22,"column":13}},{"start":{"line":22,"column":13},"end":{"line":22,"column":13}}]}}},"/Users/ross/Developer/workspace/stylus-lint/src/help.js":{"path":"/Users/ross/Developer/workspace/stylus-lint/src/help.js","s":{"1":1,"2":1,"3":1,"4":0,"5":0,"6":0,"7":0,"8":0,"9":0,"10":0,"11":0},"b":{"1":[1,0]},"f":{"1":1},"fnMap":{"1":{"name":"help","line":2,"loc":{"start":{"line":2,"column":17},"end":{"line":2,"column":38}}}},"statementMap":{"1":{"start":{"line":2,"column":0},"end":{"line":15,"column":0}},"2":{"start":{"line":4,"column":4},"end":{"line":4,"column":40}},"3":{"start":{"line":4,"column":31},"end":{"line":4,"column":38}},"4":{"start":{"line":6,"column":4},"end":{"line":6,"column":31}},"5":{"start":{"line":7,"column":4},"end":{"line":7,"column":61}},"6":{"start":{"line":8,"column":4},"end":{"line":8,"column":29}},"7":{"start":{"line":9,"column":4},"end":{"line":9,"column":64}},"8":{"start":{"line":10,"column":4},"end":{"line":10,"column":86}},"9":{"start":{"line":11,"column":4},"end":{"line":11,"column":82}},"10":{"start":{"line":12,"column":4},"end":{"line":12,"column":79}},"11":{"start":{"line":13,"column":4},"end":{"line":13,"column":65}}},"branchMap":{"1":{"line":4,"type":"if","locations":[{"start":{"line":4,"column":4},"end":{"line":4,"column":4}},{"start":{"line":4,"column":4},"end":{"line":4,"column":4}}]}}},"/Users/ross/Developer/workspace/stylus-lint/src/read.js":{"path":"/Users/ross/Developer/workspace/stylus-lint/src/read.js","s":{"1":1,"2":1,"3":5,"4":1,"5":4,"6":4,"7":2,"8":2,"9":1,"10":1,"11":1},"b":{"1":[1,4],"2":[2,2],"3":[1,1],"4":[1,0]},"f":{"1":5,"2":4},"fnMap":{"1":{"name":"read","line":9,"loc":{"start":{"line":9,"column":17},"end":{"line":9,"column":44}}},"2":{"name":"(anonymous_2)","line":22,"loc":{"start":{"line":22,"column":22},"end":{"line":22,"column":45}}}},"statementMap":{"1":{"start":{"line":1,"column":0},"end":{"line":1,"column":25}},"2":{"start":{"line":9,"column":0},"end":{"line":34,"column":0}},"3":{"start":{"line":13,"column":4},"end":{"line":32,"column":5}},"4":{"start":{"line":14,"column":8},"end":{"line":14,"column":46}},"5":{"start":{"line":22,"column":8},"end":{"line":31,"column":11}},"6":{"start":{"line":23,"column":12},"end":{"line":23,"column":37}},"7":{"start":{"line":23,"column":25},"end":{"line":23,"column":35}},"8":{"start":{"line":25,"column":12},"end":{"line":30,"column":13}},"9":{"start":{"line":26,"column":16},"end":{"line":26,"column":52}},"10":{"start":{"line":28,"column":17},"end":{"line":30,"column":13}},"11":{"start":{"line":29,"column":16},"end":{"line":29,"column":54}}},"branchMap":{"1":{"line":13,"type":"if","locations":[{"start":{"line":13,"column":4},"end":{"line":13,"column":4}},{"start":{"line":13,"column":4},"end":{"line":13,"column":4}}]},"2":{"line":23,"type":"if","locations":[{"start":{"line":23,"column":12},"end":{"line":23,"column":12}},{"start":{"line":23,"column":12},"end":{"line":23,"column":12}}]},"3":{"line":25,"type":"if","locations":[{"start":{"line":25,"column":12},"end":{"line":25,"column":12}},{"start":{"line":25,"column":12},"end":{"line":25,"column":12}}]},"4":{"line":28,"type":"if","locations":[{"start":{"line":28,"column":17},"end":{"line":28,"column":17}},{"start":{"line":28,"column":17},"end":{"line":28,"column":17}}]}}},"/Users/ross/Developer/workspace/stylus-lint/src/parse.js":{"path":"/Users/ross/Developer/workspace/stylus-lint/src/parse.js","s":{"1":1,"2":1,"3":14,"4":14,"5":14,"6":2,"7":12,"8":12,"9":70,"10":70,"11":0,"12":70,"13":288,"14":70,"15":12,"16":12,"17":2320,"18":2320,"19":2320,"20":12,"21":4,"22":4},"b":{"1":[2,12],"2":[0,70],"3":[4,8]},"f":{"1":14,"2":14,"3":70,"4":2320},"fnMap":{"1":{"name":"parse","line":14,"loc":{"start":{"line":14,"column":17},"end":{"line":14,"column":59}}},"2":{"name":"(anonymous_2)","line":18,"loc":{"start":{"line":18,"column":51},"end":{"line":18,"column":73}}},"3":{"name":"(anonymous_3)","line":23,"loc":{"start":{"line":23,"column":44},"end":{"line":23,"column":62}}},"4":{"name":"(anonymous_4)","line":47,"loc":{"start":{"line":47,"column":22},"end":{"line":47,"column":42}}}},"statementMap":{"1":{"start":{"line":1,"column":0},"end":{"line":4,"column":29}},"2":{"start":{"line":14,"column":0},"end":{"line":61,"column":0}},"3":{"start":{"line":16,"column":4},"end":{"line":16,"column":75}},"4":{"start":{"line":18,"column":4},"end":{"line":59,"column":7}},"5":{"start":{"line":19,"column":8},"end":{"line":19,"column":33}},"6":{"start":{"line":19,"column":21},"end":{"line":19,"column":31}},"7":{"start":{"line":20,"column":8},"end":{"line":20,"column":18}},"8":{"start":{"line":23,"column":8},"end":{"line":38,"column":11}},"9":{"start":{"line":24,"column":12},"end":{"line":26,"column":29}},"10":{"start":{"line":28,"column":12},"end":{"line":37,"column":13}},"11":{"start":{"line":29,"column":16},"end":{"line":29,"column":27}},"12":{"start":{"line":32,"column":16},"end":{"line":34,"column":17}},"13":{"start":{"line":33,"column":20},"end":{"line":33,"column":35}},"14":{"start":{"line":36,"column":16},"end":{"line":36,"column":30}},"15":{"start":{"line":40,"column":8},"end":{"line":40,"column":34}},"16":{"start":{"line":47,"column":8},"end":{"line":52,"column":11}},"17":{"start":{"line":48,"column":12},"end":{"line":48,"column":37}},"18":{"start":{"line":50,"column":12},"end":{"line":50,"column":16}},"19":{"start":{"line":51,"column":12},"end":{"line":51,"column":54}},"20":{"start":{"line":55,"column":8},"end":{"line":58,"column":9}},"21":{"start":{"line":56,"column":12},"end":{"line":56,"column":34}},"22":{"start":{"line":57,"column":12},"end":{"line":57,"column":31}}},"branchMap":{"1":{"line":19,"type":"if","locations":[{"start":{"line":19,"column":8},"end":{"line":19,"column":8}},{"start":{"line":19,"column":8},"end":{"line":19,"column":8}}]},"2":{"line":28,"type":"if","locations":[{"start":{"line":28,"column":12},"end":{"line":28,"column":12}},{"start":{"line":28,"column":12},"end":{"line":28,"column":12}}]},"3":{"line":55,"type":"if","locations":[{"start":{"line":55,"column":8},"end":{"line":55,"column":8}},{"start":{"line":55,"column":8},"end":{"line":55,"column":8}}]}}},"/Users/ross/Developer/workspace/stylus-lint/src/test.js":{"path":"/Users/ross/Developer/workspace/stylus-lint/src/test.js","s":{"1":1,"2":1,"3":2321,"4":2321,"5":346,"6":2,"7":2,"8":2,"9":344,"10":2,"11":2,"12":2319,"13":4,"14":4,"15":2315,"16":16,"17":16,"18":4,"19":4,"20":4,"21":2311,"22":2277,"23":332,"24":0,"25":0,"26":2277,"27":2107,"28":162,"29":2107,"30":10,"31":10,"32":2097,"33":10,"34":10,"35":2087,"36":0,"37":0,"38":0,"39":2087,"40":0,"41":0,"42":2087,"43":2087,"44":8,"45":2087,"46":0,"47":0,"48":2087,"49":2087,"50":4,"51":2087,"52":2087,"53":8,"54":2087,"55":0,"56":0,"57":2087,"58":0,"59":0,"60":0,"61":0,"62":2087,"63":0,"64":0,"65":0,"66":0,"67":2087,"68":2087,"69":2,"70":2087,"71":0,"72":0,"73":2087,"74":2087,"75":4,"76":2087,"77":0,"78":0,"79":2087,"80":0,"81":0,"82":2087,"83":2087,"84":4,"85":2087,"86":0,"87":0,"88":2087,"89":2087,"90":0,"91":2087,"92":0,"93":0,"94":0,"95":0,"96":2087,"97":0,"98":0,"99":2087,"100":2087,"101":4},"b":{"1":[346,1975],"2":[2,344],"3":[2,342],"4":[344,14],"5":[4,2315],"6":[2319,2319],"7":[16,2299],"8":[4,12],"9":[2277,34],"10":[332,1945],"11":[0,332],"12":[332,332],"13":[0,0],"14":[2107,170],"15":[162,1945],"16":[10,2097],"17":[10,2087],"18":[0,2087],"19":[2087,2087],"20":[0,0],"21":[0,2087],"22":[2087,2087],"23":[0,0],"24":[0,0],"25":[2087,0],"26":[2087,0],"27":[8,2079],"28":[0,2087],"29":[2087,2087,2087],"30":[0,0],"31":[2087,0],"32":[2087,0],"33":[4,2083],"34":[2087,0],"35":[2087,0],"36":[8,2079],"37":[0,2087],"38":[2087,2087],"39":[0,0],"40":[0,2087],"41":[2087,2087],"42":[0,0],"43":[0,0],"44":[0,0],"45":[0,2087],"46":[2087,2087],"47":[0,0],"48":[0,0],"49":[0,0],"50":[2087,0],"51":[2087,0],"52":[2,2085],"53":[0,2087],"54":[2087,2087],"55":[0,0],"56":[2087,0],"57":[2087,0],"58":[4,2083],"59":[0,2087],"60":[2087,2087],"61":[0,0],"62":[0,2087],"63":[2087,2087],"64":[0,0],"65":[2087,0],"66":[2087,0],"67":[4,2083],"68":[0,2087],"69":[2087,2087],"70":[0,0],"71":[2087,0],"72":[2087,0],"73":[0,2087],"74":[0,2087],"75":[2087,2087],"76":[0,0],"77":[0,0],"78":[0,0],"79":[0,2087],"80":[2087,2087],"81":[0,0],"82":[2087,0],"83":[2087,0,0],"84":[4,2083]},"f":{"1":2321},"fnMap":{"1":{"name":"test","line":11,"loc":{"start":{"line":11,"column":17},"end":{"line":11,"column":63}}}},"statementMap":{"1":{"start":{"line":1,"column":0},"end":{"line":1,"column":31}},"2":{"start":{"line":11,"column":0},"end":{"line":253,"column":0}},"3":{"start":{"line":14,"column":4},"end":{"line":17,"column":30}},"4":{"start":{"line":20,"column":4},"end":{"line":35,"column":5}},"5":{"start":{"line":25,"column":8},"end":{"line":29,"column":9}},"6":{"start":{"line":26,"column":12},"end":{"line":26,"column":37}},"7":{"start":{"line":27,"column":12},"end":{"line":27,"column":39}},"8":{"start":{"line":28,"column":12},"end":{"line":28,"column":19}},"9":{"start":{"line":31,"column":8},"end":{"line":34,"column":9}},"10":{"start":{"line":32,"column":12},"end":{"line":32,"column":38}},"11":{"start":{"line":33,"column":12},"end":{"line":33,"column":38}},"12":{"start":{"line":38,"column":4},"end":{"line":41,"column":5}},"13":{"start":{"line":39,"column":8},"end":{"line":39,"column":30}},"14":{"start":{"line":40,"column":8},"end":{"line":40,"column":15}},"15":{"start":{"line":44,"column":4},"end":{"line":53,"column":5}},"16":{"start":{"line":45,"column":8},"end":{"line":45,"column":35}},"17":{"start":{"line":48,"column":8},"end":{"line":52,"column":9}},"18":{"start":{"line":49,"column":12},"end":{"line":49,"column":35}},"19":{"start":{"line":50,"column":12},"end":{"line":50,"column":38}},"20":{"start":{"line":51,"column":12},"end":{"line":51,"column":19}},"21":{"start":{"line":56,"column":4},"end":{"line":251,"column":5}},"22":{"start":{"line":58,"column":8},"end":{"line":64,"column":9}},"23":{"start":{"line":59,"column":12},"end":{"line":63,"column":13}},"24":{"start":{"line":60,"column":16},"end":{"line":62,"column":17}},"25":{"start":{"line":61,"column":20},"end":{"line":61,"column":144}},"26":{"start":{"line":67,"column":8},"end":{"line":250,"column":9}},"27":{"start":{"line":70,"column":12},"end":{"line":72,"column":13}},"28":{"start":{"line":71,"column":16},"end":{"line":71,"column":63}},"29":{"start":{"line":75,"column":12},"end":{"line":78,"column":13}},"30":{"start":{"line":76,"column":16},"end":{"line":76,"column":34}},"31":{"start":{"line":77,"column":16},"end":{"line":77,"column":23}},"32":{"start":{"line":81,"column":12},"end":{"line":84,"column":13}},"33":{"start":{"line":82,"column":16},"end":{"line":82,"column":35}},"34":{"start":{"line":83,"column":16},"end":{"line":83,"column":23}},"35":{"start":{"line":87,"column":12},"end":{"line":92,"column":13}},"36":{"start":{"line":88,"column":16},"end":{"line":91,"column":17}},"37":{"start":{"line":89,"column":20},"end":{"line":89,"column":137}},"38":{"start":{"line":90,"column":20},"end":{"line":90,"column":27}},"39":{"start":{"line":95,"column":12},"end":{"line":99,"column":13}},"40":{"start":{"line":96,"column":16},"end":{"line":98,"column":17}},"41":{"start":{"line":97,"column":20},"end":{"line":97,"column":124}},"42":{"start":{"line":102,"column":12},"end":{"line":106,"column":13}},"43":{"start":{"line":103,"column":16},"end":{"line":105,"column":17}},"44":{"start":{"line":104,"column":20},"end":{"line":104,"column":156}},"45":{"start":{"line":109,"column":12},"end":{"line":113,"column":13}},"46":{"start":{"line":110,"column":16},"end":{"line":112,"column":17}},"47":{"start":{"line":111,"column":20},"end":{"line":111,"column":159}},"48":{"start":{"line":116,"column":12},"end":{"line":120,"column":13}},"49":{"start":{"line":117,"column":16},"end":{"line":119,"column":17}},"50":{"start":{"line":118,"column":20},"end":{"line":118,"column":144}},"51":{"start":{"line":123,"column":12},"end":{"line":127,"column":13}},"52":{"start":{"line":124,"column":16},"end":{"line":126,"column":17}},"53":{"start":{"line":125,"column":20},"end":{"line":125,"column":153}},"54":{"start":{"line":130,"column":12},"end":{"line":134,"column":13}},"55":{"start":{"line":131,"column":16},"end":{"line":133,"column":17}},"56":{"start":{"line":132,"column":20},"end":{"line":132,"column":141}},"57":{"start":{"line":137,"column":12},"end":{"line":145,"column":13}},"58":{"start":{"line":138,"column":16},"end":{"line":140,"column":17}},"59":{"start":{"line":139,"column":20},"end":{"line":139,"column":51}},"60":{"start":{"line":142,"column":16},"end":{"line":144,"column":17}},"61":{"start":{"line":143,"column":20},"end":{"line":143,"column":168}},"62":{"start":{"line":148,"column":12},"end":{"line":156,"column":13}},"63":{"start":{"line":149,"column":16},"end":{"line":151,"column":17}},"64":{"start":{"line":150,"column":20},"end":{"line":150,"column":63}},"65":{"start":{"line":153,"column":16},"end":{"line":155,"column":17}},"66":{"start":{"line":154,"column":20},"end":{"line":154,"column":163}},"67":{"start":{"line":159,"column":12},"end":{"line":163,"column":13}},"68":{"start":{"line":160,"column":16},"end":{"line":162,"column":17}},"69":{"start":{"line":161,"column":20},"end":{"line":161,"column":141}},"70":{"start":{"line":166,"column":12},"end":{"line":170,"column":13}},"71":{"start":{"line":167,"column":16},"end":{"line":169,"column":17}},"72":{"start":{"line":168,"column":20},"end":{"line":168,"column":149}},"73":{"start":{"line":173,"column":12},"end":{"line":177,"column":13}},"74":{"start":{"line":174,"column":16},"end":{"line":176,"column":17}},"75":{"start":{"line":175,"column":20},"end":{"line":175,"column":156}},"76":{"start":{"line":180,"column":12},"end":{"line":184,"column":13}},"77":{"start":{"line":181,"column":16},"end":{"line":183,"column":17}},"78":{"start":{"line":182,"column":20},"end":{"line":182,"column":129}},"79":{"start":{"line":187,"column":12},"end":{"line":191,"column":13}},"80":{"start":{"line":188,"column":16},"end":{"line":190,"column":17}},"81":{"start":{"line":189,"column":20},"end":{"line":189,"column":133}},"82":{"start":{"line":194,"column":12},"end":{"line":198,"column":13}},"83":{"start":{"line":195,"column":16},"end":{"line":197,"column":17}},"84":{"start":{"line":196,"column":20},"end":{"line":196,"column":152}},"85":{"start":{"line":201,"column":12},"end":{"line":207,"column":13}},"86":{"start":{"line":204,"column":16},"end":{"line":206,"column":17}},"87":{"start":{"line":205,"column":20},"end":{"line":205,"column":127}},"88":{"start":{"line":210,"column":12},"end":{"line":214,"column":13}},"89":{"start":{"line":211,"column":16},"end":{"line":213,"column":17}},"90":{"start":{"line":212,"column":20},"end":{"line":212,"column":125}},"91":{"start":{"line":217,"column":12},"end":{"line":225,"column":13}},"92":{"start":{"line":218,"column":16},"end":{"line":220,"column":17}},"93":{"start":{"line":219,"column":20},"end":{"line":219,"column":42}},"94":{"start":{"line":222,"column":16},"end":{"line":224,"column":17}},"95":{"start":{"line":223,"column":20},"end":{"line":223,"column":158}},"96":{"start":{"line":228,"column":12},"end":{"line":235,"column":13}},"97":{"start":{"line":229,"column":16},"end":{"line":231,"column":17}},"98":{"start":{"line":230,"column":20},"end":{"line":230,"column":127}},"99":{"start":{"line":238,"column":12},"end":{"line":242,"column":13}},"100":{"start":{"line":239,"column":16},"end":{"line":241,"column":17}},"101":{"start":{"line":240,"column":20},"end":{"line":240,"column":147}}},"branchMap":{"1":{"line":20,"type":"if","locations":[{"start":{"line":20,"column":4},"end":{"line":20,"column":4}},{"start":{"line":20,"column":4},"end":{"line":20,"column":4}}]},"2":{"line":25,"type":"if","locations":[{"start":{"line":25,"column":8},"end":{"line":25,"column":8}},{"start":{"line":25,"column":8},"end":{"line":25,"column":8}}]},"3":{"line":31,"type":"if","locations":[{"start":{"line":31,"column":8},"end":{"line":31,"column":8}},{"start":{"line":31,"column":8},"end":{"line":31,"column":8}}]},"4":{"line":31,"type":"binary-expr","locations":[{"start":{"line":31,"column":13},"end":{"line":31,"column":30}},{"start":{"line":31,"column":34},"end":{"line":31,"column":68}}]},"5":{"line":38,"type":"if","locations":[{"start":{"line":38,"column":4},"end":{"line":38,"column":4}},{"start":{"line":38,"column":4},"end":{"line":38,"column":4}}]},"6":{"line":38,"type":"binary-expr","locations":[{"start":{"line":38,"column":9},"end":{"line":38,"column":36}},{"start":{"line":38,"column":40},"end":{"line":38,"column":67}}]},"7":{"line":44,"type":"if","locations":[{"start":{"line":44,"column":4},"end":{"line":44,"column":4}},{"start":{"line":44,"column":4},"end":{"line":44,"column":4}}]},"8":{"line":48,"type":"if","locations":[{"start":{"line":48,"column":8},"end":{"line":48,"column":8}},{"start":{"line":48,"column":8},"end":{"line":48,"column":8}}]},"9":{"line":56,"type":"if","locations":[{"start":{"line":56,"column":4},"end":{"line":56,"column":4}},{"start":{"line":56,"column":4},"end":{"line":56,"column":4}}]},"10":{"line":58,"type":"if","locations":[{"start":{"line":58,"column":8},"end":{"line":58,"column":8}},{"start":{"line":58,"column":8},"end":{"line":58,"column":8}}]},"11":{"line":59,"type":"if","locations":[{"start":{"line":59,"column":12},"end":{"line":59,"column":12}},{"start":{"line":59,"column":12},"end":{"line":59,"column":12}}]},"12":{"line":59,"type":"binary-expr","locations":[{"start":{"line":59,"column":17},"end":{"line":59,"column":36}},{"start":{"line":59,"column":40},"end":{"line":59,"column":56}}]},"13":{"line":60,"type":"if","locations":[{"start":{"line":60,"column":16},"end":{"line":60,"column":16}},{"start":{"line":60,"column":16},"end":{"line":60,"column":16}}]},"14":{"line":67,"type":"if","locations":[{"start":{"line":67,"column":8},"end":{"line":67,"column":8}},{"start":{"line":67,"column":8},"end":{"line":67,"column":8}}]},"15":{"line":70,"type":"if","locations":[{"start":{"line":70,"column":12},"end":{"line":70,"column":12}},{"start":{"line":70,"column":12},"end":{"line":70,"column":12}}]},"16":{"line":75,"type":"if","locations":[{"start":{"line":75,"column":12},"end":{"line":75,"column":12}},{"start":{"line":75,"column":12},"end":{"line":75,"column":12}}]},"17":{"line":81,"type":"if","locations":[{"start":{"line":81,"column":12},"end":{"line":81,"column":12}},{"start":{"line":81,"column":12},"end":{"line":81,"column":12}}]},"18":{"line":87,"type":"if","locations":[{"start":{"line":87,"column":12},"end":{"line":87,"column":12}},{"start":{"line":87,"column":12},"end":{"line":87,"column":12}}]},"19":{"line":87,"type":"binary-expr","locations":[{"start":{"line":87,"column":17},"end":{"line":87,"column":34}},{"start":{"line":87,"column":38},"end":{"line":87,"column":54}}]},"20":{"line":88,"type":"if","locations":[{"start":{"line":88,"column":16},"end":{"line":88,"column":16}},{"start":{"line":88,"column":16},"end":{"line":88,"column":16}}]},"21":{"line":95,"type":"if","locations":[{"start":{"line":95,"column":12},"end":{"line":95,"column":12}},{"start":{"line":95,"column":12},"end":{"line":95,"column":12}}]},"22":{"line":95,"type":"binary-expr","locations":[{"start":{"line":95,"column":17},"end":{"line":95,"column":32}},{"start":{"line":95,"column":36},"end":{"line":95,"column":52}}]},"23":{"line":96,"type":"if","locations":[{"start":{"line":96,"column":16},"end":{"line":96,"column":16}},{"start":{"line":96,"column":16},"end":{"line":96,"column":16}}]},"24":{"line":96,"type":"binary-expr","locations":[{"start":{"line":96,"column":21},"end":{"line":96,"column":53}},{"start":{"line":96,"column":57},"end":{"line":96,"column":72}}]},"25":{"line":102,"type":"if","locations":[{"start":{"line":102,"column":12},"end":{"line":102,"column":12}},{"start":{"line":102,"column":12},"end":{"line":102,"column":12}}]},"26":{"line":102,"type":"binary-expr","locations":[{"start":{"line":102,"column":17},"end":{"line":102,"column":34}},{"start":{"line":102,"column":38},"end":{"line":102,"column":54}}]},"27":{"line":103,"type":"if","locations":[{"start":{"line":103,"column":16},"end":{"line":103,"column":16}},{"start":{"line":103,"column":16},"end":{"line":103,"column":16}}]},"28":{"line":109,"type":"if","locations":[{"start":{"line":109,"column":12},"end":{"line":109,"column":12}},{"start":{"line":109,"column":12},"end":{"line":109,"column":12}}]},"29":{"line":109,"type":"binary-expr","locations":[{"start":{"line":109,"column":17},"end":{"line":109,"column":34}},{"start":{"line":109,"column":38},"end":{"line":109,"column":55}},{"start":{"line":109,"column":59},"end":{"line":109,"column":75}}]},"30":{"line":110,"type":"if","locations":[{"start":{"line":110,"column":16},"end":{"line":110,"column":16}},{"start":{"line":110,"column":16},"end":{"line":110,"column":16}}]},"31":{"line":116,"type":"if","locations":[{"start":{"line":116,"column":12},"end":{"line":116,"column":12}},{"start":{"line":116,"column":12},"end":{"line":116,"column":12}}]},"32":{"line":116,"type":"binary-expr","locations":[{"start":{"line":116,"column":17},"end":{"line":116,"column":34}},{"start":{"line":116,"column":38},"end":{"line":116,"column":54}}]},"33":{"line":117,"type":"if","locations":[{"start":{"line":117,"column":16},"end":{"line":117,"column":16}},{"start":{"line":117,"column":16},"end":{"line":117,"column":16}}]},"34":{"line":123,"type":"if","locations":[{"start":{"line":123,"column":12},"end":{"line":123,"column":12}},{"start":{"line":123,"column":12},"end":{"line":123,"column":12}}]},"35":{"line":123,"type":"binary-expr","locations":[{"start":{"line":123,"column":17},"end":{"line":123,"column":35}},{"start":{"line":123,"column":39},"end":{"line":123,"column":55}}]},"36":{"line":124,"type":"if","locations":[{"start":{"line":124,"column":16},"end":{"line":124,"column":16}},{"start":{"line":124,"column":16},"end":{"line":124,"column":16}}]},"37":{"line":130,"type":"if","locations":[{"start":{"line":130,"column":12},"end":{"line":130,"column":12}},{"start":{"line":130,"column":12},"end":{"line":130,"column":12}}]},"38":{"line":130,"type":"binary-expr","locations":[{"start":{"line":130,"column":17},"end":{"line":130,"column":41}},{"start":{"line":130,"column":45},"end":{"line":130,"column":61}}]},"39":{"line":131,"type":"if","locations":[{"start":{"line":131,"column":16},"end":{"line":131,"column":16}},{"start":{"line":131,"column":16},"end":{"line":131,"column":16}}]},"40":{"line":137,"type":"if","locations":[{"start":{"line":137,"column":12},"end":{"line":137,"column":12}},{"start":{"line":137,"column":12},"end":{"line":137,"column":12}}]},"41":{"line":137,"type":"binary-expr","locations":[{"start":{"line":137,"column":17},"end":{"line":137,"column":34}},{"start":{"line":137,"column":38},"end":{"line":137,"column":54}}]},"42":{"line":138,"type":"if","locations":[{"start":{"line":138,"column":16},"end":{"line":138,"column":16}},{"start":{"line":138,"column":16},"end":{"line":138,"column":16}}]},"43":{"line":138,"type":"binary-expr","locations":[{"start":{"line":138,"column":21},"end":{"line":138,"column":37}},{"start":{"line":138,"column":41},"end":{"line":138,"column":68}}]},"44":{"line":142,"type":"if","locations":[{"start":{"line":142,"column":16},"end":{"line":142,"column":16}},{"start":{"line":142,"column":16},"end":{"line":142,"column":16}}]},"45":{"line":148,"type":"if","locations":[{"start":{"line":148,"column":12},"end":{"line":148,"column":12}},{"start":{"line":148,"column":12},"end":{"line":148,"column":12}}]},"46":{"line":148,"type":"binary-expr","locations":[{"start":{"line":148,"column":17},"end":{"line":148,"column":40}},{"start":{"line":148,"column":44},"end":{"line":148,"column":60}}]},"47":{"line":149,"type":"if","locations":[{"start":{"line":149,"column":16},"end":{"line":149,"column":16}},{"start":{"line":149,"column":16},"end":{"line":149,"column":16}}]},"48":{"line":149,"type":"binary-expr","locations":[{"start":{"line":149,"column":21},"end":{"line":149,"column":37}},{"start":{"line":149,"column":41},"end":{"line":149,"column":74}}]},"49":{"line":153,"type":"if","locations":[{"start":{"line":153,"column":16},"end":{"line":153,"column":16}},{"start":{"line":153,"column":16},"end":{"line":153,"column":16}}]},"50":{"line":159,"type":"if","locations":[{"start":{"line":159,"column":12},"end":{"line":159,"column":12}},{"start":{"line":159,"column":12},"end":{"line":159,"column":12}}]},"51":{"line":159,"type":"binary-expr","locations":[{"start":{"line":159,"column":17},"end":{"line":159,"column":36}},{"start":{"line":159,"column":40},"end":{"line":159,"column":56}}]},"52":{"line":160,"type":"if","locations":[{"start":{"line":160,"column":16},"end":{"line":160,"column":16}},{"start":{"line":160,"column":16},"end":{"line":160,"column":16}}]},"53":{"line":166,"type":"if","locations":[{"start":{"line":166,"column":12},"end":{"line":166,"column":12}},{"start":{"line":166,"column":12},"end":{"line":166,"column":12}}]},"54":{"line":166,"type":"binary-expr","locations":[{"start":{"line":166,"column":17},"end":{"line":166,"column":39}},{"start":{"line":166,"column":43},"end":{"line":166,"column":59}}]},"55":{"line":167,"type":"if","locations":[{"start":{"line":167,"column":16},"end":{"line":167,"column":16}},{"start":{"line":167,"column":16},"end":{"line":167,"column":16}}]},"56":{"line":173,"type":"if","locations":[{"start":{"line":173,"column":12},"end":{"line":173,"column":12}},{"start":{"line":173,"column":12},"end":{"line":173,"column":12}}]},"57":{"line":173,"type":"binary-expr","locations":[{"start":{"line":173,"column":17},"end":{"line":173,"column":33}},{"start":{"line":173,"column":37},"end":{"line":173,"column":53}}]},"58":{"line":174,"type":"if","locations":[{"start":{"line":174,"column":16},"end":{"line":174,"column":16}},{"start":{"line":174,"column":16},"end":{"line":174,"column":16}}]},"59":{"line":180,"type":"if","locations":[{"start":{"line":180,"column":12},"end":{"line":180,"column":12}},{"start":{"line":180,"column":12},"end":{"line":180,"column":12}}]},"60":{"line":180,"type":"binary-expr","locations":[{"start":{"line":180,"column":17},"end":{"line":180,"column":30}},{"start":{"line":180,"column":34},"end":{"line":180,"column":50}}]},"61":{"line":181,"type":"if","locations":[{"start":{"line":181,"column":16},"end":{"line":181,"column":16}},{"start":{"line":181,"column":16},"end":{"line":181,"column":16}}]},"62":{"line":187,"type":"if","locations":[{"start":{"line":187,"column":12},"end":{"line":187,"column":12}},{"start":{"line":187,"column":12},"end":{"line":187,"column":12}}]},"63":{"line":187,"type":"binary-expr","locations":[{"start":{"line":187,"column":17},"end":{"line":187,"column":34}},{"start":{"line":187,"column":38},"end":{"line":187,"column":54}}]},"64":{"line":188,"type":"if","locations":[{"start":{"line":188,"column":16},"end":{"line":188,"column":16}},{"start":{"line":188,"column":16},"end":{"line":188,"column":16}}]},"65":{"line":194,"type":"if","locations":[{"start":{"line":194,"column":12},"end":{"line":194,"column":12}},{"start":{"line":194,"column":12},"end":{"line":194,"column":12}}]},"66":{"line":194,"type":"binary-expr","locations":[{"start":{"line":194,"column":17},"end":{"line":194,"column":33}},{"start":{"line":194,"column":37},"end":{"line":194,"column":53}}]},"67":{"line":195,"type":"if","locations":[{"start":{"line":195,"column":16},"end":{"line":195,"column":16}},{"start":{"line":195,"column":16},"end":{"line":195,"column":16}}]},"68":{"line":201,"type":"if","locations":[{"start":{"line":201,"column":12},"end":{"line":201,"column":12}},{"start":{"line":201,"column":12},"end":{"line":201,"column":12}}]},"69":{"line":201,"type":"binary-expr","locations":[{"start":{"line":201,"column":17},"end":{"line":201,"column":29}},{"start":{"line":201,"column":33},"end":{"line":201,"column":49}}]},"70":{"line":204,"type":"if","locations":[{"start":{"line":204,"column":16},"end":{"line":204,"column":16}},{"start":{"line":204,"column":16},"end":{"line":204,"column":16}}]},"71":{"line":210,"type":"if","locations":[{"start":{"line":210,"column":12},"end":{"line":210,"column":12}},{"start":{"line":210,"column":12},"end":{"line":210,"column":12}}]},"72":{"line":210,"type":"binary-expr","locations":[{"start":{"line":210,"column":17},"end":{"line":210,"column":42}},{"start":{"line":210,"column":46},"end":{"line":210,"column":62}}]},"73":{"line":211,"type":"if","locations":[{"start":{"line":211,"column":16},"end":{"line":211,"column":16}},{"start":{"line":211,"column":16},"end":{"line":211,"column":16}}]},"74":{"line":217,"type":"if","locations":[{"start":{"line":217,"column":12},"end":{"line":217,"column":12}},{"start":{"line":217,"column":12},"end":{"line":217,"column":12}}]},"75":{"line":217,"type":"binary-expr","locations":[{"start":{"line":217,"column":17},"end":{"line":217,"column":34}},{"start":{"line":217,"column":38},"end":{"line":217,"column":54}}]},"76":{"line":218,"type":"if","locations":[{"start":{"line":218,"column":16},"end":{"line":218,"column":16}},{"start":{"line":218,"column":16},"end":{"line":218,"column":16}}]},"77":{"line":218,"type":"binary-expr","locations":[{"start":{"line":218,"column":21},"end":{"line":218,"column":37}},{"start":{"line":218,"column":41},"end":{"line":218,"column":68}}]},"78":{"line":222,"type":"if","locations":[{"start":{"line":222,"column":16},"end":{"line":222,"column":16}},{"start":{"line":222,"column":16},"end":{"line":222,"column":16}}]},"79":{"line":228,"type":"if","locations":[{"start":{"line":228,"column":12},"end":{"line":228,"column":12}},{"start":{"line":228,"column":12},"end":{"line":228,"column":12}}]},"80":{"line":228,"type":"binary-expr","locations":[{"start":{"line":228,"column":17},"end":{"line":228,"column":29}},{"start":{"line":228,"column":33},"end":{"line":228,"column":49}}]},"81":{"line":229,"type":"if","locations":[{"start":{"line":229,"column":16},"end":{"line":229,"column":16}},{"start":{"line":229,"column":16},"end":{"line":229,"column":16}}]},"82":{"line":238,"type":"if","locations":[{"start":{"line":238,"column":12},"end":{"line":238,"column":12}},{"start":{"line":238,"column":12},"end":{"line":238,"column":12}}]},"83":{"line":238,"type":"binary-expr","locations":[{"start":{"line":238,"column":17},"end":{"line":238,"column":33}},{"start":{"line":238,"column":37},"end":{"line":238,"column":56}},{"start":{"line":238,"column":60},"end":{"line":238,"column":76}}]},"84":{"line":239,"type":"if","locations":[{"start":{"line":239,"column":16},"end":{"line":239,"column":16}},{"start":{"line":239,"column":16},"end":{"line":239,"column":16}}]}}},"/Users/ross/Developer/workspace/stylus-lint/src/version.js":{"path":"/Users/ross/Developer/workspace/stylus-lint/src/version.js","s":{"1":1,"2":1,"3":1,"4":1,"5":0,"6":1,"7":1,"8":0},"b":{"1":[0,1],"2":[1,0]},"f":{"1":1,"2":1},"fnMap":{"1":{"name":"version","line":6,"loc":{"start":{"line":6,"column":17},"end":{"line":6,"column":41}}},"2":{"name":"(anonymous_2)","line":9,"loc":{"start":{"line":9,"column":39},"end":{"line":9,"column":61}}}},"statementMap":{"1":{"start":{"line":1,"column":0},"end":{"line":3,"column":29}},"2":{"start":{"line":6,"column":0},"end":{"line":15,"column":0}},"3":{"start":{"line":9,"column":4},"end":{"line":13,"column":7}},"4":{"start":{"line":10,"column":8},"end":{"line":10,"column":33}},"5":{"start":{"line":10,"column":21},"end":{"line":10,"column":31}},"6":{"start":{"line":11,"column":8},"end":{"line":11,"column":44}},"7":{"start":{"line":11,"column":35},"end":{"line":11,"column":42}},"8":{"start":{"line":12,"column":8},"end":{"line":12,"column":91}}},"branchMap":{"1":{"line":10,"type":"if","locations":[{"start":{"line":10,"column":8},"end":{"line":10,"column":8}},{"start":{"line":10,"column":8},"end":{"line":10,"column":8}}]},"2":{"line":11,"type":"if","locations":[{"start":{"line":11,"column":8},"end":{"line":11,"column":8}},{"start":{"line":11,"column":8},"end":{"line":11,"column":8}}]}}},"/Users/ross/Developer/workspace/stylus-lint/src/watch.js":{"path":"/Users/ross/Developer/workspace/stylus-lint/src/watch.js","s":{"1":1,"2":1,"3":1,"4":1,"5":1,"6":1,"7":0,"8":1,"9":0,"10":0},"b":{"1":[1,0]},"f":{"1":1,"2":1,"3":0},"fnMap":{"1":{"name":"watch","line":9,"loc":{"start":{"line":9,"column":17},"end":{"line":9,"column":45}}},"2":{"name":"(anonymous_2)","line":14,"loc":{"start":{"line":14,"column":24},"end":{"line":14,"column":35}}},"3":{"name":"(anonymous_3)","line":20,"loc":{"start":{"line":20,"column":25},"end":{"line":20,"column":45}}}},"statementMap":{"1":{"start":{"line":1,"column":0},"end":{"line":1,"column":37}},"2":{"start":{"line":9,"column":0},"end":{"line":25,"column":0}},"3":{"start":{"line":11,"column":4},"end":{"line":11,"column":41}},"4":{"start":{"line":14,"column":4},"end":{"line":17,"column":7}},"5":{"start":{"line":15,"column":8},"end":{"line":15,"column":44}},"6":{"start":{"line":15,"column":35},"end":{"line":15,"column":42}},"7":{"start":{"line":16,"column":8},"end":{"line":16,"column":75}},"8":{"start":{"line":20,"column":4},"end":{"line":23,"column":7}},"9":{"start":{"line":21,"column":8},"end":{"line":21,"column":32}},"10":{"start":{"line":22,"column":8},"end":{"line":22,"column":40}}},"branchMap":{"1":{"line":15,"type":"if","locations":[{"start":{"line":15,"column":8},"end":{"line":15,"column":8}},{"start":{"line":15,"column":8},"end":{"line":15,"column":8}}]}}},"/Users/ross/Developer/workspace/stylus-lint/src/checks/checkBlockStyle.js":{"path":"/Users/ross/Developer/workspace/stylus-lint/src/checks/checkBlockStyle.js","s":{"1":1,"2":1,"3":7,"4":1,"5":6,"6":2,"7":2,"8":4,"9":2},"b":{"1":[1,6],"2":[2,4],"3":[6,5,3],"4":[2,0],"5":[2,2],"6":[4,3,2,2]},"f":{"1":7},"fnMap":{"1":{"name":"checkBlockStyle","line":7,"loc":{"start":{"line":7,"column":17},"end":{"line":7,"column":50}}}},"statementMap":{"1":{"start":{"line":2,"column":0},"end":{"line":5,"column":17}},"2":{"start":{"line":7,"column":0},"end":{"line":29,"column":0}},"3":{"start":{"line":9,"column":4},"end":{"line":9,"column":50}},"4":{"start":{"line":9,"column":41},"end":{"line":9,"column":48}},"5":{"start":{"line":12,"column":4},"end":{"line":27,"column":5}},"6":{"start":{"line":17,"column":8},"end":{"line":19,"column":9}},"7":{"start":{"line":18,"column":12},"end":{"line":18,"column":25}},"8":{"start":{"line":21,"column":9},"end":{"line":27,"column":5}},"9":{"start":{"line":26,"column":8},"end":{"line":26,"column":20}}},"branchMap":{"1":{"line":9,"type":"if","locations":[{"start":{"line":9,"column":4},"end":{"line":9,"column":4}},{"start":{"line":9,"column":4},"end":{"line":9,"column":4}}]},"2":{"line":12,"type":"if","locations":[{"start":{"line":12,"column":4},"end":{"line":12,"column":4}},{"start":{"line":12,"column":4},"end":{"line":12,"column":4}}]},"3":{"line":12,"type":"binary-expr","locations":[{"start":{"line":12,"column":9},"end":{"line":12,"column":22}},{"start":{"line":13,"column":8},"end":{"line":13,"column":37}},{"start":{"line":14,"column":8},"end":{"line":14,"column":24}}]},"4":{"line":17,"type":"if","locations":[{"start":{"line":17,"column":8},"end":{"line":17,"column":8}},{"start":{"line":17,"column":8},"end":{"line":17,"column":8}}]},"5":{"line":21,"type":"if","locations":[{"start":{"line":21,"column":9},"end":{"line":21,"column":9}},{"start":{"line":21,"column":9},"end":{"line":21,"column":9}}]},"6":{"line":21,"type":"binary-expr","locations":[{"start":{"line":21,"column":14},"end":{"line":21,"column":27}},{"start":{"line":22,"column":8},"end":{"line":22,"column":37}},{"start":{"line":23,"column":8},"end":{"line":23,"column":24}},{"start":{"line":24,"column":8},"end":{"line":24,"column":25}}]}}},"/Users/ross/Developer/workspace/stylus-lint/src/checks/checkForBrackets.js":{"path":"/Users/ross/Developer/workspace/stylus-lint/src/checks/checkForBrackets.js","s":{"1":1,"2":1,"3":14,"4":4,"5":10,"6":4,"7":6,"8":4,"9":2,"10":2,"11":1,"12":1,"13":1},"b":{"1":[4,10],"2":[14,12],"3":[4,6],"4":[4,2],"5":[6,4],"6":[2,2],"7":[4,2],"8":[1,1],"9":[2,2],"10":[1,0],"11":[1,1]},"f":{"1":14},"fnMap":{"1":{"name":"checkForBrackets","line":6,"loc":{"start":{"line":6,"column":17},"end":{"line":6,"column":65}}}},"statementMap":{"1":{"start":{"line":1,"column":0},"end":{"line":4,"column":47}},"2":{"start":{"line":6,"column":0},"end":{"line":31,"column":0}},"3":{"start":{"line":8,"column":4},"end":{"line":8,"column":89}},"4":{"start":{"line":8,"column":80},"end":{"line":8,"column":87}},"5":{"start":{"line":11,"column":4},"end":{"line":28,"column":5}},"6":{"start":{"line":12,"column":8},"end":{"line":12,"column":21}},"7":{"start":{"line":15,"column":9},"end":{"line":28,"column":5}},"8":{"start":{"line":17,"column":8},"end":{"line":27,"column":9}},"9":{"start":{"line":18,"column":12},"end":{"line":18,"column":24}},"10":{"start":{"line":21,"column":13},"end":{"line":27,"column":9}},"11":{"start":{"line":22,"column":12},"end":{"line":22,"column":25}},"12":{"start":{"line":25,"column":13},"end":{"line":27,"column":9}},"13":{"start":{"line":26,"column":12},"end":{"line":26,"column":24}}},"branchMap":{"1":{"line":8,"type":"if","locations":[{"start":{"line":8,"column":4},"end":{"line":8,"column":4}},{"start":{"line":8,"column":4},"end":{"line":8,"column":4}}]},"2":{"line":8,"type":"binary-expr","locations":[{"start":{"line":8,"column":9},"end":{"line":8,"column":44}},{"start":{"line":8,"column":48},"end":{"line":8,"column":75}}]},"3":{"line":11,"type":"if","locations":[{"start":{"line":11,"column":4},"end":{"line":11,"column":4}},{"start":{"line":11,"column":4},"end":{"line":11,"column":4}}]},"4":{"line":15,"type":"if","locations":[{"start":{"line":15,"column":9},"end":{"line":15,"column":9}},{"start":{"line":15,"column":9},"end":{"line":15,"column":9}}]},"5":{"line":15,"type":"binary-expr","locations":[{"start":{"line":15,"column":14},"end":{"line":15,"column":36}},{"start":{"line":15,"column":40},"end":{"line":15,"column":63}}]},"6":{"line":17,"type":"if","locations":[{"start":{"line":17,"column":8},"end":{"line":17,"column":8}},{"start":{"line":17,"column":8},"end":{"line":17,"column":8}}]},"7":{"line":17,"type":"binary-expr","locations":[{"start":{"line":17,"column":13},"end":{"line":17,"column":35}},{"start":{"line":17,"column":39},"end":{"line":17,"column":63}}]},"8":{"line":21,"type":"if","locations":[{"start":{"line":21,"column":13},"end":{"line":21,"column":13}},{"start":{"line":21,"column":13},"end":{"line":21,"column":13}}]},"9":{"line":21,"type":"binary-expr","locations":[{"start":{"line":21,"column":18},"end":{"line":21,"column":41}},{"start":{"line":21,"column":45},"end":{"line":21,"column":57}}]},"10":{"line":25,"type":"if","locations":[{"start":{"line":25,"column":13},"end":{"line":25,"column":13}},{"start":{"line":25,"column":13},"end":{"line":25,"column":13}}]},"11":{"line":25,"type":"binary-expr","locations":[{"start":{"line":25,"column":18},"end":{"line":25,"column":41}},{"start":{"line":25,"column":45},"end":{"line":25,"column":58}}]}}},"/Users/ross/Developer/workspace/stylus-lint/src/checks/checkBorderNone.js":{"path":"/Users/ross/Developer/workspace/stylus-lint/src/checks/checkBorderNone.js","s":{"1":1,"2":2091,"3":1,"4":2090,"5":5,"6":2085,"7":19},"b":{"1":[1,2090],"2":[5,2085],"3":[19,2066]},"f":{"1":2091},"fnMap":{"1":{"name":"checkBorderNone","line":2,"loc":{"start":{"line":2,"column":17},"end":{"line":2,"column":50}}}},"statementMap":{"1":{"start":{"line":2,"column":0},"end":{"line":13,"column":0}},"2":{"start":{"line":4,"column":4},"end":{"line":4,"column":50}},"3":{"start":{"line":4,"column":41},"end":{"line":4,"column":48}},"4":{"start":{"line":6,"column":4},"end":{"line":11,"column":5}},"5":{"start":{"line":7,"column":8},"end":{"line":7,"column":20}},"6":{"start":{"line":9,"column":9},"end":{"line":11,"column":5}},"7":{"start":{"line":10,"column":8},"end":{"line":10,"column":21}}},"branchMap":{"1":{"line":4,"type":"if","locations":[{"start":{"line":4,"column":4},"end":{"line":4,"column":4}},{"start":{"line":4,"column":4},"end":{"line":4,"column":4}}]},"2":{"line":6,"type":"if","locations":[{"start":{"line":6,"column":4},"end":{"line":6,"column":4}},{"start":{"line":6,"column":4},"end":{"line":6,"column":4}}]},"3":{"line":9,"type":"if","locations":[{"start":{"line":9,"column":9},"end":{"line":9,"column":9}},{"start":{"line":9,"column":9},"end":{"line":9,"column":9}}]}}},"/Users/ross/Developer/workspace/stylus-lint/src/checks/checkForColon.js":{"path":"/Users/ross/Developer/workspace/stylus-lint/src/checks/checkForColon.js","s":{"1":1,"2":6,"3":4,"4":2,"5":1,"6":1},"b":{"1":[4,2],"2":[6,4],"3":[1,1],"4":[2,2]},"f":{"1":6},"fnMap":{"1":{"name":"checkForColon","line":2,"loc":{"start":{"line":2,"column":17},"end":{"line":2,"column":62}}}},"statementMap":{"1":{"start":{"line":2,"column":0},"end":{"line":13,"column":0}},"2":{"start":{"line":4,"column":4},"end":{"line":4,"column":89}},"3":{"start":{"line":4,"column":80},"end":{"line":4,"column":87}},"4":{"start":{"line":6,"column":4},"end":{"line":11,"column":5}},"5":{"start":{"line":7,"column":8},"end":{"line":7,"column":20}},"6":{"start":{"line":10,"column":8},"end":{"line":10,"column":21}}},"branchMap":{"1":{"line":4,"type":"if","locations":[{"start":{"line":4,"column":4},"end":{"line":4,"column":4}},{"start":{"line":4,"column":4},"end":{"line":4,"column":4}}]},"2":{"line":4,"type":"binary-expr","locations":[{"start":{"line":4,"column":9},"end":{"line":4,"column":44}},{"start":{"line":4,"column":48},"end":{"line":4,"column":75}}]},"3":{"line":6,"type":"if","locations":[{"start":{"line":6,"column":4},"end":{"line":6,"column":4}},{"start":{"line":6,"column":4},"end":{"line":6,"column":4}}]},"4":{"line":6,"type":"binary-expr","locations":[{"start":{"line":6,"column":9},"end":{"line":6,"column":31}},{"start":{"line":6,"column":35},"end":{"line":6,"column":60}}]}}},"/Users/ross/Developer/workspace/stylus-lint/src/checks/checkCommaStyle.js":{"path":"/Users/ross/Developer/workspace/stylus-lint/src/checks/checkCommaStyle.js","s":{"1":1,"2":1,"3":2091,"4":1,"5":2090,"6":114,"7":9,"8":105},"b":{"1":[1,2090],"2":[114,1976],"3":[2090,350],"4":[9,105],"5":[114,114]},"f":{"1":2091},"fnMap":{"1":{"name":"checkCommaStyle","line":6,"loc":{"start":{"line":6,"column":17},"end":{"line":6,"column":50}}}},"statementMap":{"1":{"start":{"line":2,"column":0},"end":{"line":4,"column":37}},"2":{"start":{"line":6,"column":0},"end":{"line":21,"column":0}},"3":{"start":{"line":8,"column":4},"end":{"line":8,"column":50}},"4":{"start":{"line":8,"column":41},"end":{"line":8,"column":48}},"5":{"start":{"line":11,"column":4},"end":{"line":19,"column":5}},"6":{"start":{"line":13,"column":8},"end":{"line":18,"column":9}},"7":{"start":{"line":14,"column":12},"end":{"line":14,"column":25}},"8":{"start":{"line":17,"column":12},"end":{"line":17,"column":24}}},"branchMap":{"1":{"line":8,"type":"if","locations":[{"start":{"line":8,"column":4},"end":{"line":8,"column":4}},{"start":{"line":8,"column":4},"end":{"line":8,"column":4}}]},"2":{"line":11,"type":"if","locations":[{"start":{"line":11,"column":4},"end":{"line":11,"column":4}},{"start":{"line":11,"column":4},"end":{"line":11,"column":4}}]},"3":{"line":11,"type":"binary-expr","locations":[{"start":{"line":11,"column":9},"end":{"line":11,"column":33}},{"start":{"line":11,"column":37},"end":{"line":11,"column":74}}]},"4":{"line":13,"type":"if","locations":[{"start":{"line":13,"column":8},"end":{"line":13,"column":8}},{"start":{"line":13,"column":8},"end":{"line":13,"column":8}}]},"5":{"line":13,"type":"binary-expr","locations":[{"start":{"line":13,"column":13},"end":{"line":13,"column":34}},{"start":{"line":13,"column":38},"end":{"line":13,"column":62}}]}}},"/Users/ross/Developer/workspace/stylus-lint/src/checks/checkCommentStyle.js":{"path":"/Users/ross/Developer/workspace/stylus-lint/src/checks/checkCommentStyle.js","s":{"1":1,"2":1,"3":6,"4":1,"5":5,"6":4,"7":1,"8":3,"9":1,"10":2},"b":{"1":[1,5],"2":[4,1],"3":[1,3],"4":[4,2],"5":[1,2],"6":[3,3]},"f":{"1":6},"fnMap":{"1":{"name":"checkCommentStyle","line":4,"loc":{"start":{"line":4,"column":17},"end":{"line":4,"column":52}}}},"statementMap":{"1":{"start":{"line":2,"column":0},"end":{"line":2,"column":25}},"2":{"start":{"line":4,"column":0},"end":{"line":22,"column":0}},"3":{"start":{"line":6,"column":4},"end":{"line":6,"column":50}},"4":{"start":{"line":6,"column":41},"end":{"line":6,"column":48}},"5":{"start":{"line":8,"column":4},"end":{"line":20,"column":5}},"6":{"start":{"line":10,"column":8},"end":{"line":19,"column":9}},"7":{"start":{"line":11,"column":12},"end":{"line":11,"column":25}},"8":{"start":{"line":14,"column":13},"end":{"line":19,"column":9}},"9":{"start":{"line":15,"column":12},"end":{"line":15,"column":25}},"10":{"start":{"line":18,"column":12},"end":{"line":18,"column":24}}},"branchMap":{"1":{"line":6,"type":"if","locations":[{"start":{"line":6,"column":4},"end":{"line":6,"column":4}},{"start":{"line":6,"column":4},"end":{"line":6,"column":4}}]},"2":{"line":8,"type":"if","locations":[{"start":{"line":8,"column":4},"end":{"line":8,"column":4}},{"start":{"line":8,"column":4},"end":{"line":8,"column":4}}]},"3":{"line":10,"type":"if","locations":[{"start":{"line":10,"column":8},"end":{"line":10,"column":8}},{"start":{"line":10,"column":8},"end":{"line":10,"column":8}}]},"4":{"line":10,"type":"binary-expr","locations":[{"start":{"line":10,"column":13},"end":{"line":10,"column":37}},{"start":{"line":10,"column":41},"end":{"line":10,"column":60}}]},"5":{"line":14,"type":"if","locations":[{"start":{"line":14,"column":13},"end":{"line":14,"column":13}},{"start":{"line":14,"column":13},"end":{"line":14,"column":13}}]},"6":{"line":14,"type":"binary-expr","locations":[{"start":{"line":14,"column":18},"end":{"line":14,"column":48}},{"start":{"line":14,"column":52},"end":{"line":14,"column":71}}]}}},"/Users/ross/Developer/workspace/stylus-lint/src/checks/checkForCssLiteral.js":{"path":"/Users/ross/Developer/workspace/stylus-lint/src/checks/checkForCssLiteral.js","s":{"1":1,"2":4,"3":1,"4":3,"5":1,"6":2},"b":{"1":[1,3],"2":[1,2]},"f":{"1":4},"fnMap":{"1":{"name":"checkCssLiteral","line":2,"loc":{"start":{"line":2,"column":17},"end":{"line":2,"column":50}}}},"statementMap":{"1":{"start":{"line":2,"column":0},"end":{"line":13,"column":0}},"2":{"start":{"line":4,"column":4},"end":{"line":4,"column":50}},"3":{"start":{"line":4,"column":41},"end":{"line":4,"column":48}},"4":{"start":{"line":6,"column":4},"end":{"line":11,"column":5}},"5":{"start":{"line":7,"column":8},"end":{"line":7,"column":20}},"6":{"start":{"line":10,"column":8},"end":{"line":10,"column":21}}},"branchMap":{"1":{"line":4,"type":"if","locations":[{"start":{"line":4,"column":4},"end":{"line":4,"column":4}},{"start":{"line":4,"column":4},"end":{"line":4,"column":4}}]},"2":{"line":6,"type":"if","locations":[{"start":{"line":6,"column":4},"end":{"line":6,"column":4}},{"start":{"line":6,"column":4},"end":{"line":6,"column":4}}]}}},"/Users/ross/Developer/workspace/stylus-lint/src/checks/checkForEfficiency.js":{"path":"/Users/ross/Developer/workspace/stylus-lint/src/checks/checkForEfficiency.js","s":{"1":1,"2":2101,"3":1,"4":2100,"5":8606,"6":2100,"7":57,"8":25,"9":4,"10":1,"11":3,"12":21,"13":14,"14":3,"15":11,"16":7,"17":7,"18":7,"19":0,"20":0,"21":0,"22":32},"b":{"1":[1,2100],"2":[2101,2100],"3":[57,2043],"4":[2100,2055,2045,2045],"5":[25,32],"6":[4,21],"7":[1,3],"8":[14,7],"9":[3,11],"10":[7,0],"11":[7,0],"12":[7,7],"13":[0,0],"14":[0,0]},"f":{"1":2101,"2":8606},"fnMap":{"1":{"name":"checkForEfficiency","line":3,"loc":{"start":{"line":3,"column":17},"end":{"line":3,"column":58}}},"2":{"name":"(anonymous_2)","line":8,"loc":{"start":{"line":8,"column":21},"end":{"line":8,"column":37}}}},"statementMap":{"1":{"start":{"line":3,"column":0},"end":{"line":60,"column":0}},"2":{"start":{"line":5,"column":4},"end":{"line":5,"column":79}},"3":{"start":{"line":5,"column":70},"end":{"line":5,"column":77}},"4":{"start":{"line":8,"column":4},"end":{"line":10,"column":7}},"5":{"start":{"line":9,"column":8},"end":{"line":9,"column":30}},"6":{"start":{"line":13,"column":4},"end":{"line":58,"column":5}},"7":{"start":{"line":19,"column":8},"end":{"line":57,"column":9}},"8":{"start":{"line":21,"column":12},"end":{"line":53,"column":13}},"9":{"start":{"line":23,"column":16},"end":{"line":28,"column":17}},"10":{"start":{"line":24,"column":20},"end":{"line":24,"column":33}},"11":{"start":{"line":27,"column":20},"end":{"line":27,"column":32}},"12":{"start":{"line":31,"column":17},"end":{"line":53,"column":13}},"13":{"start":{"line":33,"column":16},"end":{"line":38,"column":17}},"14":{"start":{"line":34,"column":20},"end":{"line":34,"column":33}},"15":{"start":{"line":37,"column":20},"end":{"line":37,"column":32}},"16":{"start":{"line":41,"column":17},"end":{"line":53,"column":13}},"17":{"start":{"line":43,"column":16},"end":{"line":52,"column":17}},"18":{"start":{"line":44,"column":20},"end":{"line":44,"column":33}},"19":{"start":{"line":47,"column":21},"end":{"line":52,"column":17}},"20":{"start":{"line":48,"column":20},"end":{"line":48,"column":33}},"21":{"start":{"line":51,"column":20},"end":{"line":51,"column":32}},"22":{"start":{"line":56,"column":12},"end":{"line":56,"column":24}}},"branchMap":{"1":{"line":5,"type":"if","locations":[{"start":{"line":5,"column":4},"end":{"line":5,"column":4}},{"start":{"line":5,"column":4},"end":{"line":5,"column":4}}]},"2":{"line":5,"type":"binary-expr","locations":[{"start":{"line":5,"column":9},"end":{"line":5,"column":36}},{"start":{"line":5,"column":40},"end":{"line":5,"column":66}}]},"3":{"line":13,"type":"if","locations":[{"start":{"line":13,"column":4},"end":{"line":13,"column":4}},{"start":{"line":13,"column":4},"end":{"line":13,"column":4}}]},"4":{"line":13,"type":"binary-expr","locations":[{"start":{"line":13,"column":9},"end":{"line":13,"column":28}},{"start":{"line":14,"column":8},"end":{"line":14,"column":28}},{"start":{"line":15,"column":8},"end":{"line":15,"column":29}},{"start":{"line":16,"column":8},"end":{"line":16,"column":30}}]},"5":{"line":19,"type":"if","locations":[{"start":{"line":19,"column":8},"end":{"line":19,"column":8}},{"start":{"line":19,"column":8},"end":{"line":19,"column":8}}]},"6":{"line":21,"type":"if","locations":[{"start":{"line":21,"column":12},"end":{"line":21,"column":12}},{"start":{"line":21,"column":12},"end":{"line":21,"column":12}}]},"7":{"line":23,"type":"if","locations":[{"start":{"line":23,"column":16},"end":{"line":23,"column":16}},{"start":{"line":23,"column":16},"end":{"line":23,"column":16}}]},"8":{"line":31,"type":"if","locations":[{"start":{"line":31,"column":17},"end":{"line":31,"column":17}},{"start":{"line":31,"column":17},"end":{"line":31,"column":17}}]},"9":{"line":33,"type":"if","locations":[{"start":{"line":33,"column":16},"end":{"line":33,"column":16}},{"start":{"line":33,"column":16},"end":{"line":33,"column":16}}]},"10":{"line":41,"type":"if","locations":[{"start":{"line":41,"column":17},"end":{"line":41,"column":17}},{"start":{"line":41,"column":17},"end":{"line":41,"column":17}}]},"11":{"line":43,"type":"if","locations":[{"start":{"line":43,"column":16},"end":{"line":43,"column":16}},{"start":{"line":43,"column":16},"end":{"line":43,"column":16}}]},"12":{"line":43,"type":"binary-expr","locations":[{"start":{"line":43,"column":21},"end":{"line":43,"column":38}},{"start":{"line":43,"column":42},"end":{"line":43,"column":59}}]},"13":{"line":47,"type":"if","locations":[{"start":{"line":47,"column":21},"end":{"line":47,"column":21}},{"start":{"line":47,"column":21},"end":{"line":47,"column":21}}]},"14":{"line":47,"type":"binary-expr","locations":[{"start":{"line":47,"column":26},"end":{"line":47,"column":43}},{"start":{"line":47,"column":47},"end":{"line":47,"column":64}}]}}},"/Users/ross/Developer/workspace/stylus-lint/src/checks/checkForExtendStyle.js":{"path":"/Users/ross/Developer/workspace/stylus-lint/src/checks/checkForExtendStyle.js","s":{"1":1,"2":7,"3":3,"4":4,"5":2,"6":1,"7":1,"8":1,"9":2,"10":2,"11":1,"12":1,"13":1},"b":{"1":[3,4],"2":[7,5],"3":[2,2],"4":[1,1],"5":[1,0],"6":[2,0],"7":[1,1],"8":[1,0]},"f":{"1":7},"fnMap":{"1":{"name":"checkExtendStyle","line":2,"loc":{"start":{"line":2,"column":17},"end":{"line":2,"column":57}}}},"statementMap":{"1":{"start":{"line":2,"column":0},"end":{"line":23,"column":0}},"2":{"start":{"line":4,"column":4},"end":{"line":4,"column":81}},"3":{"start":{"line":4,"column":72},"end":{"line":4,"column":79}},"4":{"start":{"line":6,"column":4},"end":{"line":21,"column":5}},"5":{"start":{"line":7,"column":8},"end":{"line":12,"column":9}},"6":{"start":{"line":8,"column":12},"end":{"line":8,"column":25}},"7":{"start":{"line":10,"column":13},"end":{"line":12,"column":9}},"8":{"start":{"line":11,"column":12},"end":{"line":11,"column":24}},"9":{"start":{"line":14,"column":9},"end":{"line":21,"column":5}},"10":{"start":{"line":15,"column":8},"end":{"line":20,"column":9}},"11":{"start":{"line":16,"column":12},"end":{"line":16,"column":25}},"12":{"start":{"line":18,"column":13},"end":{"line":20,"column":9}},"13":{"start":{"line":19,"column":12},"end":{"line":19,"column":24}}},"branchMap":{"1":{"line":4,"type":"if","locations":[{"start":{"line":4,"column":4},"end":{"line":4,"column":4}},{"start":{"line":4,"column":4},"end":{"line":4,"column":4}}]},"2":{"line":4,"type":"binary-expr","locations":[{"start":{"line":4,"column":9},"end":{"line":4,"column":36}},{"start":{"line":4,"column":40},"end":{"line":4,"column":67}}]},"3":{"line":6,"type":"if","locations":[{"start":{"line":6,"column":4},"end":{"line":6,"column":4}},{"start":{"line":6,"column":4},"end":{"line":6,"column":4}}]},"4":{"line":7,"type":"if","locations":[{"start":{"line":7,"column":8},"end":{"line":7,"column":8}},{"start":{"line":7,"column":8},"end":{"line":7,"column":8}}]},"5":{"line":10,"type":"if","locations":[{"start":{"line":10,"column":13},"end":{"line":10,"column":13}},{"start":{"line":10,"column":13},"end":{"line":10,"column":13}}]},"6":{"line":14,"type":"if","locations":[{"start":{"line":14,"column":9},"end":{"line":14,"column":9}},{"start":{"line":14,"column":9},"end":{"line":14,"column":9}}]},"7":{"line":15,"type":"if","locations":[{"start":{"line":15,"column":8},"end":{"line":15,"column":8}},{"start":{"line":15,"column":8},"end":{"line":15,"column":8}}]},"8":{"line":18,"type":"if","locations":[{"start":{"line":18,"column":13},"end":{"line":18,"column":13}},{"start":{"line":18,"column":13},"end":{"line":18,"column":13}}]}}},"/Users/ross/Developer/workspace/stylus-lint/src/checks/checkForComment.js":{"path":"/Users/ross/Developer/workspace/stylus-lint/src/checks/checkForComment.js","s":{"1":1,"2":1,"3":6711,"4":1,"5":6710,"6":844,"7":5866},"b":{"1":[1,6710],"2":[844,5866]},"f":{"1":6711},"fnMap":{"1":{"name":"checkForComment","line":4,"loc":{"start":{"line":4,"column":17},"end":{"line":4,"column":50}}}},"statementMap":{"1":{"start":{"line":2,"column":0},"end":{"line":2,"column":28}},"2":{"start":{"line":4,"column":0},"end":{"line":16,"column":0}},"3":{"start":{"line":6,"column":4},"end":{"line":6,"column":50}},"4":{"start":{"line":6,"column":41},"end":{"line":6,"column":48}},"5":{"start":{"line":9,"column":4},"end":{"line":14,"column":5}},"6":{"start":{"line":10,"column":8},"end":{"line":10,"column":20}},"7":{"start":{"line":13,"column":8},"end":{"line":13,"column":21}}},"branchMap":{"1":{"line":6,"type":"if","locations":[{"start":{"line":6,"column":4},"end":{"line":6,"column":4}},{"start":{"line":6,"column":4},"end":{"line":6,"column":4}}]},"2":{"line":9,"type":"if","locations":[{"start":{"line":9,"column":4},"end":{"line":9,"column":4}},{"start":{"line":9,"column":4},"end":{"line":9,"column":4}}]}}},"/Users/ross/Developer/workspace/stylus-lint/src/checks/checkForHashEnd.js":{"path":"/Users/ross/Developer/workspace/stylus-lint/src/checks/checkForHashEnd.js","s":{"1":1,"2":1,"3":2121,"4":2,"5":2119,"6":15,"7":2104},"b":{"1":[2,2119],"2":[2121,2119],"3":[15,2104],"4":[2119,18]},"f":{"1":2121},"fnMap":{"1":{"name":"checkForHashEnd","line":4,"loc":{"start":{"line":4,"column":17},"end":{"line":4,"column":64}}}},"statementMap":{"1":{"start":{"line":2,"column":0},"end":{"line":2,"column":25}},"2":{"start":{"line":4,"column":0},"end":{"line":16,"column":0}},"3":{"start":{"line":6,"column":4},"end":{"line":6,"column":89}},"4":{"start":{"line":6,"column":80},"end":{"line":6,"column":87}},"5":{"start":{"line":9,"column":4},"end":{"line":14,"column":5}},"6":{"start":{"line":10,"column":8},"end":{"line":10,"column":20}},"7":{"start":{"line":13,"column":8},"end":{"line":13,"column":21}}},"branchMap":{"1":{"line":6,"type":"if","locations":[{"start":{"line":6,"column":4},"end":{"line":6,"column":4}},{"start":{"line":6,"column":4},"end":{"line":6,"column":4}}]},"2":{"line":6,"type":"binary-expr","locations":[{"start":{"line":6,"column":9},"end":{"line":6,"column":44}},{"start":{"line":6,"column":48},"end":{"line":6,"column":75}}]},"3":{"line":9,"type":"if","locations":[{"start":{"line":9,"column":4},"end":{"line":9,"column":4}},{"start":{"line":9,"column":4},"end":{"line":9,"column":4}}]},"4":{"line":9,"type":"binary-expr","locations":[{"start":{"line":9,"column":9},"end":{"line":9,"column":30}},{"start":{"line":9,"column":34},"end":{"line":9,"column":46}}]}}},"/Users/ross/Developer/workspace/stylus-lint/src/checks/checkForHashStart.js":{"path":"/Users/ross/Developer/workspace/stylus-lint/src/checks/checkForHashStart.js","s":{"1":1,"2":1,"3":2113,"4":1,"5":2112,"6":11,"7":2101},"b":{"1":[1,2112],"2":[11,2101],"3":[2112,14]},"f":{"1":2113},"fnMap":{"1":{"name":"checkForHashStart","line":4,"loc":{"start":{"line":4,"column":17},"end":{"line":4,"column":52}}}},"statementMap":{"1":{"start":{"line":2,"column":0},"end":{"line":2,"column":27}},"2":{"start":{"line":4,"column":0},"end":{"line":16,"column":0}},"3":{"start":{"line":6,"column":4},"end":{"line":6,"column":50}},"4":{"start":{"line":6,"column":41},"end":{"line":6,"column":48}},"5":{"start":{"line":9,"column":4},"end":{"line":14,"column":5}},"6":{"start":{"line":10,"column":8},"end":{"line":10,"column":20}},"7":{"start":{"line":13,"column":8},"end":{"line":13,"column":21}}},"branchMap":{"1":{"line":6,"type":"if","locations":[{"start":{"line":6,"column":4},"end":{"line":6,"column":4}},{"start":{"line":6,"column":4},"end":{"line":6,"column":4}}]},"2":{"line":9,"type":"if","locations":[{"start":{"line":9,"column":4},"end":{"line":9,"column":4}},{"start":{"line":9,"column":4},"end":{"line":9,"column":4}}]},"3":{"line":9,"type":"binary-expr","locations":[{"start":{"line":9,"column":9},"end":{"line":9,"column":32}},{"start":{"line":9,"column":36},"end":{"line":9,"column":60}}]}}},"/Users/ross/Developer/workspace/stylus-lint/src/checks/checkForLeadingZero.js":{"path":"/Users/ross/Developer/workspace/stylus-lint/src/checks/checkForLeadingZero.js","s":{"1":1,"2":1,"3":2093,"4":1,"5":2092,"6":2092,"7":8579,"8":2092,"9":14,"10":43,"11":10,"12":2092,"13":10,"14":2082},"b":{"1":[1,2092],"2":[14,2078],"3":[2092,19],"4":[10,33],"5":[10,2082]},"f":{"1":2093,"2":8579},"fnMap":{"1":{"name":"hasLeadingZero","line":4,"loc":{"start":{"line":4,"column":17},"end":{"line":4,"column":54}}},"2":{"name":"(anonymous_2)","line":10,"loc":{"start":{"line":10,"column":21},"end":{"line":10,"column":37}}}},"statementMap":{"1":{"start":{"line":1,"column":0},"end":{"line":1,"column":42}},"2":{"start":{"line":4,"column":0},"end":{"line":32,"column":0}},"3":{"start":{"line":6,"column":4},"end":{"line":6,"column":50}},"4":{"start":{"line":6,"column":41},"end":{"line":6,"column":48}},"5":{"start":{"line":7,"column":4},"end":{"line":7,"column":26}},"6":{"start":{"line":10,"column":4},"end":{"line":12,"column":7}},"7":{"start":{"line":11,"column":8},"end":{"line":11,"column":30}},"8":{"start":{"line":15,"column":4},"end":{"line":22,"column":5}},"9":{"start":{"line":17,"column":8},"end":{"line":21,"column":9}},"10":{"start":{"line":18,"column":12},"end":{"line":20,"column":13}},"11":{"start":{"line":19,"column":16},"end":{"line":19,"column":33}},"12":{"start":{"line":24,"column":4},"end":{"line":29,"column":5}},"13":{"start":{"line":25,"column":8},"end":{"line":25,"column":20}},"14":{"start":{"line":28,"column":8},"end":{"line":28,"column":21}}},"branchMap":{"1":{"line":6,"type":"if","locations":[{"start":{"line":6,"column":4},"end":{"line":6,"column":4}},{"start":{"line":6,"column":4},"end":{"line":6,"column":4}}]},"2":{"line":15,"type":"if","locations":[{"start":{"line":15,"column":4},"end":{"line":15,"column":4}},{"start":{"line":15,"column":4},"end":{"line":15,"column":4}}]},"3":{"line":15,"type":"binary-expr","locations":[{"start":{"line":15,"column":9},"end":{"line":15,"column":34}},{"start":{"line":15,"column":38},"end":{"line":15,"column":64}}]},"4":{"line":18,"type":"if","locations":[{"start":{"line":18,"column":12},"end":{"line":18,"column":12}},{"start":{"line":18,"column":12},"end":{"line":18,"column":12}}]},"5":{"line":24,"type":"if","locations":[{"start":{"line":24,"column":4},"end":{"line":24,"column":4}},{"start":{"line":24,"column":4},"end":{"line":24,"column":4}}]}}},"/Users/ross/Developer/workspace/stylus-lint/src/checks/checkForMixedSpacesTabs.js":{"path":"/Users/ross/Developer/workspace/stylus-lint/src/checks/checkForMixedSpacesTabs.js","s":{"1":1,"2":1,"3":6,"4":1,"5":5,"6":3,"7":2,"8":1,"9":2,"10":1,"11":1},"b":{"1":[1,5],"2":[6,5],"3":[3,2],"4":[2,1],"5":[1,1]},"f":{"1":6},"fnMap":{"1":{"name":"checkMixedSpacesAndTabs","line":12,"loc":{"start":{"line":12,"column":17},"end":{"line":12,"column":72}}}},"statementMap":{"1":{"start":{"line":8,"column":0},"end":{"line":10,"column":22}},"2":{"start":{"line":12,"column":0},"end":{"line":39,"column":0}},"3":{"start":{"line":14,"column":4},"end":{"line":14,"column":89}},"4":{"start":{"line":14,"column":80},"end":{"line":14,"column":87}},"5":{"start":{"line":17,"column":4},"end":{"line":37,"column":5}},"6":{"start":{"line":19,"column":8},"end":{"line":25,"column":9}},"7":{"start":{"line":20,"column":12},"end":{"line":20,"column":24}},"8":{"start":{"line":24,"column":12},"end":{"line":24,"column":25}},"9":{"start":{"line":30,"column":8},"end":{"line":36,"column":9}},"10":{"start":{"line":31,"column":12},"end":{"line":31,"column":24}},"11":{"start":{"line":35,"column":12},"end":{"line":35,"column":25}}},"branchMap":{"1":{"line":14,"type":"if","locations":[{"start":{"line":14,"column":4},"end":{"line":14,"column":4}},{"start":{"line":14,"column":4},"end":{"line":14,"column":4}}]},"2":{"line":14,"type":"binary-expr","locations":[{"start":{"line":14,"column":9},"end":{"line":14,"column":36}},{"start":{"line":14,"column":40},"end":{"line":14,"column":75}}]},"3":{"line":17,"type":"if","locations":[{"start":{"line":17,"column":4},"end":{"line":17,"column":4}},{"start":{"line":17,"column":4},"end":{"line":17,"column":4}}]},"4":{"line":19,"type":"if","locations":[{"start":{"line":19,"column":8},"end":{"line":19,"column":8}},{"start":{"line":19,"column":8},"end":{"line":19,"column":8}}]},"5":{"line":30,"type":"if","locations":[{"start":{"line":30,"column":8},"end":{"line":30,"column":8}},{"start":{"line":30,"column":8},"end":{"line":30,"column":8}}]}}},"/Users/ross/Developer/workspace/stylus-lint/src/checks/checkNamingConvention.js":{"path":"/Users/ross/Developer/workspace/stylus-lint/src/checks/checkNamingConvention.js","s":{"1":1,"2":1,"3":33,"4":2,"5":31,"6":27,"7":6,"8":3,"9":3,"10":21,"11":6,"12":3,"13":3,"14":15,"15":6,"16":3,"17":3},"b":{"1":[2,31],"2":[33,32],"3":[27,4],"4":[6,21],"5":[3,3],"6":[6,3,3],"7":[6,15],"8":[3,3],"9":[6,9],"10":[3,3]},"f":{"1":33},"fnMap":{"1":{"name":"checkNamingConvention","line":14,"loc":{"start":{"line":14,"column":17},"end":{"line":14,"column":68}}}},"statementMap":{"1":{"start":{"line":8,"column":0},"end":{"line":12,"column":46}},"2":{"start":{"line":14,"column":0},"end":{"line":46,"column":0}},"3":{"start":{"line":16,"column":4},"end":{"line":16,"column":87}},"4":{"start":{"line":16,"column":78},"end":{"line":16,"column":85}},"5":{"start":{"line":19,"column":4},"end":{"line":44,"column":5}},"6":{"start":{"line":20,"column":8},"end":{"line":43,"column":9}},"7":{"start":{"line":21,"column":12},"end":{"line":26,"column":13}},"8":{"start":{"line":22,"column":16},"end":{"line":22,"column":28}},"9":{"start":{"line":25,"column":16},"end":{"line":25,"column":29}},"10":{"start":{"line":28,"column":13},"end":{"line":43,"column":9}},"11":{"start":{"line":29,"column":12},"end":{"line":34,"column":13}},"12":{"start":{"line":30,"column":16},"end":{"line":30,"column":28}},"13":{"start":{"line":33,"column":16},"end":{"line":33,"column":29}},"14":{"start":{"line":36,"column":13},"end":{"line":43,"column":9}},"15":{"start":{"line":37,"column":12},"end":{"line":42,"column":13}},"16":{"start":{"line":38,"column":16},"end":{"line":38,"column":28}},"17":{"start":{"line":41,"column":16},"end":{"line":41,"column":29}}},"branchMap":{"1":{"line":16,"type":"if","locations":[{"start":{"line":16,"column":4},"end":{"line":16,"column":4}},{"start":{"line":16,"column":4},"end":{"line":16,"column":4}}]},"2":{"line":16,"type":"binary-expr","locations":[{"start":{"line":16,"column":9},"end":{"line":16,"column":36}},{"start":{"line":16,"column":40},"end":{"line":16,"column":73}}]},"3":{"line":19,"type":"if","locations":[{"start":{"line":19,"column":4},"end":{"line":19,"column":4}},{"start":{"line":19,"column":4},"end":{"line":19,"column":4}}]},"4":{"line":20,"type":"if","locations":[{"start":{"line":20,"column":8},"end":{"line":20,"column":8}},{"start":{"line":20,"column":8},"end":{"line":20,"column":8}}]},"5":{"line":21,"type":"if","locations":[{"start":{"line":21,"column":12},"end":{"line":21,"column":12}},{"start":{"line":21,"column":12},"end":{"line":21,"column":12}}]},"6":{"line":21,"type":"binary-expr","locations":[{"start":{"line":21,"column":17},"end":{"line":21,"column":33}},{"start":{"line":21,"column":37},"end":{"line":21,"column":53}},{"start":{"line":21,"column":57},"end":{"line":21,"column":74}}]},"7":{"line":28,"type":"if","locations":[{"start":{"line":28,"column":13},"end":{"line":28,"column":13}},{"start":{"line":28,"column":13},"end":{"line":28,"column":13}}]},"8":{"line":29,"type":"if","locations":[{"start":{"line":29,"column":12},"end":{"line":29,"column":12}},{"start":{"line":29,"column":12},"end":{"line":29,"column":12}}]},"9":{"line":36,"type":"if","locations":[{"start":{"line":36,"column":13},"end":{"line":36,"column":13}},{"start":{"line":36,"column":13},"end":{"line":36,"column":13}}]},"10":{"line":37,"type":"if","locations":[{"start":{"line":37,"column":12},"end":{"line":37,"column":12}},{"start":{"line":37,"column":12},"end":{"line":37,"column":12}}]}}},"/Users/ross/Developer/workspace/stylus-lint/src/checks/checkForParenStyle.js":{"path":"/Users/ross/Developer/workspace/stylus-lint/src/checks/checkForParenStyle.js","s":{"1":1,"2":1,"3":4,"4":1,"5":3,"6":2,"7":1,"8":1},"b":{"1":[1,3],"2":[2,1],"3":[3,2],"4":[1,1],"5":[2,1]},"f":{"1":4},"fnMap":{"1":{"name":"checkMixinStyle","line":6,"loc":{"start":{"line":6,"column":17},"end":{"line":6,"column":50}}}},"statementMap":{"1":{"start":{"line":2,"column":0},"end":{"line":4,"column":21}},"2":{"start":{"line":6,"column":0},"end":{"line":20,"column":0}},"3":{"start":{"line":8,"column":4},"end":{"line":8,"column":50}},"4":{"start":{"line":8,"column":41},"end":{"line":8,"column":48}},"5":{"start":{"line":11,"column":4},"end":{"line":18,"column":5}},"6":{"start":{"line":12,"column":8},"end":{"line":17,"column":9}},"7":{"start":{"line":13,"column":12},"end":{"line":13,"column":25}},"8":{"start":{"line":16,"column":12},"end":{"line":16,"column":24}}},"branchMap":{"1":{"line":8,"type":"if","locations":[{"start":{"line":8,"column":4},"end":{"line":8,"column":4}},{"start":{"line":8,"column":4},"end":{"line":8,"column":4}}]},"2":{"line":11,"type":"if","locations":[{"start":{"line":11,"column":4},"end":{"line":11,"column":4}},{"start":{"line":11,"column":4},"end":{"line":11,"column":4}}]},"3":{"line":11,"type":"binary-expr","locations":[{"start":{"line":11,"column":9},"end":{"line":11,"column":33}},{"start":{"line":11,"column":37},"end":{"line":11,"column":62}}]},"4":{"line":12,"type":"if","locations":[{"start":{"line":12,"column":8},"end":{"line":12,"column":8}},{"start":{"line":12,"column":8},"end":{"line":12,"column":8}}]},"5":{"line":12,"type":"binary-expr","locations":[{"start":{"line":12,"column":13},"end":{"line":12,"column":38}},{"start":{"line":12,"column":42},"end":{"line":12,"column":67}}]}}},"/Users/ross/Developer/workspace/stylus-lint/src/checks/checkForPlaceholderStyle.js":{"path":"/Users/ross/Developer/workspace/stylus-lint/src/checks/checkForPlaceholderStyle.js","s":{"1":1,"2":2091,"3":1,"4":2090,"5":2,"6":0,"7":2,"8":2088,"9":6,"10":3,"11":3},"b":{"1":[1,2090],"2":[2,2088],"3":[0,2],"4":[6,2082],"5":[3,3]},"f":{"1":2091},"fnMap":{"1":{"name":"checkPlaceholderStyle","line":2,"loc":{"start":{"line":2,"column":17},"end":{"line":2,"column":56}}}},"statementMap":{"1":{"start":{"line":2,"column":0},"end":{"line":24,"column":0}},"2":{"start":{"line":4,"column":4},"end":{"line":4,"column":50}},"3":{"start":{"line":4,"column":41},"end":{"line":4,"column":48}},"4":{"start":{"line":7,"column":4},"end":{"line":22,"column":5}},"5":{"start":{"line":8,"column":8},"end":{"line":13,"column":9}},"6":{"start":{"line":9,"column":12},"end":{"line":9,"column":25}},"7":{"start":{"line":12,"column":12},"end":{"line":12,"column":24}},"8":{"start":{"line":15,"column":9},"end":{"line":22,"column":5}},"9":{"start":{"line":16,"column":8},"end":{"line":21,"column":9}},"10":{"start":{"line":17,"column":12},"end":{"line":17,"column":25}},"11":{"start":{"line":20,"column":12},"end":{"line":20,"column":24}}},"branchMap":{"1":{"line":4,"type":"if","locations":[{"start":{"line":4,"column":4},"end":{"line":4,"column":4}},{"start":{"line":4,"column":4},"end":{"line":4,"column":4}}]},"2":{"line":7,"type":"if","locations":[{"start":{"line":7,"column":4},"end":{"line":7,"column":4}},{"start":{"line":7,"column":4},"end":{"line":7,"column":4}}]},"3":{"line":8,"type":"if","locations":[{"start":{"line":8,"column":8},"end":{"line":8,"column":8}},{"start":{"line":8,"column":8},"end":{"line":8,"column":8}}]},"4":{"line":15,"type":"if","locations":[{"start":{"line":15,"column":9},"end":{"line":15,"column":9}},{"start":{"line":15,"column":9},"end":{"line":15,"column":9}}]},"5":{"line":16,"type":"if","locations":[{"start":{"line":16,"column":8},"end":{"line":16,"column":8}},{"start":{"line":16,"column":8},"end":{"line":16,"column":8}}]}}},"/Users/ross/Developer/workspace/stylus-lint/src/checks/checkForSemicolon.js":{"path":"/Users/ross/Developer/workspace/stylus-lint/src/checks/checkForSemicolon.js","s":{"1":1,"2":3,"3":1,"4":2,"5":1,"6":1},"b":{"1":[1,2],"2":[1,1]},"f":{"1":3},"fnMap":{"1":{"name":"checkForSemicolons","line":2,"loc":{"start":{"line":2,"column":17},"end":{"line":2,"column":53}}}},"statementMap":{"1":{"start":{"line":2,"column":0},"end":{"line":13,"column":0}},"2":{"start":{"line":4,"column":4},"end":{"line":4,"column":50}},"3":{"start":{"line":4,"column":41},"end":{"line":4,"column":48}},"4":{"start":{"line":6,"column":4},"end":{"line":11,"column":5}},"5":{"start":{"line":7,"column":8},"end":{"line":7,"column":20}},"6":{"start":{"line":10,"column":8},"end":{"line":10,"column":21}}},"branchMap":{"1":{"line":4,"type":"if","locations":[{"start":{"line":4,"column":4},"end":{"line":4,"column":4}},{"start":{"line":4,"column":4},"end":{"line":4,"column":4}}]},"2":{"line":6,"type":"if","locations":[{"start":{"line":6,"column":4},"end":{"line":6,"column":4}},{"start":{"line":6,"column":4},"end":{"line":6,"column":4}}]}}},"/Users/ross/Developer/workspace/stylus-lint/src/checks/checkForCommentStart.js":{"path":"/Users/ross/Developer/workspace/stylus-lint/src/checks/checkForCommentStart.js","s":{"1":1,"2":1,"3":2282,"4":1,"5":2281,"6":335,"7":172,"8":163},"b":{"1":[1,2281],"2":[335,1946],"3":[172,163]},"f":{"1":2282},"fnMap":{"1":{"name":"checkForStart","line":6,"loc":{"start":{"line":6,"column":17},"end":{"line":6,"column":48}}}},"statementMap":{"1":{"start":{"line":2,"column":0},"end":{"line":4,"column":37}},"2":{"start":{"line":6,"column":0},"end":{"line":20,"column":0}},"3":{"start":{"line":8,"column":4},"end":{"line":8,"column":50}},"4":{"start":{"line":8,"column":41},"end":{"line":8,"column":48}},"5":{"start":{"line":10,"column":4},"end":{"line":18,"column":5}},"6":{"start":{"line":12,"column":8},"end":{"line":17,"column":9}},"7":{"start":{"line":13,"column":12},"end":{"line":13,"column":24}},"8":{"start":{"line":16,"column":12},"end":{"line":16,"column":25}}},"branchMap":{"1":{"line":8,"type":"if","locations":[{"start":{"line":8,"column":4},"end":{"line":8,"column":4}},{"start":{"line":8,"column":4},"end":{"line":8,"column":4}}]},"2":{"line":10,"type":"if","locations":[{"start":{"line":10,"column":4},"end":{"line":10,"column":4}},{"start":{"line":10,"column":4},"end":{"line":10,"column":4}}]},"3":{"line":12,"type":"if","locations":[{"start":{"line":12,"column":8},"end":{"line":12,"column":8}},{"start":{"line":12,"column":8},"end":{"line":12,"column":8}}]}}},"/Users/ross/Developer/workspace/stylus-lint/src/checks/checkNesting.js":{"path":"/Users/ross/Developer/workspace/stylus-lint/src/checks/checkNesting.js","s":{"1":1,"2":1,"3":13,"4":6,"5":7,"6":7,"7":51,"8":7,"9":5,"10":3,"11":2,"12":2,"13":7,"14":2,"15":0,"16":2,"17":2,"18":0,"19":0},"b":{"1":[6,7],"2":[13,11,11,8],"3":[5,2],"4":[3,2],"5":[0,2],"6":[2,0],"7":[0,0]},"f":{"1":13,"2":51},"fnMap":{"1":{"name":"checkNesting","line":11,"loc":{"start":{"line":11,"column":17},"end":{"line":11,"column":73}}},"2":{"name":"(anonymous_2)","line":24,"loc":{"start":{"line":24,"column":21},"end":{"line":24,"column":37}}}},"statementMap":{"1":{"start":{"line":9,"column":0},"end":{"line":9,"column":22}},"2":{"start":{"line":11,"column":0},"end":{"line":57,"column":0}},"3":{"start":{"line":13,"column":4},"end":{"line":18,"column":5}},"4":{"start":{"line":17,"column":8},"end":{"line":17,"column":15}},"5":{"start":{"line":20,"column":4},"end":{"line":21,"column":18}},"6":{"start":{"line":24,"column":4},"end":{"line":26,"column":7}},"7":{"start":{"line":25,"column":8},"end":{"line":25,"column":32}},"8":{"start":{"line":29,"column":4},"end":{"line":55,"column":5}},"9":{"start":{"line":30,"column":8},"end":{"line":35,"column":9}},"10":{"start":{"line":31,"column":12},"end":{"line":31,"column":24}},"11":{"start":{"line":34,"column":12},"end":{"line":34,"column":25}},"12":{"start":{"line":40,"column":8},"end":{"line":42,"column":9}},"13":{"start":{"line":41,"column":12},"end":{"line":41,"column":20}},"14":{"start":{"line":45,"column":8},"end":{"line":47,"column":9}},"15":{"start":{"line":46,"column":12},"end":{"line":46,"column":30}},"16":{"start":{"line":49,"column":8},"end":{"line":54,"column":9}},"17":{"start":{"line":50,"column":12},"end":{"line":50,"column":24}},"18":{"start":{"line":52,"column":13},"end":{"line":54,"column":9}},"19":{"start":{"line":53,"column":12},"end":{"line":53,"column":25}}},"branchMap":{"1":{"line":13,"type":"if","locations":[{"start":{"line":13,"column":4},"end":{"line":13,"column":4}},{"start":{"line":13,"column":4},"end":{"line":13,"column":4}}]},"2":{"line":13,"type":"binary-expr","locations":[{"start":{"line":13,"column":9},"end":{"line":13,"column":36}},{"start":{"line":14,"column":8},"end":{"line":14,"column":34}},{"start":{"line":15,"column":8},"end":{"line":15,"column":36}},{"start":{"line":16,"column":8},"end":{"line":16,"column":43}}]},"3":{"line":29,"type":"if","locations":[{"start":{"line":29,"column":4},"end":{"line":29,"column":4}},{"start":{"line":29,"column":4},"end":{"line":29,"column":4}}]},"4":{"line":30,"type":"if","locations":[{"start":{"line":30,"column":8},"end":{"line":30,"column":8}},{"start":{"line":30,"column":8},"end":{"line":30,"column":8}}]},"5":{"line":45,"type":"if","locations":[{"start":{"line":45,"column":8},"end":{"line":45,"column":8}},{"start":{"line":45,"column":8},"end":{"line":45,"column":8}}]},"6":{"line":49,"type":"if","locations":[{"start":{"line":49,"column":8},"end":{"line":49,"column":8}},{"start":{"line":49,"column":8},"end":{"line":49,"column":8}}]},"7":{"line":52,"type":"if","locations":[{"start":{"line":52,"column":13},"end":{"line":52,"column":13}},{"start":{"line":52,"column":13},"end":{"line":52,"column":13}}]}}},"/Users/ross/Developer/workspace/stylus-lint/src/checks/checkForUniversal.js":{"path":"/Users/ross/Developer/workspace/stylus-lint/src/checks/checkForUniversal.js","s":{"1":1,"2":1,"3":2091,"4":1,"5":2090,"6":20,"7":6,"8":14,"9":2070},"b":{"1":[1,0],"2":[1,2090],"3":[20,2070],"4":[6,14],"5":[20,6,6,6]},"f":{"1":2091},"fnMap":{"1":{"name":"checkForUniversal","line":12,"loc":{"start":{"line":12,"column":17},"end":{"line":12,"column":52}}}},"statementMap":{"1":{"start":{"line":6,"column":0},"end":{"line":10,"column":18}},"2":{"start":{"line":12,"column":0},"end":{"line":32,"column":0}},"3":{"start":{"line":14,"column":1},"end":{"line":14,"column":47}},"4":{"start":{"line":14,"column":38},"end":{"line":14,"column":45}},"5":{"start":{"line":16,"column":1},"end":{"line":30,"column":2}},"6":{"start":{"line":18,"column":2},"end":{"line":26,"column":3}},"7":{"start":{"line":22,"column":4},"end":{"line":22,"column":16}},"8":{"start":{"line":25,"column":3},"end":{"line":25,"column":16}},"9":{"start":{"line":29,"column":2},"end":{"line":29,"column":15}}},"branchMap":{"1":{"line":8,"type":"binary-expr","locations":[{"start":{"line":8,"column":9},"end":{"line":8,"column":19}},{"start":{"line":8,"column":23},"end":{"line":8,"column":31}}]},"2":{"line":14,"type":"if","locations":[{"start":{"line":14,"column":1},"end":{"line":14,"column":1}},{"start":{"line":14,"column":1},"end":{"line":14,"column":1}}]},"3":{"line":16,"type":"if","locations":[{"start":{"line":16,"column":1},"end":{"line":16,"column":1}},{"start":{"line":16,"column":1},"end":{"line":16,"column":1}}]},"4":{"line":18,"type":"if","locations":[{"start":{"line":18,"column":2},"end":{"line":18,"column":2}},{"start":{"line":18,"column":2},"end":{"line":18,"column":2}}]},"5":{"line":18,"type":"binary-expr","locations":[{"start":{"line":18,"column":7},"end":{"line":18,"column":24}},{"start":{"line":19,"column":3},"end":{"line":19,"column":20}},{"start":{"line":20,"column":3},"end":{"line":20,"column":20}},{"start":{"line":21,"column":3},"end":{"line":21,"column":20}}]}}},"/Users/ross/Developer/workspace/stylus-lint/src/checks/checkForTrailingWhitespace.js":{"path":"/Users/ross/Developer/workspace/stylus-lint/src/checks/checkForTrailingWhitespace.js","s":{"1":1,"2":1,"3":2091,"4":1,"5":2090,"6":2,"7":2088},"b":{"1":[1,2090],"2":[2,2088],"3":[2090,1256]},"f":{"1":2091},"fnMap":{"1":{"name":"checkWhitespace","line":10,"loc":{"start":{"line":10,"column":17},"end":{"line":10,"column":50}}}},"statementMap":{"1":{"start":{"line":6,"column":0},"end":{"line":8,"column":28}},"2":{"start":{"line":10,"column":0},"end":{"line":22,"column":0}},"3":{"start":{"line":12,"column":4},"end":{"line":12,"column":50}},"4":{"start":{"line":12,"column":41},"end":{"line":12,"column":48}},"5":{"start":{"line":15,"column":4},"end":{"line":20,"column":5}},"6":{"start":{"line":16,"column":8},"end":{"line":16,"column":20}},"7":{"start":{"line":19,"column":8},"end":{"line":19,"column":21}}},"branchMap":{"1":{"line":12,"type":"if","locations":[{"start":{"line":12,"column":4},"end":{"line":12,"column":4}},{"start":{"line":12,"column":4},"end":{"line":12,"column":4}}]},"2":{"line":15,"type":"if","locations":[{"start":{"line":15,"column":4},"end":{"line":15,"column":4}},{"start":{"line":15,"column":4},"end":{"line":15,"column":4}}]},"3":{"line":15,"type":"binary-expr","locations":[{"start":{"line":15,"column":9},"end":{"line":15,"column":32}},{"start":{"line":15,"column":36},"end":{"line":15,"column":57}}]}}},"/Users/ross/Developer/workspace/stylus-lint/src/checks/checkForValidProperties.js":{"path":"/Users/ross/Developer/workspace/stylus-lint/src/checks/checkForValidProperties.js","s":{"1":1,"2":1,"3":0,"4":0,"5":0,"6":0,"7":0,"8":0,"9":0,"10":0,"11":0,"12":0,"13":0,"14":0,"15":0,"16":0},"b":{"1":[0,0],"2":[0,0,0],"3":[0,0],"4":[0,0],"5":[0,0],"6":[0,0],"7":[0,0]},"f":{"1":0},"fnMap":{"1":{"name":"checkForValidProperties","line":21,"loc":{"start":{"line":21,"column":17},"end":{"line":21,"column":79}}}},"statementMap":{"1":{"start":{"line":16,"column":0},"end":{"line":18,"column":18}},"2":{"start":{"line":21,"column":0},"end":{"line":68,"column":0}},"3":{"start":{"line":23,"column":4},"end":{"line":27,"column":5}},"4":{"start":{"line":26,"column":8},"end":{"line":26,"column":15}},"5":{"start":{"line":29,"column":4},"end":{"line":31,"column":14}},"6":{"start":{"line":34,"column":4},"end":{"line":66,"column":5}},"7":{"start":{"line":37,"column":8},"end":{"line":59,"column":9}},"8":{"start":{"line":40,"column":12},"end":{"line":58,"column":13}},"9":{"start":{"line":43,"column":16},"end":{"line":57,"column":17}},"10":{"start":{"line":44,"column":20},"end":{"line":44,"column":32}},"11":{"start":{"line":49,"column":20},"end":{"line":56,"column":21}},"12":{"start":{"line":51,"column":24},"end":{"line":55,"column":25}},"13":{"start":{"line":52,"column":28},"end":{"line":52,"column":41}},"14":{"start":{"line":54,"column":28},"end":{"line":54,"column":40}},"15":{"start":{"line":62,"column":8},"end":{"line":62,"column":21}},"16":{"start":{"line":65,"column":8},"end":{"line":65,"column":20}}},"branchMap":{"1":{"line":23,"type":"if","locations":[{"start":{"line":23,"column":4},"end":{"line":23,"column":4}},{"start":{"line":23,"column":4},"end":{"line":23,"column":4}}]},"2":{"line":23,"type":"binary-expr","locations":[{"start":{"line":23,"column":9},"end":{"line":23,"column":36}},{"start":{"line":24,"column":8},"end":{"line":24,"column":39}},{"start":{"line":25,"column":8},"end":{"line":25,"column":40}}]},"3":{"line":34,"type":"if","locations":[{"start":{"line":34,"column":4},"end":{"line":34,"column":4}},{"start":{"line":34,"column":4},"end":{"line":34,"column":4}}]},"4":{"line":34,"type":"binary-expr","locations":[{"start":{"line":34,"column":9},"end":{"line":34,"column":26}},{"start":{"line":34,"column":30},"end":{"line":34,"column":52}}]},"5":{"line":40,"type":"if","locations":[{"start":{"line":40,"column":12},"end":{"line":40,"column":12}},{"start":{"line":40,"column":12},"end":{"line":40,"column":12}}]},"6":{"line":43,"type":"if","locations":[{"start":{"line":43,"column":16},"end":{"line":43,"column":16}},{"start":{"line":43,"column":16},"end":{"line":43,"column":16}}]},"7":{"line":51,"type":"if","locations":[{"start":{"line":51,"column":24},"end":{"line":51,"column":24}},{"start":{"line":51,"column":24},"end":{"line":51,"column":24}}]}}},"/Users/ross/Developer/workspace/stylus-lint/src/checks/checkForValidValues.js":{"path":"/Users/ross/Developer/workspace/stylus-lint/src/checks/checkForValidValues.js","s":{"1":1,"2":1,"3":0,"4":0,"5":0,"6":0,"7":0,"8":0,"9":0,"10":0,"11":0,"12":0,"13":0,"14":0,"15":0,"16":0,"17":0},"b":{"1":[0,0],"2":[0,0,0],"3":[0,0],"4":[0,0],"5":[0,0],"6":[0,0]},"f":{"1":0,"2":0},"fnMap":{"1":{"name":"checkForValidProperties","line":21,"loc":{"start":{"line":21,"column":17},"end":{"line":21,"column":84}}},"2":{"name":"(anonymous_2)","line":33,"loc":{"start":{"line":33,"column":21},"end":{"line":33,"column":37}}}},"statementMap":{"1":{"start":{"line":16,"column":0},"end":{"line":18,"column":18}},"2":{"start":{"line":21,"column":0},"end":{"line":88,"column":0}},"3":{"start":{"line":23,"column":4},"end":{"line":27,"column":5}},"4":{"start":{"line":26,"column":8},"end":{"line":26,"column":15}},"5":{"start":{"line":29,"column":4},"end":{"line":30,"column":14}},"6":{"start":{"line":33,"column":4},"end":{"line":35,"column":7}},"7":{"start":{"line":34,"column":8},"end":{"line":34,"column":30}},"8":{"start":{"line":37,"column":4},"end":{"line":37,"column":23}},"9":{"start":{"line":40,"column":4},"end":{"line":86,"column":5}},"10":{"start":{"line":43,"column":8},"end":{"line":83,"column":9}},"11":{"start":{"line":48,"column":12},"end":{"line":82,"column":13}},"12":{"start":{"line":54,"column":16},"end":{"line":63,"column":17}},"13":{"start":{"line":55,"column":20},"end":{"line":62,"column":21}},"14":{"start":{"line":57,"column":24},"end":{"line":61,"column":25}},"15":{"start":{"line":58,"column":28},"end":{"line":58,"column":41}},"16":{"start":{"line":60,"column":28},"end":{"line":60,"column":40}},"17":{"start":{"line":85,"column":8},"end":{"line":85,"column":21}}},"branchMap":{"1":{"line":23,"type":"if","locations":[{"start":{"line":23,"column":4},"end":{"line":23,"column":4}},{"start":{"line":23,"column":4},"end":{"line":23,"column":4}}]},"2":{"line":23,"type":"binary-expr","locations":[{"start":{"line":23,"column":9},"end":{"line":23,"column":36}},{"start":{"line":24,"column":8},"end":{"line":24,"column":39}},{"start":{"line":25,"column":8},"end":{"line":25,"column":40}}]},"3":{"line":40,"type":"if","locations":[{"start":{"line":40,"column":4},"end":{"line":40,"column":4}},{"start":{"line":40,"column":4},"end":{"line":40,"column":4}}]},"4":{"line":48,"type":"if","locations":[{"start":{"line":48,"column":12},"end":{"line":48,"column":12}},{"start":{"line":48,"column":12},"end":{"line":48,"column":12}}]},"5":{"line":54,"type":"if","locations":[{"start":{"line":54,"column":16},"end":{"line":54,"column":16}},{"start":{"line":54,"column":16},"end":{"line":54,"column":16}}]},"6":{"line":57,"type":"if","locations":[{"start":{"line":57,"column":24},"end":{"line":57,"column":24}},{"start":{"line":57,"column":24},"end":{"line":57,"column":24}}]}}},"/Users/ross/Developer/workspace/stylus-lint/src/checks/checkVarStyle.js":{"path":"/Users/ross/Developer/workspace/stylus-lint/src/checks/checkVarStyle.js","s":{"1":1,"2":1,"3":11,"4":1,"5":10,"6":3,"7":3,"8":2,"9":1},"b":{"1":[1,10],"2":[3,7],"3":[3,0],"4":[3,3,3],"5":[2,1]},"f":{"1":11},"fnMap":{"1":{"name":"checkVarStyle","line":7,"loc":{"start":{"line":7,"column":17},"end":{"line":7,"column":48}}}},"statementMap":{"1":{"start":{"line":2,"column":0},"end":{"line":5,"column":23}},"2":{"start":{"line":7,"column":0},"end":{"line":38,"column":0}},"3":{"start":{"line":9,"column":4},"end":{"line":9,"column":50}},"4":{"start":{"line":9,"column":41},"end":{"line":9,"column":48}},"5":{"start":{"line":12,"column":4},"end":{"line":27,"column":5}},"6":{"start":{"line":14,"column":8},"end":{"line":26,"column":9}},"7":{"start":{"line":20,"column":12},"end":{"line":25,"column":13}},"8":{"start":{"line":21,"column":16},"end":{"line":21,"column":28}},"9":{"start":{"line":24,"column":16},"end":{"line":24,"column":29}}},"branchMap":{"1":{"line":9,"type":"if","locations":[{"start":{"line":9,"column":4},"end":{"line":9,"column":4}},{"start":{"line":9,"column":4},"end":{"line":9,"column":4}}]},"2":{"line":12,"type":"if","locations":[{"start":{"line":12,"column":4},"end":{"line":12,"column":4}},{"start":{"line":12,"column":4},"end":{"line":12,"column":4}}]},"3":{"line":14,"type":"if","locations":[{"start":{"line":14,"column":8},"end":{"line":14,"column":8}},{"start":{"line":14,"column":8},"end":{"line":14,"column":8}}]},"4":{"line":14,"type":"binary-expr","locations":[{"start":{"line":14,"column":13},"end":{"line":14,"column":42}},{"start":{"line":15,"column":15},"end":{"line":15,"column":31}},{"start":{"line":16,"column":15},"end":{"line":16,"column":32}}]},"5":{"line":20,"type":"if","locations":[{"start":{"line":20,"column":12},"end":{"line":20,"column":12}},{"start":{"line":20,"column":12},"end":{"line":20,"column":12}}]}}},"/Users/ross/Developer/workspace/stylus-lint/src/checks/checkForZeroUnits.js":{"path":"/Users/ross/Developer/workspace/stylus-lint/src/checks/checkForZeroUnits.js","s":{"1":1,"2":2105,"3":1,"4":2104,"5":20,"6":2084},"b":{"1":[1,2104],"2":[20,2084],"3":[2104,2101,2100,2097,2096,2095,2094,2093,2092,2091,2090,2089,2088,2087,2086,2085]},"f":{"1":2105},"fnMap":{"1":{"name":"checkForZeroUnits","line":2,"loc":{"start":{"line":2,"column":17},"end":{"line":2,"column":52}}}},"statementMap":{"1":{"start":{"line":2,"column":0},"end":{"line":29,"column":0}},"2":{"start":{"line":4,"column":4},"end":{"line":4,"column":50}},"3":{"start":{"line":4,"column":41},"end":{"line":4,"column":48}},"4":{"start":{"line":7,"column":4},"end":{"line":27,"column":5}},"5":{"start":{"line":23,"column":8},"end":{"line":23,"column":20}},"6":{"start":{"line":26,"column":8},"end":{"line":26,"column":21}}},"branchMap":{"1":{"line":4,"type":"if","locations":[{"start":{"line":4,"column":4},"end":{"line":4,"column":4}},{"start":{"line":4,"column":4},"end":{"line":4,"column":4}}]},"2":{"line":7,"type":"if","locations":[{"start":{"line":7,"column":4},"end":{"line":7,"column":4}},{"start":{"line":7,"column":4},"end":{"line":7,"column":4}}]},"3":{"line":7,"type":"binary-expr","locations":[{"start":{"line":7,"column":9},"end":{"line":7,"column":36}},{"start":{"line":8,"column":8},"end":{"line":8,"column":34}},{"start":{"line":9,"column":8},"end":{"line":9,"column":35}},{"start":{"line":10,"column":8},"end":{"line":10,"column":36}},{"start":{"line":11,"column":8},"end":{"line":11,"column":35}},{"start":{"line":12,"column":8},"end":{"line":12,"column":35}},{"start":{"line":13,"column":8},"end":{"line":13,"column":37}},{"start":{"line":14,"column":8},"end":{"line":14,"column":37}},{"start":{"line":15,"column":8},"end":{"line":15,"column":35}},{"start":{"line":16,"column":8},"end":{"line":16,"column":35}},{"start":{"line":17,"column":8},"end":{"line":17,"column":35}},{"start":{"line":18,"column":8},"end":{"line":18,"column":35}},{"start":{"line":19,"column":8},"end":{"line":19,"column":35}},{"start":{"line":20,"column":8},"end":{"line":20,"column":35}},{"start":{"line":21,"column":8},"end":{"line":21,"column":35}},{"start":{"line":22,"column":8},"end":{"line":22,"column":38}}]}}},"/Users/ross/Developer/workspace/stylus-lint/src/checks/zIndexr.js":{"path":"/Users/ross/Developer/workspace/stylus-lint/src/checks/zIndexr.js","s":{"1":1,"2":1,"3":0,"4":0,"5":0,"6":0,"7":0,"8":0,"9":0,"10":0},"b":{"1":[0,0],"2":[0,0,0],"3":[0,0]},"f":{"1":0,"2":0},"fnMap":{"1":{"name":"zIndexr","line":4,"loc":{"start":{"line":4,"column":17},"end":{"line":4,"column":60}}},"2":{"name":"(anonymous_2)","line":13,"loc":{"start":{"line":13,"column":21},"end":{"line":13,"column":37}}}},"statementMap":{"1":{"start":{"line":1,"column":0},"end":{"line":1,"column":19}},"2":{"start":{"line":4,"column":0},"end":{"line":26,"column":0}},"3":{"start":{"line":6,"column":4},"end":{"line":10,"column":5}},"4":{"start":{"line":9,"column":8},"end":{"line":9,"column":15}},"5":{"start":{"line":13,"column":4},"end":{"line":15,"column":7}},"6":{"start":{"line":14,"column":8},"end":{"line":14,"column":30}},"7":{"start":{"line":17,"column":4},"end":{"line":21,"column":5}},"8":{"start":{"line":18,"column":8},"end":{"line":18,"column":49}},"9":{"start":{"line":19,"column":8},"end":{"line":19,"column":28}},"10":{"start":{"line":20,"column":8},"end":{"line":20,"column":27}}},"branchMap":{"1":{"line":6,"type":"if","locations":[{"start":{"line":6,"column":4},"end":{"line":6,"column":4}},{"start":{"line":6,"column":4},"end":{"line":6,"column":4}}]},"2":{"line":6,"type":"binary-expr","locations":[{"start":{"line":6,"column":9},"end":{"line":6,"column":36}},{"start":{"line":7,"column":8},"end":{"line":7,"column":34}},{"start":{"line":8,"column":8},"end":{"line":8,"column":42}}]},"3":{"line":17,"type":"if","locations":[{"start":{"line":17,"column":4},"end":{"line":17,"column":4}},{"start":{"line":17,"column":4},"end":{"line":17,"column":4}}]}}},"/Users/ross/Developer/workspace/stylus-lint/src/checks/validCSS.js":{"path":"/Users/ross/Developer/workspace/stylus-lint/src/checks/validCSS.js","s":{"1":1,"2":0},"b":{},"f":{"1":0},"fnMap":{"1":{"name":"getValidCSSJSON","line":1,"loc":{"start":{"line":1,"column":17},"end":{"line":1,"column":44}}}},"statementMap":{"1":{"start":{"line":1,"column":0},"end":{"line":5,"column":0}},"2":{"start":{"line":3,"column":4},"end":{"line":3,"column":82}}},"branchMap":{}},"/Users/ross/Developer/workspace/stylus-lint/src/checks/validHTML.js":{"path":"/Users/ross/Developer/workspace/stylus-lint/src/checks/validHTML.js","s":{"1":1,"2":0},"b":{},"f":{"1":0},"fnMap":{"1":{"name":"getValidHTML","line":1,"loc":{"start":{"line":1,"column":17},"end":{"line":1,"column":41}}}},"statementMap":{"1":{"start":{"line":1,"column":0},"end":{"line":126,"column":0}},"2":{"start":{"line":3,"column":4},"end":{"line":124,"column":6}}},"branchMap":{}}}