TN:
SF:/Users/ross/Developer/workspace/stylus-lint/index.js
FN:139,(anonymous_1)
FN:142,(anonymous_2)
FN:146,(anonymous_3)
FN:151,(anonymous_4)
FN:201,(anonymous_5)
FNF:5
FNH:5
FNDA:5,(anonymous_1)
FNDA:4,(anonymous_2)
FNDA:70,(anonymous_3)
FNDA:2,(anonymous_4)
FNDA:1,(anonymous_5)
DA:15,1
DA:60,1
DA:95,1
DA:117,1
DA:138,1
DA:140,5
DA:142,5
DA:143,4
DA:144,4
DA:146,4
DA:147,70
DA:152,2
DA:164,1
DA:201,1
DA:202,1
DA:205,1
DA:206,1
DA:209,0
DA:213,1
DA:214,0
DA:218,1
DA:219,0
DA:223,1
DA:224,0
DA:228,1
DA:229,0
DA:230,0
DA:233,0
DA:236,0
DA:240,1
DA:241,0
DA:244,1
DA:250,1
DA:261,1
LF:34
LH:25
BRDA:143,1,0,0
BRDA:143,1,1,4
BRDA:205,2,0,1
BRDA:205,2,1,0
BRDA:205,3,0,1
BRDA:205,3,1,1
BRDA:213,4,0,0
BRDA:213,4,1,1
BRDA:213,5,0,1
BRDA:213,5,1,1
BRDA:218,6,0,0
BRDA:218,6,1,1
BRDA:218,7,0,1
BRDA:218,7,1,1
BRDA:223,8,0,0
BRDA:223,8,1,1
BRDA:223,9,0,1
BRDA:223,9,1,1
BRDA:228,10,0,0
BRDA:228,10,1,1
BRDA:228,11,0,1
BRDA:228,11,1,1
BRDA:229,12,0,0
BRDA:229,12,1,0
BRDA:240,13,0,0
BRDA:240,13,1,1
BRDA:240,14,0,1
BRDA:240,14,1,1
BRF:28
BRH:19
end_of_record
TN:
SF:/Users/ross/Developer/workspace/stylus-lint/src/done.js
FN:9,done
FNF:1
FNH:1
FNDA:4,done
DA:3,1
DA:9,1
DA:10,4
DA:14,4
DA:15,357
DA:19,4
DA:20,4
DA:22,0
DA:23,0
DA:26,0
DA:30,4
LF:11
LH:8
BRDA:19,1,0,4
BRDA:19,1,1,0
BRDA:19,2,0,4
BRDA:19,2,1,4
BRDA:22,3,0,0
BRDA:22,3,1,0
BRF:6
BRH:3
end_of_record
TN:
SF:/Users/ross/Developer/workspace/stylus-lint/src/help.js
FN:3,help
FNF:1
FNH:1
FNDA:1,help
DA:3,1
DA:4,1
DA:5,1
DA:6,1
DA:7,1
DA:8,1
DA:9,1
DA:10,1
DA:11,1
LF:9
LH:9
BRF:0
BRH:0
end_of_record
TN:
SF:/Users/ross/Developer/workspace/stylus-lint/src/read.js
FN:11,read
FN:23,(anonymous_2)
FNF:2
FNH:2
FNDA:5,read
FNDA:4,(anonymous_2)
DA:3,1
DA:11,1
DA:14,5
DA:15,1
DA:23,4
DA:24,4
DA:26,2
DA:27,1
DA:29,1
DA:30,1
LF:10
LH:10
BRDA:14,1,0,1
BRDA:14,1,1,4
BRDA:24,2,0,2
BRDA:24,2,1,2
BRDA:26,3,0,1
BRDA:26,3,1,1
BRDA:29,4,0,1
BRDA:29,4,1,0
BRF:8
BRH:7
end_of_record
TN:
SF:/Users/ross/Developer/workspace/stylus-lint/src/parse.js
FN:16,parse
FN:19,(anonymous_2)
FN:24,(anonymous_3)
FN:49,(anonymous_4)
FNF:4
FNH:4
FNDA:74,parse
FNDA:74,(anonymous_2)
FNDA:296,(anonymous_3)
FNDA:12668,(anonymous_4)
DA:3,1
DA:16,1
DA:17,74
DA:19,74
DA:20,74
DA:21,72
DA:24,72
DA:25,296
DA:29,296
DA:30,0
DA:34,296
DA:35,1006
DA:38,296
DA:42,72
DA:49,72
DA:50,12668
DA:52,12668
DA:53,12668
DA:57,72
DA:58,4
LF:20
LH:19
BRDA:20,1,0,2
BRDA:20,1,1,72
BRDA:29,2,0,0
BRDA:29,2,1,296
BRDA:57,3,0,4
BRDA:57,3,1,68
BRF:6
BRH:5
end_of_record
TN:
SF:/Users/ross/Developer/workspace/stylus-lint/src/test.js
FN:15,test
FNF:1
FNH:1
FNDA:12669,test
DA:3,1
DA:15,1
DA:17,12669
DA:20,12669
DA:25,1654
DA:26,16
DA:27,16
DA:28,16
DA:31,1638
DA:32,16
DA:33,16
DA:38,12653
DA:39,4
DA:40,4
DA:44,12649
DA:45,16
DA:48,16
DA:49,4
DA:50,4
DA:51,4
DA:56,12645
DA:58,12443
DA:59,1618
DA:60,0
DA:61,0
DA:67,12443
DA:70,11205
DA:71,380
DA:75,11205
DA:76,18
DA:77,18
DA:81,11187
DA:82,18
DA:83,18
DA:87,11169
DA:88,11169
DA:89,58
DA:94,11169
DA:95,0
DA:96,0
DA:97,0
DA:102,11169
DA:103,11169
DA:104,4
DA:109,11169
DA:110,11169
DA:111,8
DA:116,11169
DA:117,11169
DA:118,176
DA:123,11169
DA:124,0
DA:125,0
DA:130,11169
DA:131,11169
DA:132,4
DA:137,11169
DA:138,11169
DA:139,8
DA:144,11169
DA:145,0
DA:146,0
DA:151,11169
DA:152,0
DA:153,0
DA:156,0
DA:157,0
DA:162,11169
DA:163,0
DA:164,0
DA:167,0
DA:168,0
DA:173,11169
DA:174,11169
DA:175,2
DA:180,11169
DA:181,0
DA:182,0
DA:187,11169
DA:188,11169
DA:189,8
DA:194,11169
DA:195,0
DA:196,0
DA:201,11169
DA:202,0
DA:203,0
DA:208,11169
DA:209,11169
DA:210,4
DA:215,11169
DA:218,0
DA:219,0
DA:224,11169
DA:225,11169
DA:226,1
DA:231,11169
DA:232,0
DA:233,0
DA:236,0
DA:237,0
DA:242,11169
DA:243,11169
DA:244,34
DA:252,11169
DA:253,11169
DA:254,2
DA:259,11169
DA:261,11169
DA:262,20
DA:266,11169
DA:267,11169
DA:268,28
LF:113
LH:84
BRDA:20,1,0,1654
BRDA:20,1,1,11015
BRDA:25,2,0,16
BRDA:25,2,1,1638
BRDA:31,3,0,16
BRDA:31,3,1,1622
BRDA:31,4,0,1638
BRDA:31,4,1,36
BRDA:38,5,0,4
BRDA:38,5,1,12649
BRDA:38,6,0,12653
BRDA:38,6,1,12653
BRDA:44,7,0,16
BRDA:44,7,1,12633
BRDA:48,8,0,4
BRDA:48,8,1,12
BRDA:56,9,0,12443
BRDA:56,9,1,202
BRDA:58,10,0,1618
BRDA:58,10,1,10825
BRDA:59,11,0,0
BRDA:59,11,1,1618
BRDA:59,12,0,1618
BRDA:59,12,1,1618
BRDA:60,13,0,0
BRDA:60,13,1,0
BRDA:67,14,0,11205
BRDA:67,14,1,1238
BRDA:70,15,0,380
BRDA:70,15,1,10825
BRDA:75,16,0,18
BRDA:75,16,1,11187
BRDA:81,17,0,18
BRDA:81,17,1,11169
BRDA:87,18,0,11169
BRDA:87,18,1,0
BRDA:87,19,0,11169
BRDA:87,19,1,0
BRDA:88,20,0,58
BRDA:88,20,1,11111
BRDA:94,21,0,0
BRDA:94,21,1,11169
BRDA:94,22,0,11169
BRDA:94,22,1,11169
BRDA:95,23,0,0
BRDA:95,23,1,0
BRDA:102,24,0,11169
BRDA:102,24,1,0
BRDA:102,25,0,11169
BRDA:102,25,1,0
BRDA:103,26,0,4
BRDA:103,26,1,11165
BRDA:103,27,0,11169
BRDA:103,27,1,4
BRDA:109,28,0,11169
BRDA:109,28,1,0
BRDA:109,29,0,11169
BRDA:109,29,1,0
BRDA:110,30,0,8
BRDA:110,30,1,11161
BRDA:116,31,0,11169
BRDA:116,31,1,0
BRDA:116,32,0,11169
BRDA:116,32,1,0
BRDA:117,33,0,176
BRDA:117,33,1,10993
BRDA:123,34,0,0
BRDA:123,34,1,11169
BRDA:123,35,0,11169
BRDA:123,35,1,11169
BRDA:123,35,2,11169
BRDA:124,36,0,0
BRDA:124,36,1,0
BRDA:130,37,0,11169
BRDA:130,37,1,0
BRDA:130,38,0,11169
BRDA:130,38,1,0
BRDA:131,39,0,4
BRDA:131,39,1,11165
BRDA:137,40,0,11169
BRDA:137,40,1,0
BRDA:137,41,0,11169
BRDA:137,41,1,0
BRDA:138,42,0,8
BRDA:138,42,1,11161
BRDA:144,43,0,0
BRDA:144,43,1,11169
BRDA:144,44,0,11169
BRDA:144,44,1,11169
BRDA:145,45,0,0
BRDA:145,45,1,0
BRDA:151,46,0,0
BRDA:151,46,1,11169
BRDA:151,47,0,11169
BRDA:151,47,1,11169
BRDA:152,48,0,0
BRDA:152,48,1,0
BRDA:152,49,0,0
BRDA:152,49,1,0
BRDA:156,50,0,0
BRDA:156,50,1,0
BRDA:162,51,0,0
BRDA:162,51,1,11169
BRDA:162,52,0,11169
BRDA:162,52,1,11169
BRDA:163,53,0,0
BRDA:163,53,1,0
BRDA:163,54,0,0
BRDA:163,54,1,0
BRDA:167,55,0,0
BRDA:167,55,1,0
BRDA:173,56,0,11169
BRDA:173,56,1,0
BRDA:173,57,0,11169
BRDA:173,57,1,0
BRDA:174,58,0,2
BRDA:174,58,1,11167
BRDA:180,59,0,0
BRDA:180,59,1,11169
BRDA:180,60,0,11169
BRDA:180,60,1,11169
BRDA:181,61,0,0
BRDA:181,61,1,0
BRDA:187,62,0,11169
BRDA:187,62,1,0
BRDA:187,63,0,11169
BRDA:187,63,1,0
BRDA:188,64,0,8
BRDA:188,64,1,11161
BRDA:194,65,0,0
BRDA:194,65,1,11169
BRDA:194,66,0,11169
BRDA:194,66,1,11169
BRDA:195,67,0,0
BRDA:195,67,1,0
BRDA:201,68,0,0
BRDA:201,68,1,11169
BRDA:201,69,0,11169
BRDA:201,69,1,11169
BRDA:202,70,0,0
BRDA:202,70,1,0
BRDA:208,71,0,11169
BRDA:208,71,1,0
BRDA:208,72,0,11169
BRDA:208,72,1,0
BRDA:209,73,0,4
BRDA:209,73,1,11165
BRDA:215,74,0,0
BRDA:215,74,1,11169
BRDA:215,75,0,11169
BRDA:215,75,1,11169
BRDA:218,76,0,0
BRDA:218,76,1,0
BRDA:224,77,0,11169
BRDA:224,77,1,0
BRDA:224,78,0,11169
BRDA:224,78,1,0
BRDA:225,79,0,1
BRDA:225,79,1,11168
BRDA:231,80,0,0
BRDA:231,80,1,11169
BRDA:231,81,0,11169
BRDA:231,81,1,11169
BRDA:232,82,0,0
BRDA:232,82,1,0
BRDA:232,83,0,0
BRDA:232,83,1,0
BRDA:236,84,0,0
BRDA:236,84,1,0
BRDA:242,85,0,11169
BRDA:242,85,1,0
BRDA:242,86,0,11169
BRDA:242,86,1,0
BRDA:243,87,0,34
BRDA:243,87,1,11135
BRDA:252,88,0,11169
BRDA:252,88,1,0
BRDA:252,89,0,11169
BRDA:252,89,1,0
BRDA:252,89,2,0
BRDA:253,90,0,2
BRDA:253,90,1,11167
BRDA:259,91,0,11169
BRDA:259,91,1,0
BRDA:259,92,0,11169
BRDA:259,92,1,0
BRDA:261,93,0,20
BRDA:261,93,1,11149
BRDA:266,94,0,11169
BRDA:266,94,1,0
BRDA:266,95,0,11169
BRDA:266,95,1,0
BRDA:267,96,0,28
BRDA:267,96,1,11141
BRF:194
BRH:120
end_of_record
TN:
SF:/Users/ross/Developer/workspace/stylus-lint/src/data/getValid.js
FN:3,getValidJSON
FNF:1
FNH:1
FNDA:2,getValidJSON
DA:1,1
DA:3,1
DA:5,2
LF:3
LH:3
BRF:0
BRH:0
end_of_record
TN:
SF:/Users/ross/Developer/workspace/stylus-lint/src/version.js
FN:8,version
FN:10,(anonymous_2)
FNF:2
FNH:2
FNDA:1,version
FNDA:1,(anonymous_2)
DA:3,1
DA:8,1
DA:9,1
DA:11,1
DA:12,1
LF:5
LH:5
BRDA:11,1,0,0
BRDA:11,1,1,1
BRF:2
BRH:1
end_of_record
TN:
SF:/Users/ross/Developer/workspace/stylus-lint/src/watch.js
FN:13,watch
FN:18,(anonymous_2)
FN:23,(anonymous_3)
FNF:3
FNH:2
FNDA:1,watch
FNDA:1,(anonymous_2)
FNDA:0,(anonymous_3)
DA:3,1
DA:13,1
DA:14,1
DA:15,1
DA:18,1
DA:19,1
DA:23,1
DA:24,0
DA:25,0
LF:9
LH:7
BRDA:14,1,0,0
BRDA:14,1,1,1
BRF:2
BRH:1
end_of_record
TN:
SF:/Users/ross/Developer/workspace/stylus-lint/src/checks/alphabetCheck.js
FN:9,sortAlphabetically
FN:21,(anonymous_2)
FN:31,(anonymous_3)
FN:42,(anonymous_4)
FN:82,(anonymous_5)
FN:95,(anonymous_6)
FN:103,(anonymous_7)
FN:126,(anonymous_8)
FNF:8
FNH:8
FNDA:11173,sortAlphabetically
FNDA:42165,(anonymous_2)
FNDA:42165,(anonymous_3)
FNDA:306918,(anonymous_4)
FNDA:3617,(anonymous_5)
FNDA:2992,(anonymous_6)
FNDA:325208,(anonymous_7)
FNDA:336232,(anonymous_8)
DA:3,1
DA:9,1
DA:10,11173
DA:12,11170
DA:21,11170
DA:22,42165
DA:23,26291
DA:26,15874
DA:31,11170
DA:32,42165
DA:36,11170
DA:37,8270
DA:41,11170
DA:42,2601
DA:43,306918
DA:45,306918
DA:46,2147
DA:47,2147
DA:50,304771
DA:51,1218944
DA:52,76
DA:53,76
DA:57,304695
DA:58,5484510
DA:59,0
DA:60,0
DA:65,2601
DA:66,2223
DA:70,8569
DA:73,2601
DA:74,0
DA:77,2601
DA:78,338
DA:82,2263
DA:83,3617
DA:87,2263
DA:90,2263
DA:92,2263
DA:95,1638
DA:97,2992
DA:98,236
DA:99,236
DA:103,2756
DA:104,325208
DA:106,325208
DA:107,2548
DA:108,2548
DA:111,322660
DA:112,1290332
DA:113,208
DA:114,208
DA:118,322452
DA:119,5804136
DA:120,0
DA:121,0
DA:126,2756
DA:127,336232
DA:129,336232
DA:130,0
DA:131,0
DA:134,336232
DA:135,6052176
DA:136,0
DA:137,0
DA:145,625
DA:150,2263
DA:154,2263
LF:67
LH:58
BRDA:10,1,0,3
BRDA:10,1,1,11170
BRDA:10,2,0,11173
BRDA:10,2,1,11171
BRDA:22,3,0,26291
BRDA:22,3,1,15874
BRDA:36,4,0,8270
BRDA:36,4,1,2900
BRDA:41,5,0,2601
BRDA:41,5,1,8569
BRDA:41,6,0,11170
BRDA:41,6,1,7046
BRDA:41,6,2,7046
BRDA:41,6,3,5509
BRDA:45,7,0,2147
BRDA:45,7,1,304771
BRDA:51,8,0,76
BRDA:51,8,1,1218868
BRDA:58,9,0,0
BRDA:58,9,1,5484510
BRDA:65,10,0,2223
BRDA:65,10,1,378
BRDA:73,11,0,0
BRDA:73,11,1,2601
BRDA:73,12,0,2601
BRDA:73,12,1,0
BRDA:77,13,0,338
BRDA:77,13,1,2263
BRDA:77,14,0,2601
BRDA:77,14,1,2601
BRDA:90,15,0,2263
BRDA:90,15,1,0
BRDA:92,16,0,1638
BRDA:92,16,1,625
BRDA:92,17,0,2263
BRDA:92,17,1,2263
BRDA:97,18,0,236
BRDA:97,18,1,2756
BRDA:106,19,0,2548
BRDA:106,19,1,322660
BRDA:112,20,0,208
BRDA:112,20,1,1290124
BRDA:119,21,0,0
BRDA:119,21,1,5804136
BRDA:129,22,0,0
BRDA:129,22,1,336232
BRDA:135,23,0,0
BRDA:135,23,1,6052176
BRF:48
BRH:41
end_of_record
TN:
SF:/Users/ross/Developer/workspace/stylus-lint/src/checks/checkBlockStyle.js
FN:9,checkBlockStyle
FNF:1
FNH:1
FNDA:7,checkBlockStyle
DA:3,1
DA:9,1
DA:10,7
DA:13,6
DA:18,2
DA:19,2
DA:22,4
DA:27,2
LF:8
LH:8
BRDA:10,1,0,1
BRDA:10,1,1,6
BRDA:13,2,0,2
BRDA:13,2,1,4
BRDA:13,3,0,6
BRDA:13,3,1,5
BRDA:13,3,2,3
BRDA:18,4,0,2
BRDA:18,4,1,0
BRDA:22,5,0,2
BRDA:22,5,1,2
BRDA:22,6,0,4
BRDA:22,6,1,3
BRDA:22,6,2,2
BRDA:22,6,3,2
BRF:15
BRH:14
end_of_record
TN:
SF:/Users/ross/Developer/workspace/stylus-lint/src/checks/checkForBrackets.js
FN:8,checkForBrackets
FNF:1
FNH:1
FNDA:11183,checkForBrackets
DA:3,1
DA:8,1
DA:9,11183
DA:12,11179
DA:13,142
DA:16,11037
DA:18,8
DA:19,4
DA:22,4
DA:23,1
DA:26,3
DA:27,3
LF:12
LH:12
BRDA:9,1,0,4
BRDA:9,1,1,11179
BRDA:9,2,0,11183
BRDA:9,2,1,11181
BRDA:12,3,0,142
BRDA:12,3,1,11037
BRDA:16,4,0,8
BRDA:16,4,1,11029
BRDA:16,5,0,11037
BRDA:16,5,1,11033
BRDA:18,6,0,4
BRDA:18,6,1,4
BRDA:18,7,0,8
BRDA:18,7,1,4
BRDA:22,8,0,1
BRDA:22,8,1,3
BRDA:22,9,0,4
BRDA:22,9,1,4
BRDA:26,10,0,3
BRDA:26,10,1,0
BRDA:26,11,0,3
BRDA:26,11,1,3
BRF:22
BRH:21
end_of_record
TN:
SF:/Users/ross/Developer/workspace/stylus-lint/src/checks/checkBorderNone.js
FN:4,checkBorderNone
FNF:1
FNH:1
FNDA:11173,checkBorderNone
DA:4,1
DA:5,11173
DA:7,11172
DA:8,5
DA:10,11167
DA:11,51
LF:6
LH:6
BRDA:5,1,0,1
BRDA:5,1,1,11172
BRDA:7,2,0,5
BRDA:7,2,1,11167
BRDA:10,3,0,51
BRDA:10,3,1,11116
BRF:6
BRH:6
end_of_record
TN:
SF:/Users/ross/Developer/workspace/stylus-lint/src/checks/checkForColon.js
FN:4,checkForColon
FNF:1
FNH:1
FNDA:7,checkForColon
DA:4,1
DA:5,7
DA:7,3
DA:8,1
DA:11,2
LF:5
LH:5
BRDA:5,1,0,4
BRDA:5,1,1,3
BRDA:5,2,0,7
BRDA:5,2,1,5
BRDA:7,3,0,1
BRDA:7,3,1,2
BRDA:7,4,0,3
BRDA:7,4,1,2
BRF:8
BRH:8
end_of_record
TN:
SF:/Users/ross/Developer/workspace/stylus-lint/src/checks/checkCommaStyle.js
FN:8,checkCommaStyle
FNF:1
FNH:1
FNDA:11173,checkCommaStyle
DA:3,1
DA:8,1
DA:9,11173
DA:12,11172
DA:14,308
DA:15,9
DA:18,299
LF:7
LH:7
BRDA:9,1,0,1
BRDA:9,1,1,11172
BRDA:12,2,0,308
BRDA:12,2,1,10864
BRDA:12,3,0,11172
BRDA:12,3,1,992
BRDA:14,4,0,9
BRDA:14,4,1,299
BRDA:14,5,0,308
BRDA:14,5,1,308
BRF:10
BRH:10
end_of_record
TN:
SF:/Users/ross/Developer/workspace/stylus-lint/src/checks/checkCommentStyle.js
FN:6,checkCommentStyle
FNF:1
FNH:1
FNDA:6,checkCommentStyle
DA:4,1
DA:6,1
DA:7,6
DA:9,5
DA:11,4
DA:12,1
DA:15,3
DA:16,1
DA:19,2
LF:9
LH:9
BRDA:7,1,0,1
BRDA:7,1,1,5
BRDA:9,2,0,4
BRDA:9,2,1,1
BRDA:11,3,0,1
BRDA:11,3,1,3
BRDA:11,4,0,4
BRDA:11,4,1,2
BRDA:15,5,0,1
BRDA:15,5,1,2
BRDA:15,6,0,3
BRDA:15,6,1,3
BRF:12
BRH:12
end_of_record
TN:
SF:/Users/ross/Developer/workspace/stylus-lint/src/checks/checkForCssLiteral.js
FN:4,checkCssLiteral
FNF:1
FNH:1
FNDA:4,checkCssLiteral
DA:4,1
DA:5,4
DA:7,3
DA:8,1
DA:11,2
LF:5
LH:5
BRDA:5,1,0,1
BRDA:5,1,1,3
BRDA:7,2,0,1
BRDA:7,2,1,2
BRF:4
BRH:4
end_of_record
TN:
SF:/Users/ross/Developer/workspace/stylus-lint/src/checks/zIndexDeDupe.js
FN:4,deDupeZIndex
FN:15,(anonymous_2)
FN:24,(anonymous_3)
FNF:3
FNH:3
FNDA:11173,deDupeZIndex
FNDA:188,(anonymous_2)
FNDA:561,(anonymous_3)
DA:4,1
DA:5,11173
DA:7,11172
DA:13,11172
DA:15,34
DA:16,188
DA:17,120
DA:20,68
DA:24,34
DA:25,561
DA:26,37
DA:30,34
DA:33,11172
LF:13
LH:13
BRDA:5,1,0,1
BRDA:5,1,1,11172
BRDA:13,2,0,34
BRDA:13,2,1,11138
BRDA:16,3,0,120
BRDA:16,3,1,68
BRDA:25,4,0,37
BRDA:25,4,1,524
BRDA:25,5,0,561
BRDA:25,5,1,57
BRF:10
BRH:10
end_of_record
TN:
SF:/Users/ross/Developer/workspace/stylus-lint/src/checks/duplicateCheck.js
FN:10,duplicateSelectors
FN:20,(anonymous_2)
FN:30,(anonymous_3)
FNF:3
FNH:3
FNDA:11175,duplicateSelectors
FNDA:40256,(anonymous_2)
FNDA:40256,(anonymous_3)
DA:3,1
DA:10,1
DA:11,11175
DA:13,11173
DA:20,11173
DA:21,40256
DA:22,24715
DA:25,15541
DA:30,11173
DA:31,40256
DA:35,11173
DA:36,4932
DA:40,11173
DA:42,5822
DA:43,71
DA:44,2
DA:48,5751
DA:49,83
DA:53,5822
DA:54,14
DA:59,11173
DA:60,93
DA:64,11173
DA:65,7049
DA:69,11173
DA:70,11173
DA:72,11173
LF:27
LH:27
BRDA:11,1,0,2
BRDA:11,1,1,11173
BRDA:21,2,0,24715
BRDA:21,2,1,15541
BRDA:35,3,0,4932
BRDA:35,3,1,6241
BRDA:40,4,0,5822
BRDA:40,4,1,5351
BRDA:42,5,0,71
BRDA:42,5,1,5751
BRDA:42,6,0,5822
BRDA:42,6,1,5822
BRDA:43,7,0,2
BRDA:43,7,1,69
BRDA:43,8,0,71
BRDA:43,8,1,2
BRDA:48,9,0,83
BRDA:48,9,1,5668
BRDA:48,10,0,5751
BRDA:48,10,1,83
BRDA:53,11,0,14
BRDA:53,11,1,5808
BRDA:53,12,0,5822
BRDA:53,12,1,1698
BRDA:59,13,0,93
BRDA:59,13,1,11080
BRDA:64,14,0,7049
BRDA:64,14,1,4124
BRF:28
BRH:28
end_of_record
TN:
SF:/Users/ross/Developer/workspace/stylus-lint/src/checks/checkForEfficiency.js
FN:4,checkForEfficiency
FN:8,(anonymous_2)
FNF:2
FNH:2
FNDA:11183,checkForEfficiency
FNDA:36343,(anonymous_2)
DA:4,1
DA:5,11183
DA:8,11182
DA:9,36343
DA:13,11182
DA:19,185
DA:21,107
DA:23,38
DA:24,1
DA:27,37
DA:31,69
DA:33,48
DA:34,3
DA:37,45
DA:41,21
DA:43,17
DA:44,7
DA:47,10
DA:48,0
DA:51,10
DA:56,78
LF:21
LH:20
BRDA:5,1,0,1
BRDA:5,1,1,11182
BRDA:5,2,0,11183
BRDA:5,2,1,11182
BRDA:13,3,0,185
BRDA:13,3,1,10997
BRDA:13,4,0,11182
BRDA:13,4,1,11079
BRDA:13,4,2,11027
BRDA:13,4,3,11015
BRDA:19,5,0,107
BRDA:19,5,1,78
BRDA:21,6,0,38
BRDA:21,6,1,69
BRDA:23,7,0,1
BRDA:23,7,1,37
BRDA:31,8,0,48
BRDA:31,8,1,21
BRDA:33,9,0,3
BRDA:33,9,1,45
BRDA:41,10,0,17
BRDA:41,10,1,4
BRDA:43,11,0,7
BRDA:43,11,1,10
BRDA:43,12,0,17
BRDA:43,12,1,13
BRDA:47,13,0,0
BRDA:47,13,1,10
BRDA:47,14,0,10
BRDA:47,14,1,4
BRF:30
BRH:29
end_of_record
TN:
SF:/Users/ross/Developer/workspace/stylus-lint/src/checks/checkForExtendStyle.js
FN:4,checkExtendStyle
FNF:1
FNH:1
FNDA:7,checkExtendStyle
DA:4,1
DA:5,7
DA:7,4
DA:8,2
DA:9,1
DA:11,1
DA:12,1
DA:15,2
DA:16,2
DA:17,1
DA:19,1
DA:20,1
LF:12
LH:12
BRDA:5,1,0,3
BRDA:5,1,1,4
BRDA:5,2,0,7
BRDA:5,2,1,5
BRDA:7,3,0,2
BRDA:7,3,1,2
BRDA:8,4,0,1
BRDA:8,4,1,1
BRDA:11,5,0,1
BRDA:11,5,1,0
BRDA:15,6,0,2
BRDA:15,6,1,0
BRDA:16,7,0,1
BRDA:16,7,1,1
BRDA:19,8,0,1
BRDA:19,8,1,0
BRF:16
BRH:13
end_of_record
TN:
SF:/Users/ross/Developer/workspace/stylus-lint/src/checks/checkForComment.js
FN:6,checkForComment
FNF:1
FNH:1
FNDA:36323,checkForComment
DA:4,1
DA:6,1
DA:7,36323
DA:10,36322
DA:11,3656
DA:14,32666
LF:6
LH:6
BRDA:7,1,0,1
BRDA:7,1,1,36322
BRDA:10,2,0,3656
BRDA:10,2,1,32666
BRF:4
BRH:4
end_of_record
TN:
SF:/Users/ross/Developer/workspace/stylus-lint/src/checks/checkForHashEnd.js
FN:6,checkForHashEnd
FNF:1
FNH:1
FNDA:11211,checkForHashEnd
DA:3,1
DA:6,1
DA:7,11211
DA:10,11209
DA:11,23
DA:14,11186
LF:6
LH:6
BRDA:7,1,0,2
BRDA:7,1,1,11209
BRDA:7,2,0,11211
BRDA:7,2,1,11209
BRDA:10,3,0,23
BRDA:10,3,1,11186
BRDA:10,4,0,11209
BRDA:10,4,1,26
BRF:8
BRH:8
end_of_record
TN:
SF:/Users/ross/Developer/workspace/stylus-lint/src/checks/checkForHashStart.js
FN:6,checkForHashStart
FNF:1
FNH:1
FNDA:11211,checkForHashStart
DA:4,1
DA:6,1
DA:7,11211
DA:10,11210
DA:11,19
DA:14,11191
LF:6
LH:6
BRDA:7,1,0,1
BRDA:7,1,1,11210
BRDA:10,2,0,19
BRDA:10,2,1,11191
BRDA:10,3,0,11210
BRDA:10,3,1,22
BRF:6
BRH:6
end_of_record
TN:
SF:/Users/ross/Developer/workspace/stylus-lint/src/checks/checkForLeadingZero.js
FN:6,hasLeadingZero
FN:13,(anonymous_2)
FNF:2
FNH:2
FNDA:11175,hasLeadingZero
FNDA:36316,(anonymous_2)
DA:3,1
DA:6,1
DA:7,11175
DA:8,11174
DA:13,11174
DA:14,36316
DA:18,11174
DA:20,18
DA:21,147
DA:22,10
DA:27,11174
DA:28,10
DA:31,11164
LF:13
LH:13
BRDA:7,1,0,1
BRDA:7,1,1,11174
BRDA:18,2,0,18
BRDA:18,2,1,11156
BRDA:18,3,0,11174
BRDA:18,3,1,25
BRDA:21,4,0,10
BRDA:21,4,1,137
BRDA:27,5,0,10
BRDA:27,5,1,11164
BRF:10
BRH:10
end_of_record
TN:
SF:/Users/ross/Developer/workspace/stylus-lint/src/checks/checkForMixedSpacesTabs.js
FN:14,checkMixedSpacesAndTabs
FNF:1
FNH:1
FNDA:6,checkMixedSpacesAndTabs
DA:3,1
DA:14,1
DA:15,6
DA:18,5
DA:20,3
DA:21,2
DA:25,1
DA:31,2
DA:32,1
DA:36,1
LF:10
LH:10
BRDA:15,1,0,1
BRDA:15,1,1,5
BRDA:15,2,0,6
BRDA:15,2,1,5
BRDA:18,3,0,3
BRDA:18,3,1,2
BRDA:20,4,0,2
BRDA:20,4,1,1
BRDA:31,5,0,1
BRDA:31,5,1,1
BRF:10
BRH:10
end_of_record
TN:
SF:/Users/ross/Developer/workspace/stylus-lint/src/checks/checkNamingConvention.js
FN:15,checkNamingConvention
FNF:1
FNH:1
FNDA:33,checkNamingConvention
DA:3,1
DA:15,1
DA:16,33
DA:19,31
DA:20,27
DA:21,6
DA:22,3
DA:25,3
DA:28,21
DA:29,6
DA:30,3
DA:33,3
DA:36,15
DA:37,6
DA:38,3
DA:41,3
LF:16
LH:16
BRDA:16,1,0,2
BRDA:16,1,1,31
BRDA:16,2,0,33
BRDA:16,2,1,32
BRDA:19,3,0,27
BRDA:19,3,1,4
BRDA:20,4,0,6
BRDA:20,4,1,21
BRDA:21,5,0,3
BRDA:21,5,1,3
BRDA:21,6,0,6
BRDA:21,6,1,3
BRDA:21,6,2,3
BRDA:28,7,0,6
BRDA:28,7,1,15
BRDA:29,8,0,3
BRDA:29,8,1,3
BRDA:36,9,0,6
BRDA:36,9,1,9
BRDA:37,10,0,3
BRDA:37,10,1,3
BRF:21
BRH:21
end_of_record
TN:
SF:/Users/ross/Developer/workspace/stylus-lint/src/checks/zIndexNormalize.js
FN:4,normalizeZIndex
FN:13,(anonymous_2)
FNF:2
FNH:2
FNDA:11173,normalizeZIndex
FNDA:42170,(anonymous_2)
DA:4,1
DA:5,11173
DA:6,1
DA:9,11172
DA:12,11172
DA:14,42170
DA:19,11172
DA:20,34
DA:21,29
DA:24,5
LF:10
LH:10
BRDA:5,1,0,1
BRDA:5,1,1,11172
BRDA:19,2,0,34
BRDA:19,2,1,11138
BRDA:20,3,0,29
BRDA:20,3,1,5
BRF:6
BRH:6
end_of_record
TN:
SF:/Users/ross/Developer/workspace/stylus-lint/src/checks/checkForParenStyle.js
FN:8,checkMixinStyle
FNF:1
FNH:1
FNDA:4,checkMixinStyle
DA:3,1
DA:8,1
DA:9,4
DA:12,3
DA:13,2
DA:14,1
DA:17,1
LF:7
LH:7
BRDA:9,1,0,1
BRDA:9,1,1,3
BRDA:12,2,0,2
BRDA:12,2,1,1
BRDA:12,3,0,3
BRDA:12,3,1,2
BRDA:13,4,0,1
BRDA:13,4,1,1
BRDA:13,5,0,2
BRDA:13,5,1,1
BRF:10
BRH:10
end_of_record
TN:
SF:/Users/ross/Developer/workspace/stylus-lint/src/checks/checkForPlaceholderStyle.js
FN:4,checkPlaceholderStyle
FNF:1
FNH:1
FNDA:11173,checkPlaceholderStyle
DA:4,1
DA:5,11173
DA:8,11172
DA:9,2
DA:10,0
DA:13,2
DA:16,11170
DA:17,168
DA:18,3
DA:21,165
LF:10
LH:9
BRDA:5,1,0,1
BRDA:5,1,1,11172
BRDA:8,2,0,2
BRDA:8,2,1,11170
BRDA:9,3,0,0
BRDA:9,3,1,2
BRDA:16,4,0,168
BRDA:16,4,1,11002
BRDA:17,5,0,3
BRDA:17,5,1,165
BRF:10
BRH:9
end_of_record
TN:
SF:/Users/ross/Developer/workspace/stylus-lint/src/checks/checkForSemicolon.js
FN:4,checkForSemicolons
FNF:1
FNH:1
FNDA:3,checkForSemicolons
DA:4,1
DA:5,3
DA:7,2
DA:8,1
DA:11,1
LF:5
LH:5
BRDA:5,1,0,1
BRDA:5,1,1,2
BRDA:7,2,0,1
BRDA:7,2,1,1
BRF:4
BRH:4
end_of_record
TN:
SF:/Users/ross/Developer/workspace/stylus-lint/src/checks/checkForCommentStart.js
FN:8,checkForStart
FNF:1
FNH:1
FNDA:12448,checkForStart
DA:3,1
DA:8,1
DA:9,12448
DA:11,12447
DA:13,1621
DA:14,1240
DA:17,381
LF:7
LH:7
BRDA:9,1,0,1
BRDA:9,1,1,12447
BRDA:11,2,0,1621
BRDA:11,2,1,10826
BRDA:13,3,0,1240
BRDA:13,3,1,381
BRF:6
BRH:6
end_of_record
TN:
SF:/Users/ross/Developer/workspace/stylus-lint/src/checks/checkNesting.js
FN:13,checkNesting
FN:25,(anonymous_2)
FNF:2
FNH:2
FNDA:13,checkNesting
FNDA:51,(anonymous_2)
DA:3,1
DA:13,1
DA:14,13
DA:18,6
DA:21,7
DA:25,7
DA:26,51
DA:30,7
DA:31,5
DA:32,3
DA:35,2
DA:42,2
DA:43,7
DA:47,2
DA:48,0
DA:51,2
DA:52,2
DA:54,0
DA:55,0
LF:19
LH:16
BRDA:14,1,0,6
BRDA:14,1,1,7
BRDA:14,2,0,13
BRDA:14,2,1,11
BRDA:14,2,2,11
BRDA:14,2,3,8
BRDA:30,3,0,5
BRDA:30,3,1,2
BRDA:31,4,0,3
BRDA:31,4,1,2
BRDA:47,5,0,0
BRDA:47,5,1,2
BRDA:51,6,0,2
BRDA:51,6,1,0
BRDA:54,7,0,0
BRDA:54,7,1,0
BRF:16
BRH:12
end_of_record
TN:
SF:/Users/ross/Developer/workspace/stylus-lint/src/checks/checkForUniversal.js
FN:14,checkForUniversal
FNF:1
FNH:1
FNDA:11173,checkForUniversal
DA:3,1
DA:14,1
DA:15,11173
DA:17,11172
DA:19,54
DA:23,10
DA:26,44
DA:30,11118
LF:8
LH:8
BRDA:5,1,0,1
BRDA:5,1,1,0
BRDA:15,2,0,1
BRDA:15,2,1,11172
BRDA:17,3,0,54
BRDA:17,3,1,11118
BRDA:19,4,0,10
BRDA:19,4,1,44
BRDA:19,5,0,54
BRDA:19,5,1,12
BRDA:19,5,2,12
BRDA:19,5,3,10
BRF:12
BRH:11
end_of_record
TN:
SF:/Users/ross/Developer/workspace/stylus-lint/src/checks/checkForValidProperties.js
FN:12,checkForValidProperties
FN:24,(anonymous_2)
FN:34,(anonymous_3)
FN:58,(anonymous_4)
FNF:4
FNH:4
FNDA:11181,checkForValidProperties
FNDA:42184,(anonymous_2)
FNDA:386568,(anonymous_3)
FNDA:399672,(anonymous_4)
DA:4,1
DA:12,1
DA:13,11181
DA:15,3
DA:19,11178
DA:23,11178
DA:25,42184
DA:30,11178
DA:34,3276
DA:35,386568
DA:38,386568
DA:39,2372
DA:40,2372
DA:43,384196
DA:44,1536644
DA:45,78
DA:46,78
DA:50,384118
DA:51,6914124
DA:52,0
DA:53,0
DA:58,3276
DA:59,399672
DA:62,399672
DA:63,790
DA:64,790
DA:67,398882
DA:68,7179876
DA:69,0
DA:70,0
DA:76,7902
DA:80,11178
DA:81,11142
DA:84,36
LF:34
LH:30
BRDA:13,1,0,3
BRDA:13,1,1,11178
BRDA:13,2,0,11181
BRDA:13,2,1,11179
BRDA:30,3,0,3276
BRDA:30,3,1,7902
BRDA:30,4,0,11178
BRDA:30,4,1,7418
BRDA:30,4,2,7400
BRDA:38,5,0,2372
BRDA:38,5,1,384196
BRDA:44,6,0,78
BRDA:44,6,1,1536566
BRDA:51,7,0,0
BRDA:51,7,1,6914124
BRDA:62,8,0,790
BRDA:62,8,1,398882
BRDA:68,9,0,0
BRDA:68,9,1,7179876
BRDA:80,10,0,11142
BRDA:80,10,1,36
BRF:21
BRH:19
end_of_record
TN:
SF:/Users/ross/Developer/workspace/stylus-lint/src/checks/checkVarStyle.js
FN:9,checkVarStyle
FNF:1
FNH:1
FNDA:11,checkVarStyle
DA:3,1
DA:9,1
DA:10,11
DA:13,10
DA:15,3
DA:21,3
DA:22,2
DA:25,1
LF:8
LH:8
BRDA:10,1,0,1
BRDA:10,1,1,10
BRDA:13,2,0,3
BRDA:13,2,1,7
BRDA:15,3,0,3
BRDA:15,3,1,0
BRDA:15,4,0,3
BRDA:15,4,1,3
BRDA:15,4,2,3
BRDA:21,5,0,2
BRDA:21,5,1,1
BRF:11
BRH:10
end_of_record
TN:
SF:/Users/ross/Developer/workspace/stylus-lint/src/checks/checkForTrailingWhitespace.js
FN:12,checkWhitespace
FNF:1
FNH:1
FNDA:11173,checkWhitespace
DA:3,1
DA:12,1
DA:13,11173
DA:16,11172
DA:17,3
DA:20,11169
LF:6
LH:6
BRDA:13,1,0,1
BRDA:13,1,1,11172
BRDA:16,2,0,3
BRDA:16,2,1,11169
BRDA:16,3,0,11172
BRDA:16,3,1,7048
BRF:6
BRH:6
end_of_record
TN:
SF:/Users/ross/Developer/workspace/stylus-lint/src/checks/checkForZeroUnits.js
FN:4,checkForZeroUnits
FNF:1
FNH:1
FNDA:11187,checkForZeroUnits
DA:4,1
DA:5,11187
DA:8,11186
DA:24,18
DA:27,11168
LF:5
LH:5
BRDA:5,1,0,1
BRDA:5,1,1,11186
BRDA:8,2,0,18
BRDA:8,2,1,11168
BRDA:8,3,0,11186
BRDA:8,3,1,11183
BRDA:8,3,2,11182
BRDA:8,3,3,11181
BRDA:8,3,4,11180
BRDA:8,3,5,11179
BRDA:8,3,6,11178
BRDA:8,3,7,11177
BRDA:8,3,8,11176
BRDA:8,3,9,11175
BRDA:8,3,10,11174
BRDA:8,3,11,11173
BRDA:8,3,12,11172
BRDA:8,3,13,11171
BRDA:8,3,14,11170
BRDA:8,3,15,11169
BRF:20
BRH:20
end_of_record
