TN:
SF:/Users/ross/Developer/workspace/stylus-lint/index.js
FN:148,(anonymous_1)
FN:151,(anonymous_2)
FN:155,(anonymous_3)
FN:160,(anonymous_4)
FN:214,(anonymous_5)
FNF:5
FNH:5
FNDA:6,(anonymous_1)
FNDA:5,(anonymous_2)
FNDA:114,(anonymous_3)
FNDA:2,(anonymous_4)
FNDA:1,(anonymous_5)
DA:14,1
DA:62,1
DA:101,1
DA:122,1
DA:147,1
DA:149,6
DA:151,6
DA:152,5
DA:153,5
DA:155,5
DA:156,114
DA:161,2
DA:162,2
DA:175,1
DA:214,1
DA:215,1
DA:218,1
DA:219,1
DA:222,0
DA:226,1
DA:227,0
DA:231,1
DA:232,0
DA:236,1
DA:237,0
DA:241,1
DA:242,0
DA:243,0
DA:246,0
DA:249,0
DA:253,1
DA:254,0
DA:257,1
DA:263,1
DA:274,1
LF:35
LH:26
BRDA:152,1,0,0
BRDA:152,1,1,5
BRDA:161,2,0,0
BRDA:161,2,1,2
BRDA:218,3,0,1
BRDA:218,3,1,0
BRDA:218,4,0,1
BRDA:218,4,1,1
BRDA:226,5,0,0
BRDA:226,5,1,1
BRDA:226,6,0,1
BRDA:226,6,1,1
BRDA:231,7,0,0
BRDA:231,7,1,1
BRDA:231,8,0,1
BRDA:231,8,1,1
BRDA:236,9,0,0
BRDA:236,9,1,1
BRDA:236,10,0,1
BRDA:236,10,1,1
BRDA:241,11,0,0
BRDA:241,11,1,1
BRDA:241,12,0,1
BRDA:241,12,1,1
BRDA:242,13,0,0
BRDA:242,13,1,0
BRDA:253,14,0,0
BRDA:253,14,1,1
BRDA:253,15,0,1
BRDA:253,15,1,1
BRF:30
BRH:20
end_of_record
TN:
SF:/Users/ross/Developer/workspace/stylus-lint/src/done.js
FN:9,done
FNF:1
FNH:1
FNDA:5,done
DA:3,1
DA:9,1
DA:10,5
DA:17,5
DA:18,0
DA:19,0
DA:20,0
DA:23,0
DA:29,5
DA:30,11194
DA:34,5
DA:35,5
DA:36,5
DA:38,0
DA:39,0
DA:42,0
DA:43,0
DA:47,5
DA:48,0
DA:49,0
DA:51,0
DA:52,0
DA:55,0
DA:56,0
DA:60,5
DA:61,0
LF:26
LH:11
BRDA:17,1,0,0
BRDA:17,1,1,5
BRDA:18,2,0,0
BRDA:18,2,1,0
BRDA:34,3,0,5
BRDA:34,3,1,0
BRDA:34,4,0,5
BRDA:34,4,1,5
BRDA:38,5,0,0
BRDA:38,5,1,0
BRDA:47,6,0,0
BRDA:47,6,1,5
BRDA:51,7,0,0
BRDA:51,7,1,0
BRDA:60,8,0,0
BRDA:60,8,1,5
BRF:16
BRH:6
end_of_record
TN:
SF:/Users/ross/Developer/workspace/stylus-lint/src/help.js
FN:3,help
FNF:1
FNH:1
FNDA:1,help
DA:3,1
DA:4,1
DA:5,1
DA:6,1
DA:7,1
DA:8,1
DA:9,1
DA:10,1
DA:11,1
LF:9
LH:9
BRF:0
BRH:0
end_of_record
TN:
SF:/Users/ross/Developer/workspace/stylus-lint/src/read.js
FN:11,read
FN:22,(anonymous_2)
FNF:2
FNH:2
FNDA:6,read
FNDA:4,(anonymous_2)
DA:3,1
DA:11,1
DA:14,6
DA:15,2
DA:22,4
DA:23,4
DA:25,2
DA:26,1
DA:28,1
DA:29,1
LF:10
LH:10
BRDA:14,1,0,2
BRDA:14,1,1,4
BRDA:23,2,0,2
BRDA:23,2,1,2
BRDA:25,3,0,1
BRDA:25,3,1,1
BRDA:28,4,0,1
BRDA:28,4,1,0
BRF:8
BRH:7
end_of_record
TN:
SF:/Users/ross/Developer/workspace/stylus-lint/src/parse.js
FN:13,parse
FN:16,(anonymous_2)
FN:21,(anonymous_3)
FN:46,(anonymous_4)
FNF:4
FNH:4
FNDA:118,parse
FNDA:118,(anonymous_2)
FNDA:446,(anonymous_3)
FNDA:19397,(anonymous_4)
DA:3,1
DA:13,1
DA:14,118
DA:16,118
DA:17,118
DA:18,116
DA:21,116
DA:22,446
DA:26,446
DA:27,0
DA:31,446
DA:32,1506
DA:35,446
DA:39,116
DA:46,116
DA:47,19397
DA:49,19397
DA:50,19397
DA:54,116
DA:55,5
LF:20
LH:19
BRDA:17,1,0,2
BRDA:17,1,1,116
BRDA:26,2,0,0
BRDA:26,2,1,446
BRDA:54,3,0,5
BRDA:54,3,1,111
BRF:6
BRH:5
end_of_record
TN:
SF:/Users/ross/Developer/workspace/stylus-lint/src/test.js
FN:13,test
FNF:1
FNH:1
FNDA:19398,test
DA:3,1
DA:13,1
DA:15,19398
DA:18,19398
DA:23,2837
DA:24,24
DA:25,24
DA:26,24
DA:29,2813
DA:30,24
DA:31,24
DA:36,19374
DA:37,5
DA:38,5
DA:42,19369
DA:43,20
DA:46,20
DA:47,5
DA:48,5
DA:49,5
DA:54,19364
DA:57,19064
DA:58,2777
DA:59,2777
DA:60,32
DA:66,19064
DA:69,16837
DA:70,550
DA:74,16837
DA:75,0
DA:76,0
DA:80,16837
DA:81,0
DA:82,0
DA:86,16837
DA:87,16837
DA:88,83
DA:93,16837
DA:94,16837
DA:95,0
DA:96,0
DA:101,16837
DA:102,16837
DA:103,96
DA:108,16837
DA:109,16837
DA:110,10
DA:115,16837
DA:116,16837
DA:117,94
DA:122,16837
DA:123,16837
DA:124,45
DA:129,16837
DA:130,16837
DA:131,5
DA:136,16837
DA:137,16837
DA:138,10
DA:143,16837
DA:144,16837
DA:145,3
DA:150,16837
DA:151,16837
DA:152,1
DA:155,16837
DA:156,3
DA:161,16837
DA:162,16837
DA:163,1
DA:166,16837
DA:167,89
DA:172,16837
DA:173,16837
DA:174,3
DA:179,16837
DA:180,16837
DA:181,18
DA:186,16837
DA:187,16837
DA:188,10
DA:193,16837
DA:194,16837
DA:195,222
DA:201,16837
DA:202,16837
DA:203,27
DA:208,16837
DA:209,16837
DA:210,49
DA:215,16837
DA:216,16837
DA:217,6
DA:222,16837
DA:225,16837
DA:226,4479
DA:231,16837
DA:232,16837
DA:233,1
DA:238,16837
DA:239,16837
DA:240,1
DA:243,16837
DA:244,14
DA:249,16837
DA:250,16837
DA:251,0
DA:256,16837
DA:257,16837
DA:258,89
DA:263,16837
DA:264,16837
DA:265,3
DA:270,16837
DA:272,16837
DA:273,37
DA:277,16837
DA:278,16837
DA:279,50
DA:287,19364
DA:288,0
LF:121
LH:113
BRDA:18,1,0,2837
BRDA:18,1,1,16561
BRDA:23,2,0,24
BRDA:23,2,1,2813
BRDA:29,3,0,24
BRDA:29,3,1,2789
BRDA:29,4,0,2813
BRDA:29,4,1,60
BRDA:36,5,0,5
BRDA:36,5,1,19369
BRDA:36,6,0,19374
BRDA:36,6,1,19374
BRDA:42,7,0,20
BRDA:42,7,1,19349
BRDA:46,8,0,5
BRDA:46,8,1,15
BRDA:54,9,0,19064
BRDA:54,9,1,300
BRDA:57,10,0,2777
BRDA:57,10,1,16287
BRDA:58,11,0,2777
BRDA:58,11,1,0
BRDA:58,12,0,2777
BRDA:58,12,1,2777
BRDA:59,13,0,32
BRDA:59,13,1,2745
BRDA:66,14,0,16837
BRDA:66,14,1,2227
BRDA:69,15,0,550
BRDA:69,15,1,16287
BRDA:74,16,0,0
BRDA:74,16,1,16837
BRDA:74,17,0,16837
BRDA:74,17,1,0
BRDA:80,18,0,0
BRDA:80,18,1,16837
BRDA:80,19,0,16837
BRDA:80,19,1,0
BRDA:86,20,0,16837
BRDA:86,20,1,0
BRDA:86,21,0,16837
BRDA:86,21,1,0
BRDA:87,22,0,83
BRDA:87,22,1,16754
BRDA:93,23,0,16837
BRDA:93,23,1,0
BRDA:93,24,0,16837
BRDA:93,24,1,16837
BRDA:94,25,0,0
BRDA:94,25,1,16837
BRDA:101,26,0,16837
BRDA:101,26,1,0
BRDA:101,27,0,16837
BRDA:101,27,1,0
BRDA:102,28,0,96
BRDA:102,28,1,16741
BRDA:102,29,0,16837
BRDA:102,29,1,96
BRDA:108,30,0,16837
BRDA:108,30,1,0
BRDA:108,31,0,16837
BRDA:108,31,1,0
BRDA:109,32,0,10
BRDA:109,32,1,16827
BRDA:115,33,0,16837
BRDA:115,33,1,0
BRDA:115,34,0,16837
BRDA:115,34,1,0
BRDA:116,35,0,94
BRDA:116,35,1,16743
BRDA:122,36,0,16837
BRDA:122,36,1,0
BRDA:122,37,0,16837
BRDA:122,37,1,16837
BRDA:122,37,2,16837
BRDA:123,38,0,45
BRDA:123,38,1,16792
BRDA:129,39,0,16837
BRDA:129,39,1,0
BRDA:129,40,0,16837
BRDA:129,40,1,0
BRDA:130,41,0,5
BRDA:130,41,1,16832
BRDA:136,42,0,16837
BRDA:136,42,1,0
BRDA:136,43,0,16837
BRDA:136,43,1,0
BRDA:137,44,0,10
BRDA:137,44,1,16827
BRDA:143,45,0,16837
BRDA:143,45,1,0
BRDA:143,46,0,16837
BRDA:143,46,1,16837
BRDA:144,47,0,3
BRDA:144,47,1,16834
BRDA:150,48,0,16837
BRDA:150,48,1,0
BRDA:150,49,0,16837
BRDA:150,49,1,1
BRDA:151,50,0,1
BRDA:151,50,1,16836
BRDA:151,51,0,16837
BRDA:151,51,1,16837
BRDA:155,52,0,3
BRDA:155,52,1,16834
BRDA:161,53,0,16837
BRDA:161,53,1,0
BRDA:161,54,0,16837
BRDA:161,54,1,1
BRDA:162,55,0,1
BRDA:162,55,1,16836
BRDA:162,56,0,16837
BRDA:162,56,1,16837
BRDA:166,57,0,89
BRDA:166,57,1,16748
BRDA:172,58,0,16837
BRDA:172,58,1,0
BRDA:172,59,0,16837
BRDA:172,59,1,0
BRDA:173,60,0,3
BRDA:173,60,1,16834
BRDA:179,61,0,16837
BRDA:179,61,1,0
BRDA:179,62,0,16837
BRDA:179,62,1,16837
BRDA:180,63,0,18
BRDA:180,63,1,16819
BRDA:186,64,0,16837
BRDA:186,64,1,0
BRDA:186,65,0,16837
BRDA:186,65,1,0
BRDA:187,66,0,10
BRDA:187,66,1,16827
BRDA:193,67,0,16837
BRDA:193,67,1,0
BRDA:193,68,0,16837
BRDA:193,68,1,16837
BRDA:194,69,0,222
BRDA:194,69,1,16615
BRDA:201,70,0,16837
BRDA:201,70,1,0
BRDA:201,71,0,16837
BRDA:201,71,1,16837
BRDA:202,72,0,27
BRDA:202,72,1,16810
BRDA:208,73,0,16837
BRDA:208,73,1,0
BRDA:208,74,0,16837
BRDA:208,74,1,16837
BRDA:209,75,0,49
BRDA:209,75,1,16788
BRDA:215,76,0,16837
BRDA:215,76,1,0
BRDA:215,77,0,16837
BRDA:215,77,1,0
BRDA:216,78,0,6
BRDA:216,78,1,16831
BRDA:222,79,0,16837
BRDA:222,79,1,0
BRDA:222,80,0,16837
BRDA:222,80,1,16837
BRDA:225,81,0,4479
BRDA:225,81,1,12358
BRDA:231,82,0,16837
BRDA:231,82,1,0
BRDA:231,83,0,16837
BRDA:231,83,1,0
BRDA:232,84,0,1
BRDA:232,84,1,16836
BRDA:238,85,0,16837
BRDA:238,85,1,0
BRDA:238,86,0,16837
BRDA:238,86,1,1
BRDA:239,87,0,1
BRDA:239,87,1,16836
BRDA:239,88,0,16837
BRDA:239,88,1,16837
BRDA:243,89,0,14
BRDA:243,89,1,16823
BRDA:249,90,0,16837
BRDA:249,90,1,0
BRDA:249,91,0,16837
BRDA:249,91,1,16837
BRDA:250,92,0,0
BRDA:250,92,1,16837
BRDA:256,93,0,16837
BRDA:256,93,1,0
BRDA:256,94,0,16837
BRDA:256,94,1,16837
BRDA:257,95,0,89
BRDA:257,95,1,16748
BRDA:263,96,0,16837
BRDA:263,96,1,0
BRDA:263,97,0,16837
BRDA:263,97,1,0
BRDA:263,97,2,0
BRDA:264,98,0,3
BRDA:264,98,1,16834
BRDA:270,99,0,16837
BRDA:270,99,1,0
BRDA:270,100,0,16837
BRDA:270,100,1,16837
BRDA:272,101,0,37
BRDA:272,101,1,16800
BRDA:277,102,0,16837
BRDA:277,102,1,0
BRDA:277,103,0,16837
BRDA:277,103,1,16837
BRDA:278,104,0,50
BRDA:278,104,1,16787
BRDA:287,105,0,0
BRDA:287,105,1,19364
BRDA:287,106,0,19364
BRDA:287,106,1,19337
BRF:214
BRH:168
end_of_record
TN:
SF:/Users/ross/Developer/workspace/stylus-lint/src/data/getValid.js
FN:3,getValidJSON
FNF:1
FNH:1
FNDA:2,getValidJSON
DA:1,1
DA:3,1
DA:5,2
LF:3
LH:3
BRF:0
BRH:0
end_of_record
TN:
SF:/Users/ross/Developer/workspace/stylus-lint/src/version.js
FN:6,version
FN:8,(anonymous_2)
FNF:2
FNH:2
FNDA:1,version
FNDA:1,(anonymous_2)
DA:3,1
DA:6,1
DA:7,1
DA:9,1
DA:10,0
LF:5
LH:4
BRDA:9,1,0,1
BRDA:9,1,1,0
BRF:2
BRH:1
end_of_record
TN:
SF:/Users/ross/Developer/workspace/stylus-lint/src/watch.js
FN:11,watch
FN:16,(anonymous_2)
FN:22,(anonymous_3)
FNF:3
FNH:2
FNDA:1,watch
FNDA:1,(anonymous_2)
FNDA:0,(anonymous_3)
DA:3,1
DA:11,1
DA:12,1
DA:13,1
DA:16,1
DA:17,1
DA:18,1
DA:22,1
DA:23,0
DA:24,0
DA:25,0
DA:26,0
DA:27,0
DA:28,0
DA:29,0
DA:30,0
DA:31,0
DA:32,0
LF:18
LH:8
BRDA:12,1,0,0
BRDA:12,1,1,1
BRF:2
BRH:1
end_of_record
TN:
SF:/Users/ross/Developer/workspace/stylus-lint/src/checks/alphabet.js
FN:9,sortAlphabetically
FN:30,(anonymous_2)
FN:50,(anonymous_3)
FN:56,(anonymous_4)
FN:96,(anonymous_5)
FN:109,(anonymous_6)
FN:117,(anonymous_7)
FN:140,(anonymous_8)
FNF:8
FNH:8
FNDA:16841,sortAlphabetically
FNDA:61473,(anonymous_2)
FNDA:49331,(anonymous_3)
FNDA:2129360,(anonymous_4)
FNDA:5673,(anonymous_5)
FNDA:4749,(anonymous_6)
FNDA:1892000,(anonymous_7)
FNDA:1183600,(anonymous_8)
DA:3,1
DA:9,1
DA:10,16841
DA:12,16838
DA:24,16838
DA:25,0
DA:26,0
DA:30,16838
DA:31,61473
DA:32,37536
DA:35,23937
DA:41,16838
DA:42,12582
DA:46,16838
DA:47,8694
DA:50,8144
DA:51,49331
DA:55,8144
DA:56,4952
DA:57,2129360
DA:59,2129360
DA:60,3396
DA:61,3396
DA:64,2125964
DA:65,8503649
DA:66,110
DA:67,110
DA:71,2125854
DA:72,55272204
DA:73,0
DA:74,0
DA:79,4952
DA:80,3506
DA:84,3192
DA:87,4952
DA:88,343
DA:91,4609
DA:92,1140
DA:96,3469
DA:97,5673
DA:101,3469
DA:104,3469
DA:106,3469
DA:109,2545
DA:111,4749
DA:112,349
DA:113,349
DA:117,4400
DA:118,1892000
DA:120,1892000
DA:121,4090
DA:122,4090
DA:125,1887910
DA:126,7551137
DA:127,310
DA:128,310
DA:132,1887600
DA:133,49077600
DA:134,0
DA:135,0
DA:140,4400
DA:141,1183600
DA:143,1183600
DA:144,116
DA:145,116
DA:148,1183484
DA:149,30770584
DA:150,0
DA:151,0
DA:159,924
DA:164,3469
DA:168,3469
LF:72
LH:64
BRDA:10,1,0,3
BRDA:10,1,1,16838
BRDA:10,2,0,16841
BRDA:10,2,1,16839
BRDA:24,3,0,0
BRDA:24,3,1,16838
BRDA:31,4,0,37536
BRDA:31,4,1,23937
BRDA:41,5,0,12582
BRDA:41,5,1,4256
BRDA:46,6,0,8694
BRDA:46,6,1,8144
BRDA:55,7,0,4952
BRDA:55,7,1,3192
BRDA:55,8,0,8144
BRDA:55,8,1,8144
BRDA:55,8,2,8144
BRDA:55,8,3,8144
BRDA:59,9,0,3396
BRDA:59,9,1,2125964
BRDA:65,10,0,110
BRDA:65,10,1,8503539
BRDA:72,11,0,0
BRDA:72,11,1,55272204
BRDA:79,12,0,3506
BRDA:79,12,1,1446
BRDA:87,13,0,343
BRDA:87,13,1,4609
BRDA:87,14,0,4952
BRDA:87,14,1,343
BRDA:91,15,0,1140
BRDA:91,15,1,3469
BRDA:91,16,0,4609
BRDA:91,16,1,4609
BRDA:104,17,0,3469
BRDA:104,17,1,0
BRDA:106,18,0,2545
BRDA:106,18,1,924
BRDA:106,19,0,3469
BRDA:106,19,1,3469
BRDA:111,20,0,349
BRDA:111,20,1,4400
BRDA:120,21,0,4090
BRDA:120,21,1,1887910
BRDA:126,22,0,310
BRDA:126,22,1,7550827
BRDA:133,23,0,0
BRDA:133,23,1,49077600
BRDA:143,24,0,116
BRDA:143,24,1,1183484
BRDA:149,25,0,0
BRDA:149,25,1,30770584
BRF:52
BRH:47
end_of_record
TN:
SF:/Users/ross/Developer/workspace/stylus-lint/src/checks/block.js
FN:9,checkBlockStyle
FNF:1
FNH:1
FNDA:16844,checkBlockStyle
DA:3,1
DA:9,1
DA:10,16844
DA:13,16843
DA:14,695
DA:19,5
DA:21,690
DA:25,32
LF:8
LH:8
BRDA:10,1,0,1
BRDA:10,1,1,16843
BRDA:13,2,0,695
BRDA:13,2,1,16148
BRDA:14,3,0,5
BRDA:14,3,1,690
BRDA:14,4,0,695
BRDA:14,4,1,663
BRDA:14,4,2,635
BRDA:21,5,0,32
BRDA:21,5,1,658
BRDA:21,6,0,690
BRDA:21,6,1,32
BRDA:21,6,2,32
BRF:14
BRH:14
end_of_record
TN:
SF:/Users/ross/Developer/workspace/stylus-lint/src/checks/borderNone.js
FN:4,checkBorderNone
FNF:1
FNH:1
FNDA:16841,checkBorderNone
DA:4,1
DA:5,16841
DA:8,16840
DA:9,317
DA:10,6
DA:13,311
DA:14,68
LF:7
LH:7
BRDA:5,1,0,1
BRDA:5,1,1,16840
BRDA:8,2,0,317
BRDA:8,2,1,16523
BRDA:9,3,0,6
BRDA:9,3,1,311
BRDA:13,4,0,68
BRDA:13,4,1,243
BRF:8
BRH:8
end_of_record
TN:
SF:/Users/ross/Developer/workspace/stylus-lint/src/checks/brackets.js
FN:8,checkForBrackets
FNF:1
FNH:1
FNDA:16851,checkForBrackets
DA:3,1
DA:8,1
DA:9,16851
DA:12,16847
DA:13,210
DA:16,16637
DA:18,127
DA:19,35
DA:22,92
DA:23,1
DA:26,91
DA:27,64
LF:12
LH:12
BRDA:9,1,0,4
BRDA:9,1,1,16847
BRDA:9,2,0,16851
BRDA:9,2,1,16849
BRDA:12,3,0,210
BRDA:12,3,1,16637
BRDA:16,4,0,127
BRDA:16,4,1,16510
BRDA:16,5,0,16637
BRDA:16,5,1,16575
BRDA:18,6,0,35
BRDA:18,6,1,92
BRDA:18,7,0,127
BRDA:18,7,1,62
BRDA:22,8,0,1
BRDA:22,8,1,91
BRDA:22,9,0,92
BRDA:22,9,1,65
BRDA:26,10,0,64
BRDA:26,10,1,27
BRDA:26,11,0,91
BRDA:26,11,1,64
BRF:22
BRH:22
end_of_record
TN:
SF:/Users/ross/Developer/workspace/stylus-lint/src/checks/colon.js
FN:4,checkForColon
FNF:1
FNH:1
FNDA:16844,checkForColon
DA:4,1
DA:5,16844
DA:8,16840
DA:9,223
DA:12,16617
LF:5
LH:5
BRDA:5,1,0,4
BRDA:5,1,1,16840
BRDA:5,2,0,16844
BRDA:5,2,1,16842
BRDA:8,3,0,223
BRDA:8,3,1,16617
BRDA:8,4,0,16840
BRDA:8,4,1,16839
BRF:8
BRH:8
end_of_record
TN:
SF:/Users/ross/Developer/workspace/stylus-lint/src/checks/comma.js
FN:8,checkCommaStyle
FNF:1
FNH:1
FNDA:16841,checkCommaStyle
DA:3,1
DA:8,1
DA:9,16841
DA:12,16840
DA:14,467
DA:15,11
DA:18,456
LF:7
LH:7
BRDA:9,1,0,1
BRDA:9,1,1,16840
BRDA:12,2,0,467
BRDA:12,2,1,16373
BRDA:12,3,0,16840
BRDA:12,3,1,1471
BRDA:14,4,0,11
BRDA:14,4,1,456
BRDA:14,5,0,467
BRDA:14,5,1,467
BRF:10
BRH:10
end_of_record
TN:
SF:/Users/ross/Developer/workspace/stylus-lint/src/checks/commentSpace.js
FN:6,checkCommentStyle
FNF:1
FNH:1
FNDA:2783,checkCommentStyle
DA:4,1
DA:6,1
DA:7,2783
DA:9,2782
DA:11,2781
DA:12,1
DA:15,2780
DA:16,33
DA:19,2747
LF:9
LH:9
BRDA:7,1,0,1
BRDA:7,1,1,2782
BRDA:9,2,0,2781
BRDA:9,2,1,1
BRDA:11,3,0,1
BRDA:11,3,1,2780
BRDA:11,4,0,2781
BRDA:11,4,1,1771
BRDA:15,5,0,33
BRDA:15,5,1,2747
BRDA:15,6,0,2780
BRDA:15,6,1,2775
BRF:12
BRH:12
end_of_record
TN:
SF:/Users/ross/Developer/workspace/stylus-lint/src/checks/commentExists.js
FN:6,checkForComment
FNF:1
FNH:1
FNDA:55305,checkForComment
DA:4,1
DA:6,1
DA:7,55305
DA:10,55304
DA:11,6168
DA:14,49136
LF:6
LH:6
BRDA:7,1,0,1
BRDA:7,1,1,55304
BRDA:10,2,0,6168
BRDA:10,2,1,49136
BRF:4
BRH:4
end_of_record
TN:
SF:/Users/ross/Developer/workspace/stylus-lint/src/checks/cssLiteral.js
FN:4,checkCssLiteral
FNF:1
FNH:1
FNDA:16841,checkCssLiteral
DA:4,1
DA:5,16841
DA:7,16840
DA:8,1
DA:11,16839
LF:5
LH:5
BRDA:5,1,0,1
BRDA:5,1,1,16840
BRDA:7,2,0,1
BRDA:7,2,1,16839
BRF:4
BRH:4
end_of_record
TN:
SF:/Users/ross/Developer/workspace/stylus-lint/src/checks/duplicates.js
FN:6,duplicateSelectors
FN:24,(anonymous_2)
FN:35,(anonymous_3)
FNF:3
FNH:3
FNDA:16844,duplicateSelectors
FNDA:58568,(anonymous_2)
FNDA:58568,(anonymous_3)
DA:3,1
DA:6,1
DA:7,16844
DA:9,16842
DA:18,16842
DA:19,0
DA:20,0
DA:24,16842
DA:25,58568
DA:26,35133
DA:29,23435
DA:35,16842
DA:36,58568
DA:40,16842
DA:41,7328
DA:45,16842
DA:46,119
DA:50,16842
DA:53,8940
DA:55,117
DA:56,0
DA:61,8823
DA:62,44
DA:67,8940
DA:70,1392
DA:75,16842
DA:76,52
DA:80,16842
DA:81,7750
DA:85,16842
DA:86,16842
DA:87,16842
DA:89,16842
LF:33
LH:30
BRDA:7,1,0,2
BRDA:7,1,1,16842
BRDA:18,2,0,0
BRDA:18,2,1,16842
BRDA:25,3,0,35133
BRDA:25,3,1,23435
BRDA:40,4,0,7328
BRDA:40,4,1,9514
BRDA:45,5,0,119
BRDA:45,5,1,16723
BRDA:45,6,0,16842
BRDA:45,6,1,119
BRDA:50,7,0,8940
BRDA:50,7,1,7902
BRDA:53,8,0,117
BRDA:53,8,1,8823
BRDA:53,9,0,8940
BRDA:53,9,1,8940
BRDA:55,10,0,0
BRDA:55,10,1,117
BRDA:55,11,0,117
BRDA:55,11,1,0
BRDA:61,12,0,44
BRDA:61,12,1,8779
BRDA:61,13,0,8823
BRDA:61,13,1,47
BRDA:67,14,0,1392
BRDA:67,14,1,7548
BRDA:67,15,0,8940
BRDA:67,15,1,2643
BRDA:67,15,2,1657
BRDA:75,16,0,52
BRDA:75,16,1,16790
BRDA:80,17,0,7750
BRDA:80,17,1,9092
BRDA:80,18,0,16842
BRDA:80,18,1,10545
BRF:37
BRH:34
end_of_record
TN:
SF:/Users/ross/Developer/workspace/stylus-lint/src/checks/efficient.js
FN:4,checkForEfficiency
FN:13,(anonymous_2)
FNF:2
FNH:2
FNDA:16851,checkForEfficiency
FNDA:5883,(anonymous_2)
DA:4,1
DA:5,16851
DA:8,16850
DA:9,15941
DA:13,909
DA:14,5883
DA:18,909
DA:24,264
DA:26,135
DA:28,40
DA:29,1
DA:32,39
DA:36,95
DA:38,65
DA:39,3
DA:42,62
DA:46,30
DA:48,24
DA:49,9
DA:52,15
DA:53,0
DA:56,15
DA:61,129
LF:23
LH:22
BRDA:5,1,0,1
BRDA:5,1,1,16850
BRDA:5,2,0,16851
BRDA:5,2,1,16850
BRDA:8,3,0,15941
BRDA:8,3,1,909
BRDA:8,4,0,16850
BRDA:8,4,1,16241
BRDA:18,5,0,264
BRDA:18,5,1,645
BRDA:18,6,0,909
BRDA:18,6,1,775
BRDA:18,6,2,705
BRDA:18,6,3,678
BRDA:24,7,0,135
BRDA:24,7,1,129
BRDA:26,8,0,40
BRDA:26,8,1,95
BRDA:28,9,0,1
BRDA:28,9,1,39
BRDA:36,10,0,65
BRDA:36,10,1,30
BRDA:38,11,0,3
BRDA:38,11,1,62
BRDA:46,12,0,24
BRDA:46,12,1,6
BRDA:48,13,0,9
BRDA:48,13,1,15
BRDA:48,14,0,24
BRDA:48,14,1,18
BRDA:52,15,0,0
BRDA:52,15,1,15
BRDA:52,16,0,15
BRDA:52,16,1,6
BRF:34
BRH:33
end_of_record
TN:
SF:/Users/ross/Developer/workspace/stylus-lint/src/checks/extends.js
FN:4,checkExtendStyle
FNF:1
FNH:1
FNDA:16844,checkExtendStyle
DA:4,1
DA:5,16844
DA:8,16582
DA:11,262
DA:12,260
DA:13,4
DA:15,256
DA:16,256
DA:19,2
DA:20,2
DA:21,1
DA:23,1
DA:24,1
LF:13
LH:13
BRDA:5,1,0,16582
BRDA:5,1,1,262
BRDA:5,2,0,16844
BRDA:5,2,1,16842
BRDA:5,2,2,16841
BRDA:11,3,0,260
BRDA:11,3,1,2
BRDA:12,4,0,4
BRDA:12,4,1,256
BRDA:15,5,0,256
BRDA:15,5,1,0
BRDA:19,6,0,2
BRDA:19,6,1,0
BRDA:20,7,0,1
BRDA:20,7,1,1
BRDA:23,8,0,1
BRDA:23,8,1,0
BRF:17
BRH:14
end_of_record
TN:
SF:/Users/ross/Developer/workspace/stylus-lint/src/checks/hashEnd.js
FN:6,checkForHashEnd
FNF:1
FNH:1
FNDA:28,checkForHashEnd
DA:3,1
DA:6,1
DA:7,28
DA:10,26
DA:11,6
DA:14,20
LF:6
LH:6
BRDA:7,1,0,2
BRDA:7,1,1,26
BRDA:7,2,0,28
BRDA:7,2,1,26
BRDA:10,3,0,6
BRDA:10,3,1,20
BRDA:10,4,0,26
BRDA:10,4,1,7
BRF:8
BRH:8
end_of_record
TN:
SF:/Users/ross/Developer/workspace/stylus-lint/src/checks/hashStart.js
FN:6,checkForHashStart
FNF:1
FNH:1
FNDA:6,checkForHashStart
DA:4,1
DA:6,1
DA:7,6
DA:10,5
DA:11,1
DA:14,4
LF:6
LH:6
BRDA:7,1,0,1
BRDA:7,1,1,5
BRDA:10,2,0,1
BRDA:10,2,1,4
BRDA:10,3,0,5
BRDA:10,3,1,2
BRF:6
BRH:6
end_of_record
TN:
SF:/Users/ross/Developer/workspace/stylus-lint/src/checks/colors.js
FN:6,checkHexColors
FNF:1
FNH:1
FNDA:16840,checkHexColors
DA:3,1
DA:6,1
DA:7,16840
DA:8,0
DA:11,16840
DA:12,28
DA:15,16812
LF:7
LH:6
BRDA:7,1,0,0
BRDA:7,1,1,16840
BRDA:11,2,0,28
BRDA:11,2,1,16812
BRDA:11,3,0,16840
BRDA:11,3,1,86
BRF:6
BRH:5
end_of_record
TN:
SF:/Users/ross/Developer/workspace/stylus-lint/src/checks/leadingZero.js
FN:6,hasLeadingZero
FN:13,(anonymous_2)
FNF:2
FNH:2
FNDA:16843,hasLeadingZero
FNDA:11991,(anonymous_2)
DA:3,1
DA:6,1
DA:7,16843
DA:8,1758
DA:13,1758
DA:14,11991
DA:18,1758
DA:20,23
DA:21,196
DA:22,12
DA:27,1758
DA:28,12
DA:31,1746
LF:13
LH:13
BRDA:7,1,0,15085
BRDA:7,1,1,1758
BRDA:7,2,0,16843
BRDA:7,2,1,16842
BRDA:18,3,0,23
BRDA:18,3,1,1735
BRDA:18,4,0,1758
BRDA:18,4,1,32
BRDA:21,5,0,12
BRDA:21,5,1,184
BRDA:27,6,0,12
BRDA:27,6,1,1746
BRF:12
BRH:12
end_of_record
TN:
SF:/Users/ross/Developer/workspace/stylus-lint/src/checks/mixed.js
FN:14,checkMixedSpacesAndTabs
FNF:1
FNH:1
FNDA:16843,checkMixedSpacesAndTabs
DA:3,1
DA:14,1
DA:15,16843
DA:18,16842
DA:20,16840
DA:21,4481
DA:25,12359
DA:31,2
DA:32,1
DA:36,1
LF:10
LH:10
BRDA:15,1,0,1
BRDA:15,1,1,16842
BRDA:15,2,0,16843
BRDA:15,2,1,16842
BRDA:18,3,0,16840
BRDA:18,3,1,2
BRDA:20,4,0,4481
BRDA:20,4,1,12359
BRDA:31,5,0,1
BRDA:31,5,1,1
BRF:10
BRH:10
end_of_record
TN:
SF:/Users/ross/Developer/workspace/stylus-lint/src/checks/namingConvention.js
FN:23,checkNamingConvention
FNF:1
FNH:1
FNDA:16933,checkNamingConvention
DA:3,1
DA:23,1
DA:24,16933
DA:27,16931
DA:29,1489
DA:32,408
DA:35,1081
DA:36,22
DA:39,7
DA:42,15
DA:45,1059
DA:46,19
DA:49,7
DA:52,12
DA:55,1040
DA:56,1017
DA:59,920
DA:62,97
DA:65,23
DA:66,14
DA:67,8
DA:70,6
LF:22
LH:22
BRDA:24,1,0,2
BRDA:24,1,1,16931
BRDA:24,2,0,16933
BRDA:24,2,1,16932
BRDA:27,3,0,1489
BRDA:27,3,1,15442
BRDA:27,4,0,16931
BRDA:27,4,1,1496
BRDA:29,5,0,408
BRDA:29,5,1,1081
BRDA:29,6,0,1489
BRDA:29,6,1,1386
BRDA:29,6,2,434
BRDA:35,7,0,22
BRDA:35,7,1,1059
BRDA:36,8,0,7
BRDA:36,8,1,15
BRDA:36,9,0,22
BRDA:36,9,1,14
BRDA:36,9,2,7
BRDA:45,10,0,19
BRDA:45,10,1,1040
BRDA:46,11,0,7
BRDA:46,11,1,12
BRDA:46,12,0,19
BRDA:46,12,1,9
BRDA:46,12,2,7
BRDA:55,13,0,1017
BRDA:55,13,1,23
BRDA:56,14,0,920
BRDA:56,14,1,97
BRDA:56,15,0,1017
BRDA:56,15,1,955
BRDA:56,15,2,953
BRDA:65,16,0,14
BRDA:65,16,1,9
BRDA:66,17,0,8
BRDA:66,17,1,6
BRDA:66,18,0,14
BRDA:66,18,1,11
BRF:40
BRH:40
end_of_record
TN:
SF:/Users/ross/Developer/workspace/stylus-lint/src/checks/nesting.js
FN:13,checkNesting
FN:25,(anonymous_2)
FNF:2
FNH:2
FNDA:16850,checkNesting
FNDA:52421,(anonymous_2)
DA:3,1
DA:13,1
DA:14,16850
DA:18,6
DA:21,16844
DA:25,16844
DA:26,52421
DA:30,16844
DA:31,16842
DA:32,17
DA:35,16825
DA:42,2
DA:43,7
DA:47,2
DA:48,0
DA:51,2
DA:52,2
DA:54,0
DA:55,0
LF:19
LH:16
BRDA:14,1,0,6
BRDA:14,1,1,16844
BRDA:14,2,0,16850
BRDA:14,2,1,16848
BRDA:14,2,2,16848
BRDA:14,2,3,16845
BRDA:30,3,0,16842
BRDA:30,3,1,2
BRDA:31,4,0,17
BRDA:31,4,1,16825
BRDA:47,5,0,0
BRDA:47,5,1,2
BRDA:51,6,0,2
BRDA:51,6,1,0
BRDA:54,7,0,0
BRDA:54,7,1,0
BRF:16
BRH:12
end_of_record
TN:
SF:/Users/ross/Developer/workspace/stylus-lint/src/checks/paren.js
FN:8,checkMixinStyle
FNF:1
FNH:1
FNDA:16841,checkMixinStyle
DA:3,1
DA:8,1
DA:9,16841
DA:12,16840
DA:13,856
DA:14,46
DA:17,810
LF:7
LH:7
BRDA:9,1,0,1
BRDA:9,1,1,16840
BRDA:12,2,0,856
BRDA:12,2,1,15984
BRDA:12,3,0,16840
BRDA:12,3,1,970
BRDA:13,4,0,46
BRDA:13,4,1,810
BRDA:13,5,0,856
BRDA:13,5,1,810
BRF:10
BRH:10
end_of_record
TN:
SF:/Users/ross/Developer/workspace/stylus-lint/src/checks/placeholder.js
FN:4,checkPlaceholderStyle
FNF:1
FNH:1
FNDA:16841,checkPlaceholderStyle
DA:4,1
DA:5,16841
DA:7,16840
DA:9,260
DA:10,3
DA:11,0
DA:14,3
DA:17,257
DA:18,257
DA:19,4
DA:22,253
LF:11
LH:10
BRDA:5,1,0,1
BRDA:5,1,1,16840
BRDA:7,2,0,260
BRDA:7,2,1,16580
BRDA:9,3,0,3
BRDA:9,3,1,257
BRDA:10,4,0,0
BRDA:10,4,1,3
BRDA:17,5,0,257
BRDA:17,5,1,0
BRDA:18,6,0,4
BRDA:18,6,1,253
BRF:12
BRH:10
end_of_record
TN:
SF:/Users/ross/Developer/workspace/stylus-lint/src/checks/quotes.js
FN:4,checkQuoteStyle
FNF:1
FNH:1
FNDA:16863,checkQuoteStyle
DA:4,1
DA:5,16863
DA:6,16840
DA:9,23
DA:12,23
DA:13,20
DA:15,10
DA:16,4
DA:19,6
DA:20,2
DA:23,2
DA:24,1
DA:28,1
DA:32,4
DA:35,10
DA:37,10
DA:38,4
DA:41,6
DA:42,2
DA:44,2
DA:45,1
DA:48,1
DA:52,4
LF:23
LH:23
BRDA:5,1,0,16840
BRDA:5,1,1,23
BRDA:5,2,0,16863
BRDA:5,2,1,16861
BRDA:12,3,0,20
BRDA:12,3,1,3
BRDA:12,4,0,23
BRDA:12,4,1,11
BRDA:13,5,0,10
BRDA:13,5,1,10
BRDA:15,6,0,4
BRDA:15,6,1,6
BRDA:19,7,0,2
BRDA:19,7,1,4
BRDA:23,8,0,1
BRDA:23,8,1,1
BRDA:35,9,0,10
BRDA:35,9,1,0
BRDA:37,10,0,4
BRDA:37,10,1,6
BRDA:41,11,0,2
BRDA:41,11,1,4
BRDA:44,12,0,1
BRDA:44,12,1,1
BRF:24
BRH:23
end_of_record
TN:
SF:/Users/ross/Developer/workspace/stylus-lint/src/checks/semicolon.js
FN:4,checkForSemicolons
FNF:1
FNH:1
FNDA:16840,checkForSemicolons
DA:4,1
DA:5,16840
DA:7,16839
DA:8,50
DA:11,16789
LF:5
LH:5
BRDA:5,1,0,1
BRDA:5,1,1,16839
BRDA:7,2,0,50
BRDA:7,2,1,16789
BRF:4
BRH:4
end_of_record
TN:
SF:/Users/ross/Developer/workspace/stylus-lint/src/checks/startsWithComment.js
FN:8,checkForStart
FNF:1
FNH:1
FNDA:19069,checkForStart
DA:3,1
DA:8,1
DA:9,19069
DA:11,19068
DA:13,2780
DA:14,2229
DA:17,551
LF:7
LH:7
BRDA:9,1,0,1
BRDA:9,1,1,19068
BRDA:11,2,0,2780
BRDA:11,2,1,16288
BRDA:13,3,0,2229
BRDA:13,3,1,551
BRF:6
BRH:6
end_of_record
TN:
SF:/Users/ross/Developer/workspace/stylus-lint/src/checks/universal.js
FN:10,checkForUniversal
FNF:1
FNH:1
FNDA:16844,checkForUniversal
DA:3,1
DA:10,1
DA:11,16844
DA:13,16843
DA:15,104
DA:16,91
DA:19,13
DA:23,16739
LF:8
LH:8
BRDA:11,1,0,1
BRDA:11,1,1,16843
BRDA:13,2,0,104
BRDA:13,2,1,16739
BRDA:13,3,0,16843
BRDA:13,3,1,108
BRDA:15,4,0,91
BRDA:15,4,1,13
BRF:8
BRH:8
end_of_record
TN:
SF:/Users/ross/Developer/workspace/stylus-lint/src/checks/valid.js
FN:14,checkForValidProperties
FN:26,(anonymous_2)
FN:41,(anonymous_3)
FN:65,(anonymous_4)
FNF:4
FNH:4
FNDA:16854,checkForValidProperties
FNDA:61502,(anonymous_2)
FNDA:1984020,(anonymous_3)
FNDA:1241166,(anonymous_4)
DA:4,1
DA:14,1
DA:15,16854
DA:17,3
DA:21,16851
DA:25,16851
DA:27,61502
DA:32,16851
DA:37,4614
DA:38,29
DA:41,4614
DA:42,1984020
DA:45,1984020
DA:46,3296
DA:47,3296
DA:50,1980724
DA:51,7922689
DA:52,113
DA:53,113
DA:57,1980611
DA:58,51495886
DA:59,0
DA:60,0
DA:65,4614
DA:66,1241166
DA:69,1241166
DA:70,1293
DA:71,1293
DA:74,1239873
DA:75,32236698
DA:76,0
DA:77,0
DA:83,4614
DA:84,6
DA:88,12237
DA:92,16851
DA:93,16757
DA:96,94
LF:38
LH:34
BRDA:15,1,0,3
BRDA:15,1,1,16851
BRDA:15,2,0,16854
BRDA:15,2,1,16852
BRDA:32,3,0,4614
BRDA:32,3,1,12237
BRDA:32,4,0,16851
BRDA:32,4,1,10911
BRDA:32,4,2,10911
BRDA:37,5,0,29
BRDA:37,5,1,4585
BRDA:45,6,0,3296
BRDA:45,6,1,1980724
BRDA:51,7,0,113
BRDA:51,7,1,7922576
BRDA:58,8,0,0
BRDA:58,8,1,51495886
BRDA:69,9,0,1293
BRDA:69,9,1,1239873
BRDA:75,10,0,0
BRDA:75,10,1,32236698
BRDA:83,11,0,6
BRDA:83,11,1,4608
BRDA:92,12,0,16757
BRDA:92,12,1,94
BRF:25
BRH:23
end_of_record
TN:
SF:/Users/ross/Developer/workspace/stylus-lint/src/checks/var.js
FN:9,checkVarStyle
FNF:1
FNH:1
FNDA:16848,checkVarStyle
DA:3,1
DA:9,1
DA:10,16848
DA:13,16847
DA:15,682
DA:21,625
DA:22,606
DA:25,19
LF:8
LH:8
BRDA:10,1,0,1
BRDA:10,1,1,16847
BRDA:13,2,0,682
BRDA:13,2,1,16165
BRDA:15,3,0,625
BRDA:15,3,1,57
BRDA:15,4,0,682
BRDA:15,4,1,652
BRDA:15,4,2,625
BRDA:21,5,0,606
BRDA:21,5,1,19
BRF:11
BRH:11
end_of_record
TN:
SF:/Users/ross/Developer/workspace/stylus-lint/src/checks/trailingWhitespace.js
FN:12,checkWhitespace
FNF:1
FNH:1
FNDA:16841,checkWhitespace
DA:3,1
DA:12,1
DA:13,16841
DA:16,16840
DA:17,3
DA:20,16837
LF:6
LH:6
BRDA:13,1,0,1
BRDA:13,1,1,16840
BRDA:16,2,0,3
BRDA:16,2,1,16837
BRDA:16,3,0,16840
BRDA:16,3,1,10543
BRF:6
BRH:6
end_of_record
TN:
SF:/Users/ross/Developer/workspace/stylus-lint/src/checks/zeroUnits.js
FN:4,checkForZeroUnits
FNF:1
FNH:1
FNDA:16854,checkForZeroUnits
DA:4,1
DA:5,16854
DA:8,16853
DA:23,18
DA:26,16835
LF:5
LH:5
BRDA:5,1,0,1
BRDA:5,1,1,16853
BRDA:8,2,0,18
BRDA:8,2,1,16835
BRDA:8,3,0,16853
BRDA:8,3,1,16849
BRDA:8,3,2,16848
BRDA:8,3,3,16847
BRDA:8,3,4,16846
BRDA:8,3,5,16845
BRDA:8,3,6,16844
BRDA:8,3,7,16843
BRDA:8,3,8,16842
BRDA:8,3,9,16841
BRDA:8,3,10,16840
BRDA:8,3,11,16839
BRDA:8,3,12,16838
BRDA:8,3,13,16837
BRDA:8,3,14,16836
BRF:19
BRH:19
end_of_record
TN:
SF:/Users/ross/Developer/workspace/stylus-lint/src/checks/zIndexDupe.js
FN:4,deDupeZIndex
FN:16,(anonymous_2)
FN:25,(anonymous_3)
FNF:3
FNH:3
FNDA:16841,deDupeZIndex
FNDA:190,(anonymous_2)
FNDA:1326,(anonymous_3)
DA:4,1
DA:5,16841
DA:7,16840
DA:13,16840
DA:14,52
DA:16,52
DA:17,190
DA:18,86
DA:21,104
DA:25,52
DA:26,1326
DA:27,83
DA:31,52
DA:34,16840
LF:14
LH:14
BRDA:5,1,0,1
BRDA:5,1,1,16840
BRDA:13,2,0,52
BRDA:13,2,1,16788
BRDA:17,3,0,86
BRDA:17,3,1,104
BRDA:26,4,0,83
BRDA:26,4,1,1243
BRDA:26,5,0,1326
BRDA:26,5,1,170
BRF:10
BRH:10
end_of_record
TN:
SF:/Users/ross/Developer/workspace/stylus-lint/src/checks/zIndexNormalize.js
FN:4,normalizeZIndex
FN:15,(anonymous_2)
FNF:2
FNH:2
FNDA:16841,normalizeZIndex
FNDA:190,(anonymous_2)
DA:4,1
DA:5,16841
DA:7,16840
DA:11,16840
DA:12,52
DA:14,52
DA:16,190
DA:20,52
DA:21,51
DA:24,1
LF:10
LH:10
BRDA:5,1,0,1
BRDA:5,1,1,16840
BRDA:11,2,0,52
BRDA:11,2,1,16788
BRDA:20,3,0,51
BRDA:20,3,1,1
BRF:6
BRH:6
end_of_record
